make --dry-run --always-make --keep-going --print-directory
make: Entering directory `/Users/melaniewilson/Faketorio'
g++ -g -Wall -Wextra -std=c++14 -MMD -MP -Wno-missing-field-initializers -Wno-unused-variable -Wno-unused-parameter -Wno-unused-private-field -I /usr/local/Cellar/sdl2/2.0.16/include -I /usr/local/Cellar/sdl2_image/2.0.5/include -c main.cpp -o main.o
 
g++ -g -Wall -Wextra -std=c++14 -MMD -MP -Wno-missing-field-initializers -Wno-unused-variable -Wno-unused-parameter -Wno-unused-private-field -I /usr/local/Cellar/sdl2/2.0.16/include -I /usr/local/Cellar/sdl2_image/2.0.5/include -c update.cpp -o update.o
 
g++ -g -Wall -Wextra -std=c++14 -MMD -MP -Wno-missing-field-initializers -Wno-unused-variable -Wno-unused-parameter -Wno-unused-private-field -I /usr/local/Cellar/sdl2/2.0.16/include -I /usr/local/Cellar/sdl2_image/2.0.5/include -c GameSave/main.cpp -o GameSave/main.o
g++ -g -Wall -Wextra -std=c++14 -MMD -MP -Wno-missing-field-initializers -Wno-unused-variable -Wno-unused-parameter -Wno-unused-private-field -I /usr/local/Cellar/sdl2/2.0.16/include -I /usr/local/Cellar/sdl2_image/2.0.5/include -c Entities/Methods.cpp -o Entities/Methods.o
g++ -g -Wall -Wextra -std=c++14 -MMD -MP -Wno-missing-field-initializers -Wno-unused-variable -Wno-unused-parameter -Wno-unused-private-field -I /usr/local/Cellar/sdl2/2.0.16/include -I /usr/local/Cellar/sdl2_image/2.0.5/include -c Chunks.cpp -o Chunks.o
g++ -g -Wall -Wextra -std=c++14 -MMD -MP -Wno-missing-field-initializers -Wno-unused-variable -Wno-unused-parameter -Wno-unused-private-field -I /usr/local/Cellar/sdl2/2.0.16/include -I /usr/local/Cellar/sdl2_image/2.0.5/include -c ECS/EntityType.cpp -o ECS/EntityType.o
g++ -g -Wall -Wextra -std=c++14 -MMD -MP -Wno-missing-field-initializers -Wno-unused-variable -Wno-unused-parameter -Wno-unused-private-field -I /usr/local/Cellar/sdl2/2.0.16/include -I /usr/local/Cellar/sdl2_image/2.0.5/include -c PlayerControls.cpp -o PlayerControls.o
g++ -g -Wall -Wextra -std=c++14 -MMD -MP -Wno-missing-field-initializers -Wno-unused-variable -Wno-unused-parameter -Wno-unused-private-field -I /usr/local/Cellar/sdl2/2.0.16/include -I /usr/local/Cellar/sdl2_image/2.0.5/include -c GUI.cpp -o GUI.o
g++ -g -Wall -Wextra -std=c++14 -MMD -MP -Wno-missing-field-initializers -Wno-unused-variable -Wno-unused-parameter -Wno-unused-private-field -I /usr/local/Cellar/sdl2/2.0.16/include -I /usr/local/Cellar/sdl2_image/2.0.5/include -c Items.cpp -o Items.o
g++ -g -Wall -Wextra -std=c++14 -MMD -MP -Wno-missing-field-initializers -Wno-unused-variable -Wno-unused-parameter -Wno-unused-private-field -I /usr/local/Cellar/sdl2/2.0.16/include -I /usr/local/Cellar/sdl2_image/2.0.5/include -c ECS/EntitySystemInterface.cpp -o ECS/EntitySystemInterface.o
g++ -g -Wall -Wextra -std=c++14 -MMD -MP -Wno-missing-field-initializers -Wno-unused-variable -Wno-unused-parameter -Wno-unused-private-field -I /usr/local/Cellar/sdl2/2.0.16/include -I /usr/local/Cellar/sdl2_image/2.0.5/include -c ECS/EntityManager.cpp -o ECS/EntityManager.o
g++ -g -Wall -Wextra -std=c++14 -MMD -MP -Wno-missing-field-initializers -Wno-unused-variable -Wno-unused-parameter -Wno-unused-private-field -I /usr/local/Cellar/sdl2/2.0.16/include -I /usr/local/Cellar/sdl2_image/2.0.5/include -c ECS/EntitySystem.cpp -o ECS/EntitySystem.o
g++ -g -Wall -Wextra -std=c++14 -MMD -MP -Wno-missing-field-initializers -Wno-unused-variable -Wno-unused-parameter -Wno-unused-private-field -I /usr/local/Cellar/sdl2/2.0.16/include -I /usr/local/Cellar/sdl2_image/2.0.5/include -c ECS/ECS.cpp -o ECS/ECS.o
g++ -g -Wall -Wextra -std=c++14 -MMD -MP -Wno-missing-field-initializers -Wno-unused-variable -Wno-unused-parameter -Wno-unused-private-field -I /usr/local/Cellar/sdl2/2.0.16/include -I /usr/local/Cellar/sdl2_image/2.0.5/include -c Entities/Entities.cpp -o Entities/Entities.o
g++ -g -Wall -Wextra -std=c++14 -MMD -MP -Wno-missing-field-initializers -Wno-unused-variable -Wno-unused-parameter -Wno-unused-private-field -I /usr/local/Cellar/sdl2/2.0.16/include -I /usr/local/Cellar/sdl2_image/2.0.5/include -c ECS/Entity.cpp -o ECS/Entity.o
g++ -g -Wall -Wextra -std=c++14 -MMD -MP -Wno-missing-field-initializers -Wno-unused-variable -Wno-unused-parameter -Wno-unused-private-field -I /usr/local/Cellar/sdl2/2.0.16/include -I /usr/local/Cellar/sdl2_image/2.0.5/include -c EntityComponents/Components.cpp -o EntityComponents/Components.o
g++ -g -Wall -Wextra -std=c++14 -MMD -MP -Wno-missing-field-initializers -Wno-unused-variable -Wno-unused-parameter -Wno-unused-private-field -I /usr/local/Cellar/sdl2/2.0.16/include -I /usr/local/Cellar/sdl2_image/2.0.5/include -c Textures.cpp -o Textures.o
g++ -g -Wall -Wextra -std=c++14 -MMD -MP -Wno-missing-field-initializers -Wno-unused-variable -Wno-unused-parameter -Wno-unused-private-field -I /usr/local/Cellar/sdl2/2.0.16/include -I /usr/local/Cellar/sdl2_image/2.0.5/include -c Tiles.cpp -o Tiles.o
g++ -g -Wall -Wextra -std=c++14 -MMD -MP -Wno-missing-field-initializers -Wno-unused-variable -Wno-unused-parameter -Wno-unused-private-field -I /usr/local/Cellar/sdl2/2.0.16/include -I /usr/local/Cellar/sdl2_image/2.0.5/include -c GameViewport.cpp -o GameViewport.o
g++ -g -Wall -Wextra -std=c++14 -MMD -MP -Wno-missing-field-initializers -Wno-unused-variable -Wno-unused-parameter -Wno-unused-private-field -I /usr/local/Cellar/sdl2/2.0.16/include -I /usr/local/Cellar/sdl2_image/2.0.5/include -c Log.cpp -o Log.o
g++ -g -Wall -Wextra -std=c++14 -MMD -MP -Wno-missing-field-initializers -Wno-unused-variable -Wno-unused-parameter -Wno-unused-private-field -I /usr/local/Cellar/sdl2/2.0.16/include -I /usr/local/Cellar/sdl2_image/2.0.5/include -c Debug.cpp -o Debug.o
g++ -g -Wall -Wextra -std=c++14 -MMD -MP -Wno-missing-field-initializers -Wno-unused-variable -Wno-unused-parameter -Wno-unused-private-field -I /usr/local/Cellar/sdl2/2.0.16/include -I /usr/local/Cellar/sdl2_image/2.0.5/include -c Metadata.cpp -o Metadata.o
g++ -g -Wall -Wextra -std=c++14 -MMD -MP -Wno-missing-field-initializers -Wno-unused-variable -Wno-unused-parameter -Wno-unused-private-field -I /usr/local/Cellar/sdl2/2.0.16/include -I /usr/local/Cellar/sdl2_image/2.0.5/include -c GameState.cpp -o GameState.o
g++ -g -Wall -Wextra -std=c++14 -MMD -MP -Wno-missing-field-initializers -Wno-unused-variable -Wno-unused-parameter -Wno-unused-private-field -I /usr/local/Cellar/sdl2/2.0.16/include -I /usr/local/Cellar/sdl2_image/2.0.5/include -c Rendering/Drawing.cpp -o Rendering/Drawing.o
g++ -g -Wall -Wextra -std=c++14 -MMD -MP -Wno-missing-field-initializers -Wno-unused-variable -Wno-unused-parameter -Wno-unused-private-field -I /usr/local/Cellar/sdl2/2.0.16/include -I /usr/local/Cellar/sdl2_image/2.0.5/include SDL2_gfx/SDL2_gfx.a SDL_FontCache/SDL_FontCache.o NC/utils.o NC/vectors.o NC/SDLContext.o main.o update.o GameSave/main.o Entities/Methods.o Chunks.o ECS/EntityType.o PlayerControls.o GUI.o Items.o ECS/EntitySystemInterface.o ECS/EntityManager.o ECS/EntitySystem.o ECS/ECS.o Entities/Entities.o ECS/Entity.o EntityComponents/Components.o Textures.o Tiles.o GameViewport.o Log.o Debug.o Metadata.o GameState.o Rendering/Drawing.o -o exe -L /usr/local/Cellar/sdl2_image/2.0.5/lib -lSDL2 -lSDL2_image -lSDL2_ttf
make: Leaving directory `/Users/melaniewilson/Faketorio'
 
