make all --print-data-base --no-builtin-variables --no-builtin-rules --question
# GNU Make 3.81
# Copyright (C) 2006  Free Software Foundation, Inc.
# This is free software; see the source for copying conditions.
# There is NO warranty; not even for MERCHANTABILITY or FITNESS FOR A
# PARTICULAR PURPOSE.

# This program built for i386-apple-darwin11.3.0
 

# Make data base, printed on Wed Jun 15 00:14:13 2022

# Variables

# automatic
<D = $(patsubst %/,%,$(dir $<))
# automatic
?F = $(notdir $?)
# environment
VSCODE_LOG_NATIVE = false
# automatic
 
?D = $(patsubst %/,%,$(dir $?))
# makefile (from `Makefile', line 11)
INCLUDES = -I /usr/local/Cellar/sdl2/2.0.16/include -I /usr/local/Cellar/sdl2_image/2.0.5/include
# automatic
@D = $(patsubst %/,%,$(dir $@))
# automatic
@F = $(notdir $@)
# makefile
CURDIR := /Users/melaniewilson/Faketorio
# makefile
SHELL = /bin/sh
# environment
VSCODE_NLS_CONFIG = {"locale":"en-us","availableLanguages":{},"_languagePackSupport":true}
# environment
_ = /usr/bin/make
# makefile (from `GameState.d', line 1)
MAKEFILE_LIST :=  Makefile update.d Chunks.d ECS/EntityType.d PlayerControls.d GUI.d Items.d ECS/EntitySystemInterface.d ECS/EntityManager.d ECS/EntitySystem.d ECS/ECS.d Entities/Entities.d ECS/Entity.d EntityComponents/Components.d Textures.d Tiles.d GameViewport.d Log.d Debug.d Metadata.d GameState.d
# makefile (from `Makefile', line 9)
EMSC_LIBS = SDL2_gfx/SDL2_gfx.emsc.a SDL_FontCache/SDL_FontCache.emsc.o
# makefile (from `Makefile', line 17)
ARGS = 
# makefile (from `Makefile', line 4)
CXXFLAGS := -g -Wall -Wextra -std=c++14 -MMD -MP -Wno-missing-field-initializers -Wno-unused-variable -Wno-unused-parameter -Wno-unused-private-field
# makefile (from `Makefile', line 29)
EMSC_OBJ_FILES = $(FILES:=.emsc.o)
# environment
VSCODE_VERBOSE_LOGGING = true
# environment
__CFBundleIdentifier = com.microsoft.VSCode
# environment
VSCODE_IPC_HOOK_EXTHOST = /var/folders/8g/jr6txvqx071cqhjlspzc8jdr0000gn/T/vscode-ipc-5fe69328-736d-47c8-a610-6cf73b134126.sock
# makefile (from `Makefile', line 31)
APP := exe
# environment
VSCODE_CWD = /
# makefile (from `Makefile', line 26)
OBJ_FILES = $(FILES:=.o)
# environment
PATH = /Users/melaniewilson/emsdk:/Users/melaniewilson/emsdk/upstream/emscripten:/Users/melaniewilson/emsdk/node/14.18.2_64bit/bin:/Library/Frameworks/Python.framework/Versions/3.9/bin:/usr/local/bin:/usr/bin:/bin:/usr/sbin:/sbin:/usr/local/share/dotnet:~/.dotnet/tools:/Library/Apple/usr/bin:/Library/Frameworks/Mono.framework/Versions/Current/Commands:/Users/melaniewilson/.spicetify:/Users/melaniewilson/.dotnet/tools
# environment
LSCOLORS = Gxfxcxdxbxegedabagacad
# environment
EMSDK_NODE = /Users/melaniewilson/emsdk/node/14.18.2_64bit/bin/node
# environment
VSCODE_LOG_STACK = false
# environment
ELECTRON_RUN_AS_NODE = 1
# default
.FEATURES := target-specific order-only second-expansion else-if archives jobserver check-symlink
# environment
SSH_AUTH_SOCK = /private/tmp/com.apple.launchd.kXrL1NmNaJ/Listeners
# automatic
%F = $(notdir $%)
# makefile (from `Makefile', line 19)
MAINFILE := main.cpp
# environment
VSCODE_PIPE_LOGGING = true
# environment
PWD = /Users/melaniewilson/Faketorio
# environment
ORIGINAL_XDG_CURRENT_DESKTOP = undefined
# environment
EMSDK_PYTHON = /Users/melaniewilson/emsdk/python/3.9.2-1_64bit/bin/python3
# environment
VSCODE_AMD_ENTRYPOINT = vs/workbench/api/node/extensionHostProcess
# environment
HOME = /Users/melaniewilson
# default
MAKEFILEPATH := /Applications/Xcode.app/Contents/Developer/Makefiles
# environment
VSCODE_CODE_CACHE_PATH = /Users/melaniewilson/Library/Application Support/Code/CachedData/c3511e6c69bb39013c4a4b7b9566ec1ca73fc4d5
# environment
LOGNAME = melaniewilson
# environment
APPLICATION_INSIGHTS_NO_DIAGNOSTIC_CHANNEL = 1
# environment
ZSH = /Users/melaniewilson/.oh-my-zsh
# environment
VSCODE_HANDLES_UNCAUGHT_ERRORS = true
# automatic
^D = $(patsubst %/,%,$(dir $^))
# environment
XPC_FLAGS = 0x0
# default
MAKE = $(MAKE_COMMAND)
# default
MAKECMDGOALS := all
# environment
SHLVL = 1
# default
MAKE_VERSION := 3.81
# environment
USER = melaniewilson
# makefile
.DEFAULT_GOAL := all
# environment
LESS = -R
# automatic
%D = $(patsubst %/,%,$(dir $%))
# makefile (from `Makefile', line 14)
LINKS := -L /usr/local/Cellar/sdl2_image/2.0.5/lib
# default
MAKE_COMMAND := /Applications/Xcode.app/Contents/Developer/usr/bin/make
# default
.VARIABLES := 
# environment
TMPDIR = /var/folders/8g/jr6txvqx071cqhjlspzc8jdr0000gn/T/
# automatic
*F = $(notdir $*)
# environment
VSCODE_IPC_HOOK = /Users/melaniewilson/Library/Application Support/Code/1.67.2-main.sock
# makefile (from `Makefile', line 2)
EXT := cpp
# makefile
MAKEFLAGS = Rrqp
# environment
MFLAGS = -Rrqp
# automatic
*D = $(patsubst %/,%,$(dir $*))
# environment
XPC_SERVICE_NAME = application.com.microsoft.VSCode.27335948.27335954
# automatic
+D = $(patsubst %/,%,$(dir $+))
# automatic
+F = $(notdir $+)
# environment
__CF_USER_TEXT_ENCODING = 0x1F5:0x0:0x0
# environment
COMMAND_MODE = unix2003
# default
MAKEFILES := 
# environment
EM_CONFIG = /Users/melaniewilson/emsdk/.emscripten
# automatic
<F = $(notdir $<)
# makefile (from `Makefile', line 1)
CXX := g++
# makefile (from `Makefile', line 27)
DEPEND_FILES = $(FILES:=.d)
# makefile (from `Makefile', line 15)
LINK_FLAGS := -lSDL2 -lSDL2_image -lSDL2_ttf
# environment
PAGER = less
# environment
LC_ALL = C
# makefile (from `Makefile', line 7)
LIBS = SDL2_gfx/SDL2_gfx.a SDL_FontCache/SDL_FontCache.o NC/utils.o NC/vectors.o NC/SDLContext.o
# automatic
^F = $(notdir $^)
# makefile (from `Makefile', line 25)
SRC_FILES = $(FILES:=.$(EXT))
# default
SUFFIXES := 
# default
.INCLUDE_DIRS = /usr/local/include
# environment
MAKELEVEL := 0
# environment
LANG = C
# environment
EMSDK = /Users/melaniewilson/emsdk
# environment
VSCODE_PID = 2469
# makefile (from `Makefile', line 21)
FILES = main update Chunks ECS/EntityType PlayerControls GUI Items ECS/EntitySystemInterface ECS/EntityManager ECS/EntitySystem ECS/ECS Entities/Entities ECS/Entity EntityComponents/Components Textures Tiles GameViewport Log Debug Metadata GameState Rendering/Drawing
# variable set hash-table stats:
 
# Load=86/1024=8%, Rehash=0, Collisions=3/159=2%

# Pattern-specific Variable Values

# No pattern-specific variable values.

# Directories

# . (device 16777225, inode 25740264): 88 files, no impossibilities.

# 88 files, no impossibilities in 1 directories.

# Implicit Rules

%.o: %.cpp Makefile
#  commands to execute (from `Makefile', line 58):
	$(CXX) $(CXXFLAGS) $(INCLUDES) -c $< -o $@
	

# 1 implicit rules, 0 (0.0%) terminal.

# Files

ECS/../Items.hpp:
#  Implicit rule search has not been done.
#  Modification time never checked.
#  File has not been updated.

# Not a target:
Entities/Entities.cpp:
#  Implicit rule search has not been done.
#  Modification time never checked.
#  File has not been updated.

Textures.hpp:
#  Implicit rule search has not been done.
#  Modification time never checked.
#  File has not been updated.

EntitySystems/../ECS/EntitySystem.hpp:
#  Implicit rule search has not been done.
#  Modification time never checked.
#  File has not been updated.

# Not a target:
update.d:
#  A default, MAKEFILES, or -include/sinclude makefile.
#  Implicit rule search has been done.
#  Last modified 2022-06-15 00:10:45
#  File has been updated.
#  Successfully updated.
# variable set hash-table stats:
# Load=0/32=0%, Rehash=0, Collisions=0/0=0%

/usr/local/include/SDL2/SDL_stdinc.h:
#  Implicit rule search has not been done.
#  Modification time never checked.
#  File has not been updated.

/usr/local/include/SDL2/SDL_gamecontroller.h:
#  Implicit rule search has not been done.
#  Modification time never checked.
#  File has not been updated.

update.hpp:
#  Implicit rule search has not been done.
#  Modification time never checked.
#  File has not been updated.

# Not a target:
Debug.d:
#  A default, MAKEFILES, or -include/sinclude makefile.
#  Implicit rule search has been done.
#  Last modified 2022-06-14 23:28:49
#  File has been updated.
#  Successfully updated.
# variable set hash-table stats:
# Load=0/32=0%, Rehash=0, Collisions=0/0=0%

/usr/local/include/SDL2/SDL_misc.h:
#  Implicit rule search has not been done.
#  Modification time never checked.
#  File has not been updated.

Debug.hpp:
#  Implicit rule search has not been done.
#  Modification time never checked.
#  File has not been updated.

EntityComponents/../ECS/../Chunks.hpp:
#  Implicit rule search has not been done.
#  Modification time never checked.
#  File has not been updated.

Rendering/../Metadata.hpp:
#  Implicit rule search has not been done.
#  Modification time never checked.
#  File has not been updated.

# Not a target:
Textures.d:
#  A default, MAKEFILES, or -include/sinclude makefile.
#  Implicit rule search has been done.
#  Last modified 2022-06-14 23:28:47
#  File has been updated.
#  Successfully updated.
# variable set hash-table stats:
# Load=0/32=0%, Rehash=0, Collisions=0/0=0%

SDL2_gfx/SDL2_imageFilter.h:
#  Implicit rule search has not been done.
#  Modification time never checked.
#  File has not been updated.

SDL2_gfx/SDL2_gfxPrimitives_font.h:
#  Implicit rule search has not been done.
#  Modification time never checked.
#  File has not been updated.

/usr/local/include/SDL2/SDL_error.h:
#  Implicit rule search has not been done.
#  Modification time never checked.
#  File has not been updated.

Entities/../EntityComponents/../ECS/EntityType.hpp:
#  Implicit rule search has not been done.
#  Modification time never checked.
#  File has not been updated.

Entities/../ECS/../constants.hpp:
#  Implicit rule search has not been done.
#  Modification time never checked.
#  File has not been updated.

EntitySystems/../constants.hpp:
#  Implicit rule search has not been done.
#  Modification time never checked.
#  File has not been updated.

SDL2_gfx/SDL2_rotozoom.h:
#  Implicit rule search has not been done.
#  Modification time never checked.
#  File has not been updated.

/usr/local/include/SDL2/SDL_rect.h:
#  Implicit rule search has not been done.
#  Modification time never checked.
#  File has not been updated.

SDL2_gfx/SDL2_gfx.h:
#  Implicit rule search has not been done.
#  Modification time never checked.
#  File has not been updated.

ECS/../Chunks.hpp:
#  Implicit rule search has not been done.
#  Modification time never checked.
#  File has not been updated.

/usr/local/include/SDL2/SDL_timer.h:
#  Implicit rule search has not been done.
#  Modification time never checked.
#  File has not been updated.

/usr/local/include/SDL2/SDL_shape.h:
#  Implicit rule search has not been done.
#  Modification time never checked.
#  File has not been updated.

exe: main.o update.o Chunks.o ECS/EntityType.o PlayerControls.o GUI.o Items.o ECS/EntitySystemInterface.o ECS/EntityManager.o ECS/EntitySystem.o ECS/ECS.o Entities/Entities.o ECS/Entity.o EntityComponents/Components.o Textures.o Tiles.o GameViewport.o Log.o Debug.o Metadata.o GameState.o Rendering/Drawing.o
#  Implicit rule search has not been done.
#  Last modified 2022-06-15 00:10:47
#  File has been updated.
#  Needs to be updated (-q is set).
# variable set hash-table stats:
# Load=0/32=0%, Rehash=0, Collisions=0/5=0%
#  commands to execute (from `Makefile', line 42):
	$(CXX) $(CXXFLAGS) $(INCLUDES) $(LIBS) $^ -o $@ $(LINKS) $(LINK_FLAGS)
	

EntityComponents/../Items.hpp:
#  Implicit rule search has not been done.
#  Modification time never checked.
#  File has not been updated.

ECS/EntityManager.o: ECS/EntityManager.cpp ECS/EntityManager.hpp ECS/../constants.hpp /usr/local/include/SDL2/SDL_log.h /usr/local/include/SDL2/SDL_stdinc.h /usr/local/include/SDL2/SDL_config.h /usr/local/include/SDL2/SDL_platform.h /usr/local/include/SDL2/begin_code.h /usr/local/include/SDL2/close_code.h /usr/local/include/SDL2/SDL_rect.h /usr/local/include/SDL2/SDL_error.h /usr/local/include/SDL2/SDL_pixels.h /usr/local/include/SDL2/SDL_endian.h /usr/local/include/SDL2/SDL_rwops.h ECS/../NC/cpp-vectors.hpp ECS/../NC/vectors.h ECS/../Log.hpp ECS/Entity.hpp ECS/Component.hpp ECS/../ComponentMetadata/macro.hpp ECS/../ComponentMetadata/getID.hpp ECS/ComponentPool.hpp ECS/../ComponentMetadata/component.hpp ECS/../ComponentMetadata/componentDecl.hpp ECS/../ComponentMetadata/_componentIDs.hpp
#  Implicit rule search has not been done.
#  Modification time never checked.
#  File has not been updated.

all: exe
#  Command-line target.
#  Implicit rule search has been done.
#  File does not exist.
#  File has been updated.
#  Needs to be updated (-q is set).
# variable set hash-table stats:
# Load=0/32=0%, Rehash=0, Collisions=0/5=0%

GameState.o: GameState.cpp GameState.hpp /usr/local/include/SDL2/SDL.h /usr/local/include/SDL2/SDL_main.h /usr/local/include/SDL2/SDL_stdinc.h /usr/local/include/SDL2/SDL_config.h /usr/local/include/SDL2/SDL_platform.h /usr/local/include/SDL2/begin_code.h /usr/local/include/SDL2/close_code.h /usr/local/include/SDL2/SDL_assert.h /usr/local/include/SDL2/SDL_atomic.h /usr/local/include/SDL2/SDL_audio.h /usr/local/include/SDL2/SDL_error.h /usr/local/include/SDL2/SDL_endian.h /usr/local/include/SDL2/SDL_mutex.h /usr/local/include/SDL2/SDL_thread.h /usr/local/include/SDL2/SDL_rwops.h /usr/local/include/SDL2/SDL_clipboard.h /usr/local/include/SDL2/SDL_cpuinfo.h /usr/local/include/SDL2/SDL_events.h /usr/local/include/SDL2/SDL_video.h /usr/local/include/SDL2/SDL_pixels.h /usr/local/include/SDL2/SDL_rect.h /usr/local/include/SDL2/SDL_surface.h /usr/local/include/SDL2/SDL_blendmode.h /usr/local/include/SDL2/SDL_keyboard.h /usr/local/include/SDL2/SDL_keycode.h /usr/local/include/SDL2/SDL_scancode.h /usr/local/include/SDL 
2/SDL_mouse.h /usr/local/include/SDL2/SDL_joystick.h /usr/local/include/SDL2/SDL_gamecontroller.h /usr/local/include/SDL2/SDL_sensor.h /usr/local/include/SDL2/SDL_quit.h /usr/local/include/SDL2/SDL_gesture.h /usr/local/include/SDL2/SDL_touch.h /usr/local/include/SDL2/SDL_filesystem.h /usr/local/include/SDL2/SDL_haptic.h /usr/local/include/SDL2/SDL_hidapi.h /usr/local/include/SDL2/SDL_hints.h /usr/local/include/SDL2/SDL_loadso.h /usr/local/include/SDL2/SDL_log.h /usr/local/include/SDL2/SDL_messagebox.h /usr/local/include/SDL2/SDL_metal.h /usr/local/include/SDL2/SDL_power.h /usr/local/include/SDL2/SDL_render.h /usr/local/include/SDL2/SDL_shape.h /usr/local/include/SDL2/SDL_system.h /usr/local/include/SDL2/SDL_timer.h /usr/local/include/SDL2/SDL_version.h /usr/local/include/SDL2/SDL_locale.h /usr/local/include/SDL2/SDL_misc.h constants.hpp Textures.hpp /usr/local/Cellar/sdl2_image/2.0.5/include/SDL2/SDL_image.h SDL_FontCache/SDL_FontCache.h /usr/local/include/SDL2/SDL_ttf.h NC/cpp-vectors.hpp NC/vectors.h NC/utils.h Tiles.hpp NC/colors.h Items.hpp Log.hpp ECS/Entity.hpp ECS/Component.hpp ECS/../ComponentMetadata/macro.hpp ECS/../ComponentMetadata/getID.hpp ECS/../Log.hpp ECS/../constants.hpp Chunks.hpp Player.hpp Entities/Entities.hpp Entities/../ECS/ECS.hpp ECS/../NC/cpp-vectors.hpp ECS/../Textures.hpp ECS/SystemsConstants.hpp ECS/EntityManager.hpp ECS/ComponentPool.hpp ECS/../ComponentMetadata/component.hpp ECS/../ComponentMetadata/componentDecl.hpp ECS/../ComponentMetadata/_componentIDs.hpp ECS/EntitySystemInterface.hpp ECS/../Chunks.hpp Entities/../EntityComponents/Components.hpp Entities/../EntityComponents/../NC/cpp-vectors.hpp Entities/../EntityComponents/../Items.hpp Entities/../EntityComponents/../ECS/EntityType.hpp ECS/ECS.hpp Entities/../ECS/EntityType.hpp Entities/../Textures.hpp GameViewport.hpp SDL2_gfx/SDL2_gfx.h SDL2_gfx/SDL2_gfxPrimitives.h SDL2_gfx/SDL2_imageFilter.h SDL2_gfx/SDL2_rotozoom.h SDL2_gfx/SDL2_framerate.h SDL2_gfx/SDL2_gfxPrimitives_font.h EntitySystems/Rendering.hpp EntitySystems/../ECS/EntitySystem.hpp ECS/EntityType.hpp EntitySystems/../ECS/ECS.hpp EntitySystems/../GameViewport.hpp EntitySystems/../Log.hpp EntitySystems/../Rendering/Drawing.hpp EntitySystems/../Rendering/../GameState.hpp EntitySystems/../Rendering/../GameViewport.hpp EntitySystems/../Debug.hpp EntitySystems/Systems.hpp EntitySystems/../ECS/EntityType.hpp EntitySystems/../constants.hpp
#  Implicit rule search has not been done.
#  Modification time never checked.
#  File has not been updated.

/usr/local/include/SDL2/begin_code.h:
#  Implicit rule search has not been done.
#  Modification time never checked.
#  File has not been updated.

EntityComponents/../ECS/../NC/cpp-vectors.hpp:
#  Implicit rule search has not been done.
#  Modification time never checked.
#  File has not been updated.

Entities/../ECS/EntityType.hpp:
#  Implicit rule search has not been done.
#  Modification time never checked.
#  File has not been updated.

Entities/../ECS/../NC/cpp-vectors.hpp:
#  Implicit rule search has not been done.
#  Modification time never checked.
#  File has not been updated.

/usr/local/include/SDL2/SDL_blendmode.h:
#  Implicit rule search has not been done.
#  Modification time never checked.
#  File has not been updated.

Entities/../ECS/../ECS/Entity.hpp:
#  Implicit rule search has not been done.
#  Modification time never checked.
#  File has not been updated.

Rendering/../Debug.hpp:
#  Implicit rule search has not been done.
#  Modification time never checked.
#  File has not been updated.

ECS/EntitySystem.o: ECS/EntitySystem.cpp ECS/EntitySystem.hpp ECS/Entity.hpp ECS/Component.hpp ECS/../ComponentMetadata/macro.hpp ECS/../ComponentMetadata/getID.hpp ECS/../Log.hpp /usr/local/include/SDL2/SDL_log.h /usr/local/include/SDL2/SDL_stdinc.h /usr/local/include/SDL2/SDL_config.h /usr/local/include/SDL2/SDL_platform.h /usr/local/include/SDL2/begin_code.h /usr/local/include/SDL2/close_code.h ECS/../constants.hpp /usr/local/include/SDL2/SDL_rect.h /usr/local/include/SDL2/SDL_error.h /usr/local/include/SDL2/SDL_pixels.h /usr/local/include/SDL2/SDL_endian.h /usr/local/include/SDL2/SDL_rwops.h ECS/EntityManager.hpp ECS/../NC/cpp-vectors.hpp ECS/../NC/vectors.h ECS/ComponentPool.hpp ECS/../ComponentMetadata/component.hpp ECS/../ComponentMetadata/componentDecl.hpp ECS/../ComponentMetadata/_componentIDs.hpp ECS/EntityType.hpp ECS/ECS.hpp /usr/local/include/SDL2/SDL.h /usr/local/include/SDL2/SDL_main.h /usr/local/include/SDL2/SDL_assert.h /usr/local/include/SDL2/SDL_atomic.h /usr/local/include/SDL2/SDL_audio.h /usr/local/include/SDL2/SDL_mutex.h /usr/local/include/SDL2/SDL_thread.h /usr/local/include/SDL2/SDL_clipboard.h /usr/local/include/SDL2/SDL_cpuinfo.h /usr/local/include/SDL2/SDL_events.h /usr/local/include/SDL2/SDL_video.h /usr/local/include/SDL2/SDL_surface.h /usr/local/include/SDL2/SDL_blendmode.h /usr/local/include/SDL2/SDL_keyboard.h /usr/local/include/SDL2/SDL_keycode.h /usr/local/include/SDL2/SDL_scancode.h /usr/local/include/SDL2/SDL_mouse.h /usr/local/include/SDL2/SDL_joystick.h /usr/local/include/SDL2/SDL_gamecontroller.h /usr/local/include/SDL2/SDL_sensor.h /usr/local/include/SDL2/SDL_quit.h /usr/local/include/SDL2/SDL_gesture.h /usr/local/include/SDL2/SDL_touch.h /usr/local/include/SDL2/SDL_filesystem.h /usr/local/include/SDL2/SDL_haptic.h /usr/local/include/SDL2/SDL_hidapi.h /usr/local/include/SDL2/SDL_hints.h /usr/local/include/SDL2/SDL_loadso.h /usr/local/include/SDL2/SDL_messagebox.h /usr/local/include/SDL2/SDL_metal.h /usr/local/include/SDL2/SDL_power.h /usr/local/include/SDL2/SDL_render.h /usr/local/include/SDL2/SDL_shape.h /usr/local/include/SDL2/SDL_system.h /usr/local/include/SDL2/SDL_timer.h /usr/local/include/SDL2/SDL_version.h /usr/local/include/SDL2/SDL_locale.h /usr/local/include/SDL2/SDL_misc.h ECS/../Textures.hpp /usr/local/Cellar/sdl2_image/2.0.5/include/SDL2/SDL_image.h ECS/../SDL_FontCache/SDL_FontCache.h /usr/local/include/SDL2/SDL_ttf.h ECS/SystemsConstants.hpp ECS/EntitySystemInterface.hpp ECS/../Chunks.hpp ECS/../Tiles.hpp ECS/../NC/colors.h ECS/../Items.hpp ECS/../ECS/Entity.hpp
#  Implicit rule search has not been done.
#  Modification time never checked.
#  File has not been updated.

Entities/Entities.hpp:
#  Implicit rule search has not been done.
#  Modification time never checked.
#  File has not been updated.

EntityComponents/../ECS/EntityType.hpp:
#  Implicit rule search has not been done.
#  Modification time never checked.
#  File has not been updated.

NC/cpp-vectors.hpp:
#  Implicit rule search has not been done.
#  Modification time never checked.
#  File has not been updated.

Entities/../Textures.hpp:
#  Implicit rule search has not been done.
#  Modification time never checked.
#  File has not been updated.

EntityComponents/../Log.hpp:
#  Implicit rule search has not been done.
#  Modification time never checked.
#  File has not been updated.

Entities/../ECS/../Log.hpp:
#  Implicit rule search has not been done.
#  Modification time never checked.
#  File has not been updated.

EntitySystems/../Rendering/Drawing.hpp:
#  Implicit rule search has not been done.
#  Modification time never checked.
#  File has not been updated.

/usr/local/include/SDL2/SDL_hints.h:
#  Implicit rule search has not been done.
#  Modification time never checked.
#  File has not been updated.

EntityComponents/../Tiles.hpp:
#  Implicit rule search has not been done.
#  Modification time never checked.
#  File has not been updated.

Rendering/../EntitySystems/../Rendering/Drawing.hpp:
#  Implicit rule search has not been done.
#  Modification time never checked.
#  File has not been updated.

PlayerControls.hpp:
#  Implicit rule search has not been done.
#  Modification time never checked.
#  File has not been updated.

 
GameViewport.o: GameViewport.cpp GameViewport.hpp NC/cpp-vectors.hpp NC/vectors.h constants.hpp /usr/local/include/SDL2/SDL_log.h /usr/local/include/SDL2/SDL_stdinc.h /usr/local/include/SDL2/SDL_config.h /usr/local/include/SDL2/SDL_platform.h /usr/local/include/SDL2/begin_code.h /usr/local/include/SDL2/close_code.h /usr/local/include/SDL2/SDL_rect.h /usr/local/include/SDL2/SDL_error.h /usr/local/include/SDL2/SDL_pixels.h /usr/local/include/SDL2/SDL_endian.h /usr/local/include/SDL2/SDL_rwops.h
#  Implicit rule search has not been done.
#  Modification time never checked.
#  File has not been updated.

web:
#  Implicit rule search has not been done.
#  Modification time never checked.
#  File has not been updated.
#  commands to execute (from `Makefile', line 75):
	em++ -DBUILD_EMSCRIPTEN main.cpp $(EMSC_OBJ_FILES)  \
	-o build/game.html \
	$(INCLUDES) \
	-I /usr/local/Cellar/emscripten/include \
	-s LLD_REPORT_UNDEFINED $(LINK_FLAGS) \
	--preload-file assets \
	-Wall -g -lm -s \
	USE_SDL=2 -s USE_SDL_IMAGE=2 -s USE_SDL_TTF=2 -s SDL2_IMAGE_FORMATS='["jpg","png"]' \
	--use-preload-plugins
	

EntityComponents/../Textures.hpp:
#  Implicit rule search has not been done.
#  Modification time never checked.
#  File has not been updated.

# Not a target:
ECS/EntityType.d:
#  A default, MAKEFILES, or -include/sinclude makefile.
#  Implicit rule search has been done.
#  Last modified 2022-06-15 00:01:03
#  File has been updated.
#  Successfully updated.
# variable set hash-table stats:
# Load=0/32=0%, Rehash=0, Collisions=0/0=0%

/usr/local/include/SDL2/SDL_version.h:
#  Implicit rule search has not been done.
#  Modification time never checked.
#  File has not been updated.

main.o: main.cpp Makefile
#  Implicit rule search has been done.
#  Implicit/static pattern stem: `main'
#  File does not exist.
#  File has been updated.
#  Needs to be updated (-q is set).
# automatic
# @ := main.o
# automatic
# % := 
# automatic
# * := main
# automatic
# + := main.cpp Makefile
# automatic
# | := 
# automatic
# < := main.cpp
# automatic
# ^ := main.cpp Makefile
# automatic
# ? := main.cpp Makefile
# variable set hash-table stats:
# Load=8/32=25%, Rehash=0, Collisions=1/15=7%
#  commands to execute (from `Makefile', line 58):
	$(CXX) $(CXXFLAGS) $(INCLUDES) -c $< -o $@
	

ECS/EntityType.hpp:
#  Implicit rule search has not been done.
#  Modification time never checked.
#  File has not been updated.

/usr/local/Cellar/sdl2_image/2.0.5/include/SDL2/SDL_image.h:
#  Implicit rule search has not been done.
#  Modification time never checked.
#  File has not been updated.

ECS/../NC/cpp-vectors.hpp:
#  Implicit rule search has not been done.
#  Modification time never checked.
#  File has not been updated.

NC/polygons.h:
#  Implicit rule search has not been done.
#  Modification time never checked.
#  File has not been updated.

/usr/local/include/SDL2/SDL_locale.h:
#  Implicit rule search has not been done.
#  Modification time never checked.
#  File has not been updated.

Rendering/../GameState.hpp:
#  Implicit rule search has not been done.
#  Modification time never checked.
#  File has not been updated.

Rendering/../Log.hpp:
#  Implicit rule search has not been done.
#  Modification time never checked.
#  File has not been updated.

sourceEMCC:
#  Implicit rule search has not been done.
#  Modification time never checked.
#  File has not been updated.
#  commands to execute (from `Makefile', line 73):
	cd ~/emsdk && ./emsdk activate
	

# Not a target:
.SUFFIXES:
#  Implicit rule search has not been done.
#  Modification time never checked.
#  File has not been updated.

Rendering/rendering.hpp:
#  Implicit rule search has not been done.
#  Modification time never checked.
#  File has not been updated.

# Not a target:
ECS/ECS.cpp:
#  Implicit rule search has not been done.
#  Modification time never checked.
#  File has not been updated.

Rendering/../Tiles.hpp:
#  Implicit rule search has not been done.
#  Modification time never checked.
#  File has not been updated.

Tiles.o: Tiles.cpp Tiles.hpp constants.hpp /usr/local/include/SDL2/SDL_log.h /usr/local/include/SDL2/SDL_stdinc.h /usr/local/include/SDL2/SDL_config.h /usr/local/include/SDL2/SDL_platform.h /usr/local/include/SDL2/begin_code.h /usr/local/include/SDL2/close_code.h /usr/local/include/SDL2/SDL_rect.h /usr/local/include/SDL2/SDL_error.h /usr/local/include/SDL2/SDL_pixels.h /usr/local/include/SDL2/SDL_endian.h /usr/local/include/SDL2/SDL_rwops.h NC/colors.h /usr/local/include/SDL2/SDL.h /usr/local/include/SDL2/SDL_main.h /usr/local/include/SDL2/SDL_assert.h /usr/local/include/SDL2/SDL_atomic.h /usr/local/include/SDL2/SDL_audio.h /usr/local/include/SDL2/SDL_mutex.h /usr/local/include/SDL2/SDL_thread.h /usr/local/include/SDL2/SDL_clipboard.h /usr/local/include/SDL2/SDL_cpuinfo.h /usr/local/include/SDL2/SDL_events.h /usr/local/include/SDL2/SDL_video.h /usr/local/include/SDL2/SDL_surface.h /usr/local/include/SDL2/SDL_blendmode.h /usr/local/include/SDL2/SDL_keyboard.h /usr/local/include/SDL2/SDL_keycode.h /usr/local/include/SDL2/SDL_scancode.h /usr/local/include/SDL2/SDL_mouse.h /usr/local/include/SDL2/SDL_joystick.h /usr/local/include/SDL2/SDL_gamecontroller.h /usr/local/include/SDL2/SDL_sensor.h /usr/local/include/SDL2/SDL_quit.h /usr/local/include/SDL2/SDL_gesture.h /usr/local/include/SDL2/SDL_touch.h /usr/local/include/SDL2/SDL_filesystem.h /usr/local/include/SDL2/SDL_haptic.h /usr/local/include/SDL2/SDL_hidapi.h /usr/local/include/SDL2/SDL_hints.h /usr/local/include/SDL2/SDL_loadso.h /usr/local/include/SDL2/SDL_messagebox.h /usr/local/include/SDL2/SDL_metal.h /usr/local/include/SDL2/SDL_power.h /usr/local/include/SDL2/SDL_render.h /usr/local/include/SDL2/SDL_shape.h /usr/local/include/SDL2/SDL_system.h /usr/local/include/SDL2/SDL_timer.h /usr/local/include/SDL2/SDL_version.h /usr/local/include/SDL2/SDL_locale.h /usr/local/include/SDL2/SDL_misc.h Textures.hpp /usr/local/Cellar/sdl2_image/2.0.5/include/SDL2/SDL_image.h SDL_FontCache/SDL_FontCache.h /usr/local/include/SDL2/SDL_ttf.h Items.hpp Log.hpp ECS/Entity.hpp ECS/Component.hpp ECS/../ComponentMetadata/macro.hpp ECS/../ComponentMetadata/getID.hpp ECS/../Log.hpp ECS/../constants.hpp
#  Implicit rule search has not been done.
#  Modification time never checked.
#  File has not been updated.

Entities/../ECS/SystemsConstants.hpp:
#  Implicit rule search has not been done.
#  Modification time never checked.
#  File has not been updated.

# Not a target:
Makefile:
#  Implicit rule search has been done.
#  Last modified 2022-06-15 00:14:10
#  File has been updated.
#  Successfully updated.
# variable set hash-table stats:
# Load=0/32=0%, Rehash=0, Collisions=0/0=0%

Entities/../ECS/../ComponentMetadata/getID.hpp:
#  Implicit rule search has not been done.
#  Modification time never checked.
#  File has not been updated.

ECS/../ComponentMetadata/component.hpp:
#  Implicit rule search has not been done.
#  Modification time never checked.
#  File has not been updated.

Rendering/../Textures.hpp:
#  Implicit rule search has not been done.
#  Modification time never checked.
#  File has not been updated.

Textures.o: Textures.cpp Textures.hpp /usr/local/include/SDL2/SDL.h /usr/local/include/SDL2/SDL_main.h /usr/local/include/SDL2/SDL_stdinc.h /usr/local/include/SDL2/SDL_config.h /usr/local/include/SDL2/SDL_platform.h /usr/local/include/SDL2/begin_code.h /usr/local/include/SDL2/close_code.h /usr/local/include/SDL2/SDL_assert.h /usr/local/include/SDL2/SDL_atomic.h /usr/local/include/SDL2/SDL_audio.h /usr/local/include/SDL2/SDL_error.h /usr/local/include/SDL2/SDL_endian.h /usr/local/include/SDL2/SDL_mutex.h /usr/local/include/SDL2/SDL_thread.h /usr/local/include/SDL2/SDL_rwops.h /usr/local/include/SDL2/SDL_clipboard.h /usr/local/include/SDL2/SDL_cpuinfo.h /usr/local/include/SDL2/SDL_events.h /usr/local/include/SDL2/SDL_video.h /usr/local/include/SDL2/SDL_pixels.h /usr/local/include/SDL2/SDL_rect.h /usr/local/include/SDL2/SDL_surface.h /usr/local/include/SDL2/SDL_blendmode.h /usr/local/include/SDL2/SDL_keyboard.h /usr/local/include/SDL2/SDL_keycode.h /usr/local/include/SDL2/SDL_scancode.h /usr/local/include/SDL2/S 
DL_mouse.h /usr/local/include/SDL2/SDL_joystick.h /usr/local/include/SDL2/SDL_gamecontroller.h /usr/local/include/SDL2/SDL_sensor.h /usr/local/include/SDL2/SDL_quit.h /usr/local/include/SDL2/SDL_gesture.h /usr/local/include/SDL2/SDL_touch.h /usr/local/include/SDL2/SDL_filesystem.h /usr/local/include/SDL2/SDL_haptic.h /usr/local/include/SDL2/SDL_hidapi.h /usr/local/include/SDL2/SDL_hints.h /usr/local/include/SDL2/SDL_loadso.h /usr/local/include/SDL2/SDL_log.h /usr/local/include/SDL2/SDL_messagebox.h /usr/local/include/SDL2/SDL_metal.h /usr/local/include/SDL2/SDL_power.h /usr/local/include/SDL2/SDL_render.h /usr/local/include/SDL2/SDL_shape.h /usr/local/include/SDL2/SDL_system.h /usr/local/include/SDL2/SDL_timer.h /usr/local/include/SDL2/SDL_version.h /usr/local/include/SDL2/SDL_locale.h /usr/local/include/SDL2/SDL_misc.h /usr/local/Cellar/sdl2_image/2.0.5/include/SDL2/SDL_image.h SDL_FontCache/SDL_FontCache.h /usr/local/include/SDL2/SDL_ttf.h
#  Implicit rule search has not been done.
#  Modification time never checked.
#  File has not been updated.

NC/physics.h:
#  Implicit rule search has not been done.
#  Modification time never checked.
#  File has not been updated.

# Not a target:
GUI.d:
#  A default, MAKEFILES, or -include/sinclude makefile.
#  Implicit rule search has been done.
#  Last modified 2022-06-15 00:01:05
#  File has been updated.
#  Successfully updated.
# variable set hash-table stats:
# Load=0/32=0%, Rehash=0, Collisions=0/0=0%

EntityComponents/../SDL_FontCache/SDL_FontCache.h:
#  Implicit rule search has not been done.
#  Modification time never checked.
#  File has not been updated.

update.o: update.cpp update.hpp /usr/local/include/SDL2/SDL.h /usr/local/include/SDL2/SDL_main.h /usr/local/include/SDL2/SDL_stdinc.h /usr/local/include/SDL2/SDL_config.h /usr/local/include/SDL2/SDL_platform.h /usr/local/include/SDL2/begin_code.h /usr/local/include/SDL2/close_code.h /usr/local/include/SDL2/SDL_assert.h /usr/local/include/SDL2/SDL_atomic.h /usr/local/include/SDL2/SDL_audio.h /usr/local/include/SDL2/SDL_error.h /usr/local/include/SDL2/SDL_endian.h /usr/local/include/SDL2/SDL_mutex.h /usr/local/include/SDL2/SDL_thread.h /usr/local/include/SDL2/SDL_rwops.h /usr/local/include/SDL2/SDL_clipboard.h /usr/local/include/SDL2/SDL_cpuinfo.h /usr/local/include/SDL2/SDL_events.h /usr/local/include/SDL2/SDL_video.h /usr/local/include/SDL2/SDL_pixels.h /usr/local/include/SDL2/SDL_rect.h /usr/local/include/SDL2/SDL_surface.h /usr/local/include/SDL2/SDL_blendmode.h /usr/local/include/SDL2/SDL_keyboard.h /usr/local/include/SDL2/SDL_keycode.h /usr/local/include/SDL2/SDL_scancode.h /usr/local/include/SDL2/SDL_mouse.h /usr/local/include/SDL2/SDL_joystick.h /usr/local/include/SDL2/SDL_gamecontroller.h /usr/local/include/SDL2/SDL_sensor.h /usr/local/include/SDL2/SDL_quit.h /usr/local/include/SDL2/SDL_gesture.h /usr/local/include/SDL2/SDL_touch.h /usr/local/include/SDL2/SDL_filesystem.h /usr/local/include/SDL2/SDL_haptic.h /usr/local/include/SDL2/SDL_hidapi.h /usr/local/include/SDL2/SDL_hints.h /usr/local/include/SDL2/SDL_loadso.h /usr/local/include/SDL2/SDL_log.h /usr/local/include/SDL2/SDL_messagebox.h /usr/local/include/SDL2/SDL_metal.h /usr/local/include/SDL2/SDL_power.h /usr/local/include/SDL2/SDL_render.h /usr/local/include/SDL2/SDL_shape.h /usr/local/include/SDL2/SDL_system.h /usr/local/include/SDL2/SDL_timer.h /usr/local/include/SDL2/SDL_version.h /usr/local/include/SDL2/SDL_locale.h /usr/local/include/SDL2/SDL_misc.h SDL_FontCache/SDL_FontCache.h /usr/local/include/SDL2/SDL_ttf.h NC/SDLContext.h /usr/local/Cellar/sdl2_image/2.0.5/include/SDL2/SDL_image.h constants.hpp Textures.hpp GameState.hpp NC/cpp-vectors.hpp NC/vectors.h NC/utils.h Tiles.hpp NC/colors.h Items.hpp Log.hpp ECS/Entity.hpp ECS/Component.hpp ECS/../ComponentMetadata/macro.hpp ECS/../ComponentMetadata/getID.hpp ECS/../Log.hpp ECS/../constants.hpp Chunks.hpp Player.hpp Entities/Entities.hpp Entities/../ECS/ECS.hpp ECS/../NC/cpp-vectors.hpp ECS/../Textures.hpp ECS/SystemsConstants.hpp ECS/EntityManager.hpp ECS/ComponentPool.hpp ECS/../ComponentMetadata/component.hpp ECS/../ComponentMetadata/componentDecl.hpp ECS/../ComponentMetadata/_componentIDs.hpp ECS/EntitySystemInterface.hpp ECS/../Chunks.hpp Entities/../EntityComponents/Components.hpp Entities/../EntityComponents/../NC/cpp-vectors.hpp Entities/../EntityComponents/../Items.hpp Entities/../EntityComponents/../ECS/EntityType.hpp ECS/ECS.hpp Entities/../ECS/EntityType.hpp Entities/../Textures.hpp GameViewport.hpp PlayerControls.hpp Debug.hpp Metadata.hpp NC/physics.h NC/geometry.h NC/lines.h NC/polygons.h GUI.hpp Rendering/Drawing.hpp Rendering/../GameState.hpp Rendering/../GameViewport.hpp Rendering/rendering.hpp Rendering/../Tiles.hpp Rendering/../Metadata.hpp Rendering/../Textures.hpp Rendering/../Debug.hpp Rendering/../GUI.hpp Rendering/../NC/colors.h Rendering/../Log.hpp Rendering/../EntitySystems/Rendering.hpp Rendering/../EntitySystems/../ECS/EntitySystem.hpp ECS/EntityType.hpp Rendering/../EntitySystems/../ECS/ECS.hpp Rendering/../EntitySystems/../GameViewport.hpp Rendering/../EntitySystems/../Log.hpp Rendering/../EntitySystems/../Rendering/Drawing.hpp Rendering/../EntitySystems/../Debug.hpp EntitySystems/Rendering.hpp EntitySystems/Systems.hpp Rendering/../EntitySystems/../ECS/EntityType.hpp Rendering/../EntitySystems/../constants.hpp EntityComponents/Components.hpp
#  Implicit rule search has not been done.
#  Modification time never checked.
#  File has not been updated.

/usr/local/include/SDL2/SDL_platform.h:
#  Implicit rule search has not been done.
#  Modification time never checked.
#  File has not been updated.

Entities/../ECS/ECS.hpp:
#  Implicit rule search has not been done.
#  Modification time never checked.
#  File has not been updated.

EntityComponents/../constants.hpp:
#  Implicit rule search has not been done.
#  Modification time never checked.
#  File has not been updated.

EntityComponents/../ECS/SystemsConstants.hpp:
#  Implicit rule search has not been done.
#  Modification time never checked.
#  File has not been updated.

/usr/local/include/SDL2/SDL_loadso.h:
#  Implicit rule search has not been done.
#  Modification time never checked.
#  File has not been updated.

Debug.o: Debug.cpp Debug.hpp
#  Implicit rule search has not been done.
#  Modification time never checked.
#  File has not been updated.

constants.hpp:
#  Implicit rule search has not been done.
#  Modification time never checked.
#  File has not been updated.

/usr/local/include/SDL2/SDL_filesystem.h:
#  Implicit rule search has not been done.
#  Modification time never checked.
#  File has not been updated.

# Not a target:
Metadata.cpp:
#  Implicit rule search has not been done.
#  Modification time never checked.
#  File has not been updated.

Rendering/../GameViewport.hpp:
#  Implicit rule search has not been done.
#  Modification time never checked.
#  File has not been updated.

NC/utils.h:
#  Implicit rule search has not been done.
#  Modification time never checked.
#  File has not been updated.

/usr/local/include/SDL2/SDL_ttf.h:
#  Implicit rule search has not been done.
#  Modification time never checked.
#  File has not been updated.

EntityComponents/../ECS/ECS.hpp:
#  Implicit rule search has not been done.
#  Modification time never checked.
#  File has not been updated.

/usr/local/include/SDL2/SDL_scancode.h:
#  Implicit rule search has not been done.
#  Modification time never checked.
#  File has not been updated.

ECS/SystemsConstants.hpp:
#  Implicit rule search has not been done.
#  Modification time never checked.
#  File has not been updated.

EntityComponents/../NC/colors.h:
#  Implicit rule search has not been done.
#  Modification time never checked.
#  File has not been updated.

# Not a target:
ECS/EntitySystem.cpp:
#  Implicit rule search has not been done.
#  Modification time never checked.
#  File has not been updated.

# Not a target:
Entities/Entities.d:
#  A default, MAKEFILES, or -include/sinclude makefile.
#  Implicit rule search has been done.
#  Last modified 2022-06-15 00:01:10
#  File has been updated.
#  Successfully updated.
# variable set hash-table stats:
 
# Load=0/32=0%, Rehash=0, Collisions=0/0=0%

# Not a target:
main.cpp:
#  Implicit rule search has been done.
#  Last modified 2022-06-15 00:03:30
#  File has been updated.
#  Successfully updated.
# variable set hash-table stats:
# Load=0/32=0%, Rehash=0, Collisions=0/0=0%

SDL2_gfx/SDL2_gfxPrimitives.h:
#  Implicit rule search has not been done.
#  Modification time never checked.
#  File has not been updated.

# Not a target:
GUI.cpp:
#  Implicit rule search has not been done.
#  Modification time never checked.
#  File has not been updated.

/usr/local/include/SDL2/SDL_events.h:
#  Implicit rule search has not been done.
#  Modification time never checked.
#  File has not been updated.

# Not a target:
ECS/ECS.d:
#  A default, MAKEFILES, or -include/sinclude makefile.
#  Implicit rule search has been done.
#  Last modified 2022-06-15 00:01:08
#  File has been updated.
#  Successfully updated.
# variable set hash-table stats:
# Load=0/32=0%, Rehash=0, Collisions=0/0=0%

/usr/local/include/SDL2/SDL_rwops.h:
#  Implicit rule search has not been done.
#  Modification time never checked.
#  File has not been updated.

ECS/ECS.hpp:
#  Implicit rule search has not been done.
#  Modification time never checked.
#  File has not been updated.

/usr/local/include/SDL2/SDL_system.h:
#  Implicit rule search has not been done.
#  Modification time never checked.
#  File has not been updated.

/usr/local/include/SDL2/SDL_assert.h:
#  Implicit rule search has not been done.
#  Modification time never checked.
#  File has not been updated.

/usr/local/include/SDL2/SDL_touch.h:
#  Implicit rule search has not been done.
#  Modification time never checked.
#  File has not been updated.

/usr/local/include/SDL2/SDL_haptic.h:
#  Implicit rule search has not been done.
#  Modification time never checked.
#  File has not been updated.

Entities/../ECS/../ComponentMetadata/componentDecl.hpp:
#  Implicit rule search has not been done.
#  Modification time never checked.
#  File has not been updated.

Entities/../ECS/../ComponentMetadata/macro.hpp:
#  Implicit rule search has not been done.
#  Modification time never checked.
#  File has not been updated.

# Not a target:
Items.d:
#  A default, MAKEFILES, or -include/sinclude makefile.
#  Implicit rule search has been done.
#  Last modified 2022-06-15 00:01:05
#  File has been updated.
#  Successfully updated.
# variable set hash-table stats:
# Load=0/32=0%, Rehash=0, Collisions=0/0=0%

/usr/local/include/SDL2/SDL_sensor.h:
#  Implicit rule search has not been done.
#  Modification time never checked.
#  File has not been updated.

Entities/Entities.o: Entities/Entities.cpp Entities/Entities.hpp Entities/../ECS/ECS.hpp /usr/local/include/SDL2/SDL.h /usr/local/include/SDL2/SDL_main.h /usr/local/include/SDL2/SDL_stdinc.h /usr/local/include/SDL2/SDL_config.h /usr/local/include/SDL2/SDL_platform.h /usr/local/include/SDL2/begin_code.h /usr/local/include/SDL2/close_code.h /usr/local/include/SDL2/SDL_assert.h /usr/local/include/SDL2/SDL_atomic.h /usr/local/include/SDL2/SDL_audio.h /usr/local/include/SDL2/SDL_error.h /usr/local/include/SDL2/SDL_endian.h /usr/local/include/SDL2/SDL_mutex.h /usr/local/include/SDL2/SDL_thread.h /usr/local/include/SDL2/SDL_rwops.h /usr/local/include/SDL2/SDL_clipboard.h /usr/local/include/SDL2/SDL_cpuinfo.h /usr/local/include/SDL2/SDL_events.h /usr/local/include/SDL2/SDL_video.h /usr/local/include/SDL2/SDL_pixels.h /usr/local/include/SDL2/SDL_rect.h /usr/local/include/SDL2/SDL_surface.h /usr/local/include/SDL2/SDL_blendmode.h /usr/local/include/SDL2/SDL_keyboard.h /usr/local/include/SDL2/SDL_keycode.h /usr/local/include/SDL2/SDL_scancode.h /usr/local/include/SDL2/SDL_mouse.h /usr/local/include/SDL2/SDL_joystick.h /usr/local/include/SDL2/SDL_gamecontroller.h /usr/local/include/SDL2/SDL_sensor.h /usr/local/include/SDL2/SDL_quit.h /usr/local/include/SDL2/SDL_gesture.h /usr/local/include/SDL2/SDL_touch.h /usr/local/include/SDL2/SDL_filesystem.h /usr/local/include/SDL2/SDL_haptic.h /usr/local/include/SDL2/SDL_hidapi.h /usr/local/include/SDL2/SDL_hints.h /usr/local/include/SDL2/SDL_loadso.h /usr/local/include/SDL2/SDL_log.h /usr/local/include/SDL2/SDL_messagebox.h /usr/local/include/SDL2/SDL_metal.h /usr/local/include/SDL2/SDL_power.h /usr/local/include/SDL2/SDL_render.h /usr/local/include/SDL2/SDL_shape.h /usr/local/include/SDL2/SDL_system.h /usr/local/include/SDL2/SDL_timer.h /usr/local/include/SDL2/SDL_version.h /usr/local/include/SDL2/SDL_locale.h /usr/local/include/SDL2/SDL_misc.h Entities/../ECS/../constants.hpp Entities/../ECS/../NC/cpp-vectors.hpp Entities/../ECS/../NC/vectors.h Entities/../ECS/../Textures.hpp /usr/local/Cellar/sdl2_image/2.0.5/include/SDL2/SDL_image.h Entities/../ECS/../SDL_FontCache/SDL_FontCache.h /usr/local/include/SDL2/SDL_ttf.h Entities/../ECS/../Log.hpp Entities/../ECS/Entity.hpp Entities/../ECS/Component.hpp Entities/../ECS/../ComponentMetadata/macro.hpp Entities/../ECS/../ComponentMetadata/getID.hpp Entities/../ECS/SystemsConstants.hpp Entities/../ECS/EntityManager.hpp Entities/../ECS/ComponentPool.hpp Entities/../ECS/../ComponentMetadata/component.hpp Entities/../ECS/../ComponentMetadata/componentDecl.hpp Entities/../ECS/../ComponentMetadata/_componentIDs.hpp Entities/../ECS/EntitySystemInterface.hpp Entities/../ECS/../Chunks.hpp Entities/../ECS/../Tiles.hpp Entities/../ECS/../NC/colors.h Entities/../ECS/../Items.hpp Entities/../ECS/../ECS/Entity.hpp Entities/../EntityComponents/Components.hpp Entities/../EntityComponents/../NC/cpp-vectors.hpp Entities/../EntityComponents/../Items.hpp Entities/../EntityComponents/../ECS/EntityType.hpp Entities/../ECS/EntityType.hpp Entities/../Textures.hpp Entities/../Tiles.hpp
#  Implicit rule search has not been done.
#  Modification time never checked.
#  File has not been updated.

Items.hpp:
#  Implicit rule search has not been done.
#  Modification time never checked.
#  File has not been updated.

Rendering/../EntitySystems/../ECS/EntitySystem.hpp:
#  Implicit rule search has not been done.
#  Modification time never checked.
#  File has not been updated.

EntitySystems/../Rendering/../GameState.hpp:
#  Implicit rule search has not been done.
#  Modification time never checked.
#  File has not been updated.

Rendering/../NC/colors.h:
#  Implicit rule search has not been done.
#  Modification time never checked.
#  File has not been updated.

/usr/local/include/SDL2/SDL_keycode.h:
#  Implicit rule search has not been done.
#  Modification time never checked.
#  File has not been updated.

Entities/../ECS/../NC/vectors.h:
#  Implicit rule search has not been done.
#  Modification time never checked.
#  File has not been updated.

SDL_FontCache/SDL_FontCache.h:
#  Implicit rule search has not been done.
#  Modification time never checked.
#  File has not been updated.

/usr/local/include/SDL2/SDL_clipboard.h:
#  Implicit rule search has not been done.
#  Modification time never checked.
#  File has not been updated.

# Not a target:
PlayerControls.cpp:
#  Implicit rule search has not been done.
#  Modification time never checked.
#  File has not been updated.

EntityComponents/../ECS/../ComponentMetadata/componentDecl.hpp:
#  Implicit rule search has not been done.
#  Modification time never checked.
#  File has not been updated.

EntityComponents/../ECS/../ComponentMetadata/macro.hpp:
#  Implicit rule search has not been done.
#  Modification time never checked.
#  File has not been updated.

# Not a target:
Metadata.d:
#  A default, MAKEFILES, or -include/sinclude makefile.
#  Implicit rule search has been done.
#  Last modified 2022-06-15 00:01:12
#  File has been updated.
#  Successfully updated.
# variable set hash-table stats:
# Load=0/32=0%, Rehash=0, Collisions=0/0=0%

Metadata.hpp:
#  Implicit rule search has not been done.
#  Modification time never checked.
#  File has not been updated.

/usr/local/include/SDL2/SDL_hidapi.h:
#  Implicit rule search has not been done.
#  Modification time never checked.
#  File has not been updated.

NC/lines.h:
#  Implicit rule search has not been done.
#  Modification time never checked.
#  File has not been updated.

NC/vectors.h:
#  Implicit rule search has not been done.
 
#  Modification time never checked.
#  File has not been updated.

SDL2_gfx/SDL2_framerate.h:
#  Implicit rule search has not been done.
#  Modification time never checked.
#  File has not been updated.

/usr/local/include/SDL2/SDL_keyboard.h:
#  Implicit rule search has not been done.
#  Modification time never checked.
#  File has not been updated.

EntityComponents/Components.o: EntityComponents/Components.cpp EntityComponents/Components.hpp /usr/local/include/SDL2/SDL.h /usr/local/include/SDL2/SDL_main.h /usr/local/include/SDL2/SDL_stdinc.h /usr/local/include/SDL2/SDL_config.h /usr/local/include/SDL2/SDL_platform.h /usr/local/include/SDL2/begin_code.h /usr/local/include/SDL2/close_code.h /usr/local/include/SDL2/SDL_assert.h /usr/local/include/SDL2/SDL_atomic.h /usr/local/include/SDL2/SDL_audio.h /usr/local/include/SDL2/SDL_error.h /usr/local/include/SDL2/SDL_endian.h /usr/local/include/SDL2/SDL_mutex.h /usr/local/include/SDL2/SDL_thread.h /usr/local/include/SDL2/SDL_rwops.h /usr/local/include/SDL2/SDL_clipboard.h /usr/local/include/SDL2/SDL_cpuinfo.h /usr/local/include/SDL2/SDL_events.h /usr/local/include/SDL2/SDL_video.h /usr/local/include/SDL2/SDL_pixels.h /usr/local/include/SDL2/SDL_rect.h /usr/local/include/SDL2/SDL_surface.h /usr/local/include/SDL2/SDL_blendmode.h /usr/local/include/SDL2/SDL_keyboard.h /usr/local/include/SDL2/SDL_keycode.h /usr/local/include/SDL2/SDL_scancode.h /usr/local/include/SDL2/SDL_mouse.h /usr/local/include/SDL2/SDL_joystick.h /usr/local/include/SDL2/SDL_gamecontroller.h /usr/local/include/SDL2/SDL_sensor.h /usr/local/include/SDL2/SDL_quit.h /usr/local/include/SDL2/SDL_gesture.h /usr/local/include/SDL2/SDL_touch.h /usr/local/include/SDL2/SDL_filesystem.h /usr/local/include/SDL2/SDL_haptic.h /usr/local/include/SDL2/SDL_hidapi.h /usr/local/include/SDL2/SDL_hints.h /usr/local/include/SDL2/SDL_loadso.h /usr/local/include/SDL2/SDL_log.h /usr/local/include/SDL2/SDL_messagebox.h /usr/local/include/SDL2/SDL_metal.h /usr/local/include/SDL2/SDL_power.h /usr/local/include/SDL2/SDL_render.h /usr/local/include/SDL2/SDL_shape.h /usr/local/include/SDL2/SDL_system.h /usr/local/include/SDL2/SDL_timer.h /usr/local/include/SDL2/SDL_version.h /usr/local/include/SDL2/SDL_locale.h /usr/local/include/SDL2/SDL_misc.h EntityComponents/../NC/cpp-vectors.hpp EntityComponents/../NC/vectors.h EntityComponents/../Items.hpp EntityComponents/../Log.hpp EntityComponents/../ECS/EntityType.hpp EntityComponents/../ECS/Entity.hpp EntityComponents/../ECS/Component.hpp EntityComponents/../ECS/../ComponentMetadata/macro.hpp EntityComponents/../ECS/../ComponentMetadata/getID.hpp EntityComponents/../ECS/../Log.hpp EntityComponents/../ECS/../constants.hpp EntityComponents/../ECS/ECS.hpp EntityComponents/../ECS/../NC/cpp-vectors.hpp EntityComponents/../ECS/../Textures.hpp /usr/local/Cellar/sdl2_image/2.0.5/include/SDL2/SDL_image.h EntityComponents/../SDL_FontCache/SDL_FontCache.h /usr/local/include/SDL2/SDL_ttf.h EntityComponents/../ECS/SystemsConstants.hpp EntityComponents/../ECS/EntityManager.hpp EntityComponents/../ECS/ComponentPool.hpp EntityComponents/../ECS/../ComponentMetadata/component.hpp EntityComponents/../ECS/../ComponentMetadata/componentDecl.hpp EntityComponents/../ECS/../ComponentMetadata/_componentIDs.hpp EntityComponents/../ECS/EntitySystemInterface.hpp EntityComponents/../ECS/../Chunks.hpp EntityComponents/../Tiles.hpp EntityComponents/../constants.hpp EntityComponents/../NC/colors.h EntityComponents/../Textures.hpp
#  Implicit rule search has not been done.
#  Modification time never checked.
#  File has not been updated.

ECS/EntityType.o: ECS/EntityType.cpp ECS/EntityType.hpp ECS/Entity.hpp ECS/Component.hpp ECS/../ComponentMetadata/macro.hpp ECS/../ComponentMetadata/getID.hpp ECS/../Log.hpp /usr/local/include/SDL2/SDL_log.h /usr/local/include/SDL2/SDL_stdinc.h /usr/local/include/SDL2/SDL_config.h /usr/local/include/SDL2/SDL_platform.h /usr/local/include/SDL2/begin_code.h /usr/local/include/SDL2/close_code.h ECS/../constants.hpp /usr/local/include/SDL2/SDL_rect.h /usr/local/include/SDL2/SDL_error.h /usr/local/include/SDL2/SDL_pixels.h /usr/local/include/SDL2/SDL_endian.h /usr/local/include/SDL2/SDL_rwops.h ECS/ECS.hpp /usr/local/include/SDL2/SDL.h /usr/local/include/SDL2/SDL_main.h /usr/local/include/SDL2/SDL_assert.h /usr/local/include/SDL2/SDL_atomic.h /usr/local/include/SDL2/SDL_audio.h /usr/local/include/SDL2/SDL_mutex.h /usr/local/include/SDL2/SDL_thread.h /usr/local/include/SDL2/SDL_clipboard.h /usr/local/include/SDL2/SDL_cpuinfo.h /usr/local/include/SDL2/SDL_events.h /usr/local/include/SDL2/SDL_video.h /usr/local/include/SDL2/SDL_surface.h /usr/local/include/SDL2/SDL_blendmode.h /usr/local/include/SDL2/SDL_keyboard.h /usr/local/include/SDL2/SDL_keycode.h /usr/local/include/SDL2/SDL_scancode.h /usr/local/include/SDL2/SDL_mouse.h /usr/local/include/SDL2/SDL_joystick.h /usr/local/include/SDL2/SDL_gamecontroller.h /usr/local/include/SDL2/SDL_sensor.h /usr/local/include/SDL2/SDL_quit.h /usr/local/include/SDL2/SDL_gesture.h /usr/local/include/SDL2/SDL_touch.h /usr/local/include/SDL2/SDL_filesystem.h /usr/local/include/SDL2/SDL_haptic.h /usr/local/include/SDL2/SDL_hidapi.h /usr/local/include/SDL2/SDL_hints.h /usr/local/include/SDL2/SDL_loadso.h /usr/local/include/SDL2/SDL_messagebox.h /usr/local/include/SDL2/SDL_metal.h /usr/local/include/SDL2/SDL_power.h /usr/local/include/SDL2/SDL_render.h /usr/local/include/SDL2/SDL_shape.h /usr/local/include/SDL2/SDL_system.h /usr/local/include/SDL2/SDL_timer.h /usr/local/include/SDL2/SDL_version.h /usr/local/include/SDL2/SDL_locale.h /usr/local/include/SDL2/SDL_misc.h ECS/../NC/cpp-vectors.hpp ECS/../NC/vectors.h ECS/../Textures.hpp /usr/local/Cellar/sdl2_image/2.0.5/include/SDL2/SDL_image.h ECS/../SDL_FontCache/SDL_FontCache.h /usr/local/include/SDL2/SDL_ttf.h ECS/SystemsConstants.hpp ECS/EntityManager.hpp ECS/ComponentPool.hpp ECS/../ComponentMetadata/component.hpp ECS/../ComponentMetadata/componentDecl.hpp ECS/../ComponentMetadata/_componentIDs.hpp ECS/EntitySystemInterface.hpp ECS/../Chunks.hpp ECS/../Tiles.hpp ECS/../NC/colors.h ECS/../Items.hpp ECS/../ECS/Entity.hpp
#  Implicit rule search has not been done.
#  Modification time never checked.
#  File has not been updated.

/usr/local/include/SDL2/SDL_video.h:
#  Implicit rule search has not been done.
#  Modification time never checked.
#  File has not been updated.

# Not a target:
Chunks.cpp:
#  Implicit rule search has not been done.
#  Modification time never checked.
#  File has not been updated.

ECS/Component.hpp:
#  Implicit rule search has not been done.
#  Modification time never checked.
#  File has not been updated.

/usr/local/include/SDL2/SDL_metal.h:
#  Implicit rule search has not been done.
#  Modification time never checked.
#  File has not been updated.

/usr/local/include/SDL2/SDL_main.h:
#  Implicit rule search has not been done.
#  Modification time never checked.
#  File has not been updated.

/usr/local/include/SDL2/SDL_cpuinfo.h:
#  Implicit rule search has not been done.
#  Modification time never checked.
#  File has not been updated.

ECS/../NC/colors.h:
#  Implicit rule search has not been done.
#  Modification time never checked.
#  File has not been updated.

ECS/EntitySystem.hpp:
#  Implicit rule search has not been done.
#  Modification time never checked.
#  File has not been updated.

Entities/../ECS/ComponentPool.hpp:
#  Implicit rule search has not been done.
#  Modification time never checked.
#  File has not been updated.

# Not a target:
(main.d:
#  A default, MAKEFILES, or -include/sinclude makefile.
#  Implicit rule search has been done.
#  File does not exist.
#  File has been updated.
#  Failed to be updated.
# variable set hash-table stats:
# Load=0/32=0%, Rehash=0, Collisions=0/0=0%

ECS/../ComponentMetadata/componentDecl.hpp:
#  Implicit rule search has not been done.
#  Modification time never checked.
#  File has not been updated.

ECS/../ComponentMetadata/macro.hpp:
#  Implicit rule search has not been done.
#  Modification time never checked.
#  File has not been updated.

Entities/../EntityComponents/../NC/cpp-vectors.hpp:
#  Implicit rule search has not been done.
 
#  Modification time never checked.
#  File has not been updated.

Entities/../ECS/../Tiles.hpp:
#  Implicit rule search has not been done.
#  Modification time never checked.
#  File has not been updated.

GUI.hpp:
#  Implicit rule search has not been done.
#  Modification time never checked.
#  File has not been updated.

EntitySystems/../Rendering/../GameViewport.hpp:
#  Implicit rule search has not been done.
#  Modification time never checked.
#  File has not been updated.

/usr/local/include/SDL2/SDL_config.h:
#  Implicit rule search has not been done.
#  Modification time never checked.
#  File has not been updated.

# Not a target:
Log.cpp:
#  Implicit rule search has not been done.
#  Modification time never checked.
#  File has not been updated.

ECS/../NC/vectors.h:
#  Implicit rule search has not been done.
#  Modification time never checked.
#  File has not been updated.

ECS/../constants.hpp:
#  Implicit rule search has not been done.
#  Modification time never checked.
#  File has not been updated.

# Not a target:
Items.cpp:
#  Implicit rule search has not been done.
#  Modification time never checked.
#  File has not been updated.

# Not a target:
ECS/Entity.cpp:
#  Implicit rule search has not been done.
#  Modification time never checked.
#  File has not been updated.

EntityComponents/../ECS/ComponentPool.hpp:
#  Implicit rule search has not been done.
#  Modification time never checked.
#  File has not been updated.

/usr/local/include/SDL2/close_code.h:
#  Implicit rule search has not been done.
#  Modification time never checked.
#  File has not been updated.

EntitySystems/Rendering.hpp:
#  Implicit rule search has not been done.
#  Modification time never checked.
#  File has not been updated.

compile:
#  Implicit rule search has not been done.
#  Modification time never checked.
#  File has not been updated.
#  commands to execute (from `Makefile', line 62):
	rm -f main.o
	make
	

# Not a target:
.DEFAULT:
#  Implicit rule search has not been done.
#  Modification time never checked.
#  File has not been updated.

Rendering/../EntitySystems/Rendering.hpp:
#  Implicit rule search has not been done.
#  Modification time never checked.
#  File has not been updated.

Entities/../EntityComponents/../Items.hpp:
#  Implicit rule search has not been done.
#  Modification time never checked.
#  File has not been updated.

# Not a target:
PlayerControls.d:
#  A default, MAKEFILES, or -include/sinclude makefile.
#  Implicit rule search has been done.
#  Last modified 2022-06-15 00:01:04
#  File has been updated.
#  Successfully updated.
# variable set hash-table stats:
# Load=0/32=0%, Rehash=0, Collisions=0/0=0%

/usr/local/include/SDL2/SDL_messagebox.h:
#  Implicit rule search has not been done.
#  Modification time never checked.
#  File has not been updated.

Entities/../ECS/../Textures.hpp:
#  Implicit rule search has not been done.
#  Modification time never checked.
#  File has not been updated.

ECS/ComponentPool.hpp:
#  Implicit rule search has not been done.
#  Modification time never checked.
#  File has not been updated.

EntityComponents/../NC/cpp-vectors.hpp:
#  Implicit rule search has not been done.
#  Modification time never checked.
#  File has not been updated.

Rendering/../EntitySystems/../constants.hpp:
#  Implicit rule search has not been done.
#  Modification time never checked.
#  File has not been updated.

# Not a target:
Chunks.d:
#  A default, MAKEFILES, or -include/sinclude makefile.
#  Implicit rule search has been done.
#  Last modified 2022-06-15 00:01:02
#  File has been updated.
#  Successfully updated.
# variable set hash-table stats:
# Load=0/32=0%, Rehash=0, Collisions=0/0=0%

EntityComponents/../ECS/Entity.hpp:
#  Implicit rule search has not been done.
 
#  Modification time never checked.
#  File has not been updated.

Chunks.hpp:
#  Implicit rule search has not been done.
#  Modification time never checked.
#  File has not been updated.

/usr/local/include/SDL2/SDL_quit.h:
#  Implicit rule search has not been done.
#  Modification time never checked.
#  File has not been updated.

# Not a target:
ECS/EntityManager.cpp:
#  Implicit rule search has not been done.
#  Modification time never checked.
#  File has not been updated.

ECS/../ECS/Entity.hpp:
#  Implicit rule search has not been done.
#  Modification time never checked.
#  File has not been updated.

# Not a target:
GameState.cpp:
#  Implicit rule search has not been done.
#  Modification time never checked.
#  File has not been updated.

clean:
#  Implicit rule search has not been done.
#  Modification time never checked.
#  File has not been updated.
#  commands to execute (from `Makefile', line 50):
	rm -rf $(OBJ_FILES) $(APP)
	rm -f build/game.html
	rm -f build/game.js
	rm -f build/game.wasm
	

# Not a target:
Rendering/Drawing.o:
#  Implicit rule search has not been done.
#  Modification time never checked.
#  File has not been updated.

/usr/local/include/SDL2/SDL_log.h:
#  Implicit rule search has not been done.
#  Modification time never checked.
#  File has not been updated.

# Not a target:
EntityComponents/Components.cpp:
#  Implicit rule search has not been done.
#  Modification time never checked.
#  File has not been updated.

# Not a target:
Log.d:
#  A default, MAKEFILES, or -include/sinclude makefile.
#  Implicit rule search has been done.
#  Last modified 2022-06-15 00:01:12
#  File has been updated.
#  Successfully updated.
# variable set hash-table stats:
# Load=0/32=0%, Rehash=0, Collisions=0/0=0%

Log.hpp:
#  Implicit rule search has not been done.
#  Modification time never checked.
#  File has not been updated.

/usr/local/include/SDL2/SDL_endian.h:
#  Implicit rule search has not been done.
#  Modification time never checked.
#  File has not been updated.

EntityComponents/../ECS/../Log.hpp:
#  Implicit rule search has not been done.
#  Modification time never checked.
#  File has not been updated.

ECS/ECS.o: ECS/ECS.cpp ECS/ECS.hpp /usr/local/include/SDL2/SDL.h /usr/local/include/SDL2/SDL_main.h /usr/local/include/SDL2/SDL_stdinc.h /usr/local/include/SDL2/SDL_config.h /usr/local/include/SDL2/SDL_platform.h /usr/local/include/SDL2/begin_code.h /usr/local/include/SDL2/close_code.h /usr/local/include/SDL2/SDL_assert.h /usr/local/include/SDL2/SDL_atomic.h /usr/local/include/SDL2/SDL_audio.h /usr/local/include/SDL2/SDL_error.h /usr/local/include/SDL2/SDL_endian.h /usr/local/include/SDL2/SDL_mutex.h /usr/local/include/SDL2/SDL_thread.h /usr/local/include/SDL2/SDL_rwops.h /usr/local/include/SDL2/SDL_clipboard.h /usr/local/include/SDL2/SDL_cpuinfo.h /usr/local/include/SDL2/SDL_events.h /usr/local/include/SDL2/SDL_video.h /usr/local/include/SDL2/SDL_pixels.h /usr/local/include/SDL2/SDL_rect.h /usr/local/include/SDL2/SDL_surface.h /usr/local/include/SDL2/SDL_blendmode.h /usr/local/include/SDL2/SDL_keyboard.h /usr/local/include/SDL2/SDL_keycode.h /usr/local/include/SDL2/SDL_scancode.h /usr/local/include/SDL2/SDL_mouse.h /usr/local/include/SDL2/SDL_joystick.h /usr/local/include/SDL2/SDL_gamecontroller.h /usr/local/include/SDL2/SDL_sensor.h /usr/local/include/SDL2/SDL_quit.h /usr/local/include/SDL2/SDL_gesture.h /usr/local/include/SDL2/SDL_touch.h /usr/local/include/SDL2/SDL_filesystem.h /usr/local/include/SDL2/SDL_haptic.h /usr/local/include/SDL2/SDL_hidapi.h /usr/local/include/SDL2/SDL_hints.h /usr/local/include/SDL2/SDL_loadso.h /usr/local/include/SDL2/SDL_log.h /usr/local/include/SDL2/SDL_messagebox.h /usr/local/include/SDL2/SDL_metal.h /usr/local/include/SDL2/SDL_power.h /usr/local/include/SDL2/SDL_render.h /usr/local/include/SDL2/SDL_shape.h /usr/local/include/SDL2/SDL_system.h /usr/local/include/SDL2/SDL_timer.h /usr/local/include/SDL2/SDL_version.h /usr/local/include/SDL2/SDL_locale.h /usr/local/include/SDL2/SDL_misc.h ECS/../constants.hpp ECS/../NC/cpp-vectors.hpp ECS/../NC/vectors.h ECS/../Textures.hpp /usr/local/Cellar/sdl2_image/2.0.5/include/SDL2/SDL_image.h ECS/../SDL_FontCache/SDL_FontCache.h /usr/local/include/SDL2/SDL_ttf.h ECS/../Log.hpp ECS/Entity.hpp ECS/Component.hpp ECS/../ComponentMetadata/macro.hpp ECS/../ComponentMetadata/getID.hpp ECS/SystemsConstants.hpp ECS/EntityManager.hpp ECS/ComponentPool.hpp ECS/../ComponentMetadata/component.hpp ECS/../ComponentMetadata/componentDecl.hpp ECS/../ComponentMetadata/_componentIDs.hpp ECS/EntitySystemInterface.hpp ECS/../Chunks.hpp ECS/../Tiles.hpp ECS/../NC/colors.h ECS/../Items.hpp ECS/../ECS/Entity.hpp
#  Implicit rule search has not been done.
#  Modification time never checked.
#  File has not been updated.

Entities/../ECS/../ComponentMetadata/component.hpp:
#  Implicit rule search has not been done.
#  Modification time never checked.
#  File has not been updated.

Player.hpp:
#  Implicit rule search has not been done.
#  Modification time never checked.
#  File has not been updated.

ECS/Entity.hpp:
#  Implicit rule search has not been done.
#  Modification time never checked.
#  File has not been updated.

EntitySystems/../ECS/EntityType.hpp:
#  Implicit rule search has not been done.
#  Modification time never checked.
#  File has not been updated.

Entities/../ECS/EntityManager.hpp:
#  Implicit rule search has not been done.
#  Modification time never checked.
#  File has not been updated.

EntitySystems/../Log.hpp:
#  Implicit rule search has not been done.
#  Modification time never checked.
#  File has not been updated.

Items.o: Items.cpp Items.hpp /usr/local/include/SDL2/SDL.h /usr/local/include/SDL2/SDL_main.h /usr/local/include/SDL2/SDL_stdinc.h /usr/local/include/SDL2/SDL_config.h /usr/local/include/SDL2/SDL_platform.h /usr/local/include/SDL2/begin_code.h /usr/local/include/SDL2/close_code.h /usr/local/include/SDL2/SDL_assert.h /usr/local/include/SDL2/SDL_atomic.h /usr/local/include/SDL2/SDL_audio.h /usr/local/include/SDL2/SDL_error.h /usr/local/include/SDL2/SDL_endian.h /usr/local/include/SDL2/SDL_mutex.h /usr/local/include/SDL2/SDL_thread.h /usr/local/include/SDL2/SDL_rwops.h /usr/local/include/SDL2/SDL_clipboard.h /usr/local/include/SDL2/SDL_cpuinfo.h /usr/local/include/SDL2/SDL_events.h /usr/local/include/SDL2/SDL_video.h /usr/local/include/SDL2/SDL_pixels.h /usr/local/include/SDL2/SDL_rect.h /usr/local/include/SDL2/SDL_surface.h /usr/local/include/SDL2/SDL_blendmode.h /usr/local/include/SDL2/SDL_keyboard.h /usr/local/include/SDL2/SDL_keycode.h /usr/local/include/SDL2/SDL_scancode.h /usr/local/include/SDL2/SDL_mouse.h /usr/local/include/SDL2/SDL_joystick.h /usr/local/include/SDL2/SDL_gamecontroller.h /usr/local/include/SDL2/SDL_sensor.h /usr/local/include/SDL2/SDL_quit.h /usr/local/include/SDL2/SDL_gesture.h /usr/local/include/SDL2/SDL_touch.h /usr/local/include/SDL2/SDL_filesystem.h /usr/local/include/SDL2/SDL_haptic.h /usr/local/include/SDL2/SDL_hidapi.h /usr/local/include/SDL2/SDL_hints.h /usr/local/include/SDL2/SDL_loadso.h /usr/local/include/SDL2/SDL_log.h /usr/local/include/SDL2/SDL_messagebox.h /usr/local/include/SDL2/SDL_metal.h /usr/local/include/SDL2/SDL_power.h /usr/local/include/SDL2/SDL_render.h /usr/local/include/SDL2/SDL_shape.h /usr/local/include/SDL2/SDL_system.h /usr/local/include/SDL2/SDL_timer.h /usr/local/include/SDL2/SDL_version.h /usr/local/include/SDL2/SDL_locale.h /usr/local/include/SDL2/SDL_misc.h Log.hpp
#  Implicit rule search has not been done.
#  Modification time never checked.
#  File has not been updated.

Entities/../EntityComponents/Components.hpp:
#  Implicit rule search has not been done.
#  Modification time never checked.
#  File has not been updated.

Rendering/../EntitySystems/../ECS/EntityType.hpp:
#  Implicit rule search has not been done.
#  Modification time never checked.
#  File has not been updated.

Entities/../ECS/Entity.hpp:
#  Implicit rule search has not been done.
#  Modification time never checked.
#  File has not been updated.

Rendering/../EntitySystems/../Log.hpp:
#  Implicit rule search has not been done.
#  Modification time never checked.
#  File has not been updated.

 
NC/geometry.h:
#  Implicit rule search has not been done.
#  Modification time never checked.
#  File has not been updated.

/usr/local/include/SDL2/SDL_pixels.h:
#  Implicit rule search has not been done.
#  Modification time never checked.
#  File has not been updated.

ECS/EntitySystemInterface.o: ECS/EntitySystemInterface.cpp ECS/EntitySystemInterface.hpp ECS/EntityManager.hpp ECS/../constants.hpp /usr/local/include/SDL2/SDL_log.h /usr/local/include/SDL2/SDL_stdinc.h /usr/local/include/SDL2/SDL_config.h /usr/local/include/SDL2/SDL_platform.h /usr/local/include/SDL2/begin_code.h /usr/local/include/SDL2/close_code.h /usr/local/include/SDL2/SDL_rect.h /usr/local/include/SDL2/SDL_error.h /usr/local/include/SDL2/SDL_pixels.h /usr/local/include/SDL2/SDL_endian.h /usr/local/include/SDL2/SDL_rwops.h ECS/../NC/cpp-vectors.hpp ECS/../NC/vectors.h ECS/../Log.hpp ECS/Entity.hpp ECS/Component.hpp ECS/../ComponentMetadata/macro.hpp ECS/../ComponentMetadata/getID.hpp ECS/ComponentPool.hpp ECS/../ComponentMetadata/component.hpp ECS/../ComponentMetadata/componentDecl.hpp ECS/../ComponentMetadata/_componentIDs.hpp
#  Implicit rule search has not been done.
#  Modification time never checked.
#  File has not been updated.

EntityComponents/../ECS/../ComponentMetadata/component.hpp:
#  Implicit rule search has not been done.
#  Modification time never checked.
#  File has not been updated.

Entities/../ECS/../ComponentMetadata/_componentIDs.hpp:
#  Implicit rule search has not been done.
#  Modification time never checked.
#  File has not been updated.

EntityComponents/../ECS/EntityManager.hpp:
#  Implicit rule search has not been done.
#  Modification time never checked.
#  File has not been updated.

ECS/../Log.hpp:
#  Implicit rule search has not been done.
#  Modification time never checked.
#  File has not been updated.

# Not a target:
ECS/EntityType.cpp:
#  Implicit rule search has not been done.
#  Modification time never checked.
#  File has not been updated.

# Not a target:
GameViewport.cpp:
#  Implicit rule search has not been done.
#  Modification time never checked.
#  File has not been updated.

Metadata.o: Metadata.cpp Metadata.hpp constants.hpp /usr/local/include/SDL2/SDL_log.h /usr/local/include/SDL2/SDL_stdinc.h /usr/local/include/SDL2/SDL_config.h /usr/local/include/SDL2/SDL_platform.h /usr/local/include/SDL2/begin_code.h /usr/local/include/SDL2/close_code.h /usr/local/include/SDL2/SDL_rect.h /usr/local/include/SDL2/SDL_error.h /usr/local/include/SDL2/SDL_pixels.h /usr/local/include/SDL2/SDL_endian.h /usr/local/include/SDL2/SDL_rwops.h /usr/local/include/SDL2/SDL.h /usr/local/include/SDL2/SDL_main.h /usr/local/include/SDL2/SDL_assert.h /usr/local/include/SDL2/SDL_atomic.h /usr/local/include/SDL2/SDL_audio.h /usr/local/include/SDL2/SDL_mutex.h /usr/local/include/SDL2/SDL_thread.h /usr/local/include/SDL2/SDL_clipboard.h /usr/local/include/SDL2/SDL_cpuinfo.h /usr/local/include/SDL2/SDL_events.h /usr/local/include/SDL2/SDL_video.h /usr/local/include/SDL2/SDL_surface.h /usr/local/include/SDL2/SDL_blendmode.h /usr/local/include/SDL2/SDL_keyboard.h /usr/local/include/SDL2/SDL_keycode.h /usr/local/include/SDL2/SDL_scancode.h /usr/local/include/SDL2/SDL_mouse.h /usr/local/include/SDL2/SDL_joystick.h /usr/local/include/SDL2/SDL_gamecontroller.h /usr/local/include/SDL2/SDL_sensor.h /usr/local/include/SDL2/SDL_quit.h /usr/local/include/SDL2/SDL_gesture.h /usr/local/include/SDL2/SDL_touch.h /usr/local/include/SDL2/SDL_filesystem.h /usr/local/include/SDL2/SDL_haptic.h /usr/local/include/SDL2/SDL_hidapi.h /usr/local/include/SDL2/SDL_hints.h /usr/local/include/SDL2/SDL_loadso.h /usr/local/include/SDL2/SDL_messagebox.h /usr/local/include/SDL2/SDL_metal.h /usr/local/include/SDL2/SDL_power.h /usr/local/include/SDL2/SDL_render.h /usr/local/include/SDL2/SDL_shape.h /usr/local/include/SDL2/SDL_system.h /usr/local/include/SDL2/SDL_timer.h /usr/local/include/SDL2/SDL_version.h /usr/local/include/SDL2/SDL_locale.h /usr/local/include/SDL2/SDL_misc.h
#  Implicit rule search has not been done.
#  Modification time never checked.
#  File has not been updated.

/usr/local/include/SDL2/SDL_surface.h:
#  Implicit rule search has not been done.
#  Modification time never checked.
#  File has not been updated.

ECS/../Tiles.hpp:
#  Implicit rule search has not been done.
#  Modification time never checked.
#  File has not been updated.

/usr/local/include/SDL2/SDL_mouse.h:
#  Implicit rule search has not been done.
#  Modification time never checked.
#  File has not been updated.

EntityComponents/../ECS/../constants.hpp:
#  Implicit rule search has not been done.
#  Modification time never checked.
#  File has not been updated.

EntitySystems/../Debug.hpp:
#  Implicit rule search has not been done.
#  Modification time never checked.
#  File has not been updated.

Entities/../ECS/Component.hpp:
#  Implicit rule search has not been done.
#  Modification time never checked.
#  File has not been updated.

# Not a target:
ECS/EntitySystemInterface.cpp:
#  Implicit rule search has not been done.
#  Modification time never checked.
#  File has not been updated.

Entities/../ECS/../SDL_FontCache/SDL_FontCache.h:
#  Implicit rule search has not been done.
#  Modification time never checked.
#  File has not been updated.

EntityComponents/../ECS/../ComponentMetadata/_componentIDs.hpp:
#  Implicit rule search has not been done.
#  Modification time never checked.
#  File has not been updated.

ECS/../Textures.hpp:
#  Implicit rule search has not been done.
#  Modification time never checked.
#  File has not been updated.

EntityComponents/../ECS/../Textures.hpp:
#  Implicit rule search has not been done.
#  Modification time never checked.
#  File has not been updated.

Rendering/../EntitySystems/../Debug.hpp:
#  Implicit rule search has not been done.
#  Modification time never checked.
#  File has not been updated.

/usr/local/include/SDL2/SDL.h:
#  Implicit rule search has not been done.
#  Modification time never checked.
#  File has not been updated.

# Not a target:
ECS/EntityManager.d:
#  A default, MAKEFILES, or -include/sinclude makefile.
#  Implicit rule search has been done.
#  Last modified 2022-06-15 00:01:07
#  File has been updated.
#  Successfully updated.
# variable set hash-table stats:
# Load=0/32=0%, Rehash=0, Collisions=0/0=0%

# Not a target:
ECS/EntitySystem.d:
#  A default, MAKEFILES, or -include/sinclude makefile.
#  Implicit rule search has been done.
#  Last modified 2022-06-15 00:01:08
#  File has been updated.
#  Successfully updated.
# variable set hash-table stats:
# Load=0/32=0%, Rehash=0, Collisions=0/0=0%

EntitySystems/../GameViewport.hpp:
#  Implicit rule search has not been done.
#  Modification time never checked.
#  File has not been updated.

ECS/EntityManager.hpp:
#  Implicit rule search has not been done.
#  Modification time never checked.
#  File has not been updated.

GameState.hpp:
#  Implicit rule search has not been done.
#  Modification time never checked.
 
#  File has not been updated.

/usr/local/include/SDL2/SDL_gesture.h:
#  Implicit rule search has not been done.
#  Modification time never checked.
#  File has not been updated.

# Not a target:
EntityComponents/Components.d:
#  A default, MAKEFILES, or -include/sinclude makefile.
#  Implicit rule search has been done.
#  Last modified 2022-06-15 00:01:11
#  File has been updated.
#  Successfully updated.
# variable set hash-table stats:
# Load=0/32=0%, Rehash=0, Collisions=0/0=0%

GUI.o: GUI.cpp GUI.hpp /usr/local/include/SDL2/SDL.h /usr/local/include/SDL2/SDL_main.h /usr/local/include/SDL2/SDL_stdinc.h /usr/local/include/SDL2/SDL_config.h /usr/local/include/SDL2/SDL_platform.h /usr/local/include/SDL2/begin_code.h /usr/local/include/SDL2/close_code.h /usr/local/include/SDL2/SDL_assert.h /usr/local/include/SDL2/SDL_atomic.h /usr/local/include/SDL2/SDL_audio.h /usr/local/include/SDL2/SDL_error.h /usr/local/include/SDL2/SDL_endian.h /usr/local/include/SDL2/SDL_mutex.h /usr/local/include/SDL2/SDL_thread.h /usr/local/include/SDL2/SDL_rwops.h /usr/local/include/SDL2/SDL_clipboard.h /usr/local/include/SDL2/SDL_cpuinfo.h /usr/local/include/SDL2/SDL_events.h /usr/local/include/SDL2/SDL_video.h /usr/local/include/SDL2/SDL_pixels.h /usr/local/include/SDL2/SDL_rect.h /usr/local/include/SDL2/SDL_surface.h /usr/local/include/SDL2/SDL_blendmode.h /usr/local/include/SDL2/SDL_keyboard.h /usr/local/include/SDL2/SDL_keycode.h /usr/local/include/SDL2/SDL_scancode.h /usr/local/include/SDL2/SDL_mouse.h /usr/local/include/SDL2/SDL_joystick.h /usr/local/include/SDL2/SDL_gamecontroller.h /usr/local/include/SDL2/SDL_sensor.h /usr/local/include/SDL2/SDL_quit.h /usr/local/include/SDL2/SDL_gesture.h /usr/local/include/SDL2/SDL_touch.h /usr/local/include/SDL2/SDL_filesystem.h /usr/local/include/SDL2/SDL_haptic.h /usr/local/include/SDL2/SDL_hidapi.h /usr/local/include/SDL2/SDL_hints.h /usr/local/include/SDL2/SDL_loadso.h /usr/local/include/SDL2/SDL_log.h /usr/local/include/SDL2/SDL_messagebox.h /usr/local/include/SDL2/SDL_metal.h /usr/local/include/SDL2/SDL_power.h /usr/local/include/SDL2/SDL_render.h /usr/local/include/SDL2/SDL_shape.h /usr/local/include/SDL2/SDL_system.h /usr/local/include/SDL2/SDL_timer.h /usr/local/include/SDL2/SDL_version.h /usr/local/include/SDL2/SDL_locale.h /usr/local/include/SDL2/SDL_misc.h constants.hpp Rendering/Drawing.hpp Rendering/../GameState.hpp Textures.hpp /usr/local/Cellar/sdl2_image/2.0.5/include/SDL2/SDL_image.h SDL_FontCache/SDL_FontCache.h /usr/local/include/SDL2/SDL_ttf.h NC/cpp-vectors.hpp NC/vectors.h NC/utils.h Tiles.hpp NC/colors.h Items.hpp Log.hpp ECS/Entity.hpp ECS/Component.hpp ECS/../ComponentMetadata/macro.hpp ECS/../ComponentMetadata/getID.hpp ECS/../Log.hpp ECS/../constants.hpp Chunks.hpp Player.hpp Entities/Entities.hpp Entities/../ECS/ECS.hpp ECS/../NC/cpp-vectors.hpp ECS/../Textures.hpp ECS/SystemsConstants.hpp ECS/EntityManager.hpp ECS/ComponentPool.hpp ECS/../ComponentMetadata/component.hpp ECS/../ComponentMetadata/componentDecl.hpp ECS/../ComponentMetadata/_componentIDs.hpp ECS/EntitySystemInterface.hpp ECS/../Chunks.hpp Entities/../EntityComponents/Components.hpp Entities/../EntityComponents/../NC/cpp-vectors.hpp Entities/../EntityComponents/../Items.hpp Entities/../EntityComponents/../ECS/EntityType.hpp ECS/ECS.hpp Entities/../ECS/EntityType.hpp Entities/../Textures.hpp GameViewport.hpp Rendering/../GameViewport.hpp NC/SDLContext.h
#  Implicit rule search has not been done.
#  Modification time never checked.
#  File has not been updated.

/usr/local/include/SDL2/SDL_atomic.h:
#  Implicit rule search has not been done.
#  Modification time never checked.
#  File has not been updated.

Entities/../ECS/../Chunks.hpp:
#  Implicit rule search has not been done.
#  Modification time never checked.
#  File has not been updated.

EntityComponents/Components.hpp:
#  Implicit rule search has not been done.
#  Modification time never checked.
#  File has not been updated.

Rendering/../EntitySystems/../GameViewport.hpp:
#  Implicit rule search has not been done.
#  Modification time never checked.
#  File has not been updated.

Entities/../ECS/EntitySystemInterface.hpp:
#  Implicit rule search has not been done.
#  Modification time never checked.
#  File has not been updated.

# Not a target:
Tiles.cpp:
#  Implicit rule search has not been done.
#  Modification time never checked.
#  File has not been updated.

deploy:
#  Implicit rule search has not been done.
#  Modification time never checked.
#  File has not been updated.
#  commands to execute (from `Makefile', line 66):
	make compile
	./exe
	

/usr/local/include/SDL2/SDL_audio.h:
#  Implicit rule search has not been done.
#  Modification time never checked.
#  File has not been updated.

ECS/../ComponentMetadata/_componentIDs.hpp:
#  Implicit rule search has not been done.
#  Modification time never checked.
#  File has not been updated.

# Not a target:
Textures.cpp:
#  Implicit rule search has not been done.
#  Modification time never checked.
#  File has not been updated.

Entities/../ECS/../NC/colors.h:
#  Implicit rule search has not been done.
#  Modification time never checked.
#  File has not been updated.

/usr/local/include/SDL2/SDL_joystick.h:
#  Implicit rule search has not been done.
#  Modification time never checked.
#  File has not been updated.

# Not a target:
update.cpp:
#  Implicit rule search has not been done.
#  Modification time never checked.
#  File has not been updated.

EntityComponents/../ECS/EntitySystemInterface.hpp:
#  Implicit rule search has not been done.
#  Modification time never checked.
#  File has not been updated.

# Not a target:
Debug.cpp:
#  Implicit rule search has not been done.
#  Modification time never checked.
#  File has not been updated.

/usr/local/include/SDL2/SDL_power.h:
#  Implicit rule search has not been done.
#  Modification time never checked.
#  File has not been updated.

ECS/../SDL_FontCache/SDL_FontCache.h:
#  Implicit rule search has not been done.
#  Modification time never checked.
#  File has not been updated.

Entities/../ECS/../Items.hpp:
#  Implicit rule search has not been done.
#  Modification time never checked.
#  File has not been updated.

PlayerControls.o: PlayerControls.cpp PlayerControls.hpp NC/SDLContext.h /usr/local/include/SDL2/SDL.h /usr/local/include/SDL2/SDL_main.h /usr/local/include/SDL2/SDL_stdinc.h /usr/local/include/SDL2/SDL_config.h /usr/local/include/SDL2/SDL_platform.h /usr/local/include/SDL2/begin_code.h /usr/local/include/SDL2/close_code.h /usr/local/include/SDL2/SDL_assert.h /usr/local/include/SDL2/SDL_atomic.h /usr/local/include/SDL2/SDL_audio.h /usr/local/include/SDL2/SDL_error.h /usr/local/include/SDL2/SDL_endian.h /usr/local/include/SDL2/SDL_mutex.h /usr/local/include/SDL2/SDL_thread.h /usr/local/include/SDL2/SDL_rwops.h /usr/local/include/SDL2/SDL_clipboard.h /usr/local/include/SDL2/SDL_cpuinfo.h /usr/local/include/SDL2/SDL_events.h /usr/local/include/SDL2/SDL_video.h /usr/local/include/SDL2/SDL_pixels.h /usr/local/include/SDL2/SDL_rect.h /usr/local/include/SDL2/SDL_surface.h /usr/local/include/SDL2/SDL_blendmode.h /usr/local/include/SDL2/SDL_keyboard.h /usr/local/include/SDL2/SDL_keycode.h /usr/local/include/SDL2/SDL_sc 
ancode.h /usr/local/include/SDL2/SDL_mouse.h /usr/local/include/SDL2/SDL_joystick.h /usr/local/include/SDL2/SDL_gamecontroller.h /usr/local/include/SDL2/SDL_sensor.h /usr/local/include/SDL2/SDL_quit.h /usr/local/include/SDL2/SDL_gesture.h /usr/local/include/SDL2/SDL_touch.h /usr/local/include/SDL2/SDL_filesystem.h /usr/local/include/SDL2/SDL_haptic.h /usr/local/include/SDL2/SDL_hidapi.h /usr/local/include/SDL2/SDL_hints.h /usr/local/include/SDL2/SDL_loadso.h /usr/local/include/SDL2/SDL_log.h /usr/local/include/SDL2/SDL_messagebox.h /usr/local/include/SDL2/SDL_metal.h /usr/local/include/SDL2/SDL_power.h /usr/local/include/SDL2/SDL_render.h /usr/local/include/SDL2/SDL_shape.h /usr/local/include/SDL2/SDL_system.h /usr/local/include/SDL2/SDL_timer.h /usr/local/include/SDL2/SDL_version.h /usr/local/include/SDL2/SDL_locale.h /usr/local/include/SDL2/SDL_misc.h /usr/local/Cellar/sdl2_image/2.0.5/include/SDL2/SDL_image.h GameState.hpp constants.hpp Textures.hpp SDL_FontCache/SDL_FontCache.h /usr/local/include/SDL2/SDL_ttf.h NC/cpp-vectors.hpp NC/vectors.h NC/utils.h Tiles.hpp NC/colors.h Items.hpp Log.hpp ECS/Entity.hpp ECS/Component.hpp ECS/../ComponentMetadata/macro.hpp ECS/../ComponentMetadata/getID.hpp ECS/../Log.hpp ECS/../constants.hpp Chunks.hpp Player.hpp Entities/Entities.hpp Entities/../ECS/ECS.hpp ECS/../NC/cpp-vectors.hpp ECS/../Textures.hpp ECS/SystemsConstants.hpp ECS/EntityManager.hpp ECS/ComponentPool.hpp ECS/../ComponentMetadata/component.hpp ECS/../ComponentMetadata/componentDecl.hpp ECS/../ComponentMetadata/_componentIDs.hpp ECS/EntitySystemInterface.hpp ECS/../Chunks.hpp Entities/../EntityComponents/Components.hpp Entities/../EntityComponents/../NC/cpp-vectors.hpp Entities/../EntityComponents/../Items.hpp Entities/../EntityComponents/../ECS/EntityType.hpp ECS/ECS.hpp Entities/../ECS/EntityType.hpp Entities/../Textures.hpp GameViewport.hpp Debug.hpp Metadata.hpp NC/physics.h NC/geometry.h NC/lines.h NC/polygons.h GUI.hpp Rendering/Drawing.hpp Rendering/../GameState.hpp Rendering/../GameViewport.hpp
#  Implicit rule search has not been done.
#  Modification time never checked.
#  File has not been updated.

NC/colors.h:
#  Implicit rule search has not been done.
#  Modification time never checked.
#  File has not been updated.

EntitySystems/../ECS/ECS.hpp:
#  Implicit rule search has not been done.
#  Modification time never checked.
#  File has not been updated.

# Not a target:
Rendering/Drawing.d):
#  A default, MAKEFILES, or -include/sinclude makefile.
#  Implicit rule search has been done.
#  File does not exist.
#  File has been updated.
#  Failed to be updated.
# variable set hash-table stats:
# Load=0/32=0%, Rehash=0, Collisions=0/0=0%

# Not a target:
GameViewport.d:
#  A default, MAKEFILES, or -include/sinclude makefile.
#  Implicit rule search has been done.
#  Last modified 2022-06-14 23:28:48
#  File has been updated.
#  Successfully updated.
# variable set hash-table stats:
# Load=0/32=0%, Rehash=0, Collisions=0/0=0%

GameViewport.hpp:
#  Implicit rule search has not been done.
#  Modification time never checked.
#  File has not been updated.

/usr/local/include/SDL2/SDL_mutex.h:
#  Implicit rule search has not been done.
#  Modification time never checked.
#  File has not been updated.

buildNC:
#  Implicit rule search has not been done.
#  Modification time never checked.
#  File has not been updated.
#  commands to execute (from `Makefile', line 70):
	(cd NC && make all)
	

Rendering/../EntitySystems/../ECS/ECS.hpp:
#  Implicit rule search has not been done.
#  Modification time never checked.
#  File has not been updated.

Entities/../Tiles.hpp:
#  Implicit rule search has not been done.
#  Modification time never checked.
#  File has not been updated.

EntitySystems/Systems.hpp:
#  Implicit rule search has not been done.
#  Modification time never checked.
#  File has not been updated.

EntityComponents/../ECS/../ComponentMetadata/getID.hpp:
#  Implicit rule search has not been done.
#  Modification time never checked.
#  File has not been updated.

# Not a target:
ECS/EntitySystemInterface.d:
#  A default, MAKEFILES, or -include/sinclude makefile.
#  Implicit rule search has been done.
#  Last modified 2022-06-15 00:01:06
#  File has been updated.
#  Successfully updated.
# variable set hash-table stats:
# Load=0/32=0%, Rehash=0, Collisions=0/0=0%

NC/SDLContext.h:
#  Implicit rule search has not been done.
#  Modification time never checked.
#  File has not been updated.

# Not a target:
ECS/Entity.d:
#  A default, MAKEFILES, or -include/sinclude makefile.
#  Implicit rule search has been done.
#  Last modified 2022-06-15 00:01:10
#  File has been updated.
 
#  Successfully updated.
# variable set hash-table stats:
# Load=0/32=0%, Rehash=0, Collisions=0/0=0%

Chunks.o: Chunks.cpp Tiles.hpp constants.hpp /usr/local/include/SDL2/SDL_log.h /usr/local/include/SDL2/SDL_stdinc.h /usr/local/include/SDL2/SDL_config.h /usr/local/include/SDL2/SDL_platform.h /usr/local/include/SDL2/begin_code.h /usr/local/include/SDL2/close_code.h /usr/local/include/SDL2/SDL_rect.h /usr/local/include/SDL2/SDL_error.h /usr/local/include/SDL2/SDL_pixels.h /usr/local/include/SDL2/SDL_endian.h /usr/local/include/SDL2/SDL_rwops.h NC/colors.h /usr/local/include/SDL2/SDL.h /usr/local/include/SDL2/SDL_main.h /usr/local/include/SDL2/SDL_assert.h /usr/local/include/SDL2/SDL_atomic.h /usr/local/include/SDL2/SDL_audio.h /usr/local/include/SDL2/SDL_mutex.h /usr/local/include/SDL2/SDL_thread.h /usr/local/include/SDL2/SDL_clipboard.h /usr/local/include/SDL2/SDL_cpuinfo.h /usr/local/include/SDL2/SDL_events.h /usr/local/include/SDL2/SDL_video.h /usr/local/include/SDL2/SDL_surface.h /usr/local/include/SDL2/SDL_blendmode.h /usr/local/include/SDL2/SDL_keyboard.h /usr/local/include/SDL2/SDL_keycode.h /usr/local/include/SDL2/SDL_scancode.h /usr/local/include/SDL2/SDL_mouse.h /usr/local/include/SDL2/SDL_joystick.h /usr/local/include/SDL2/SDL_gamecontroller.h /usr/local/include/SDL2/SDL_sensor.h /usr/local/include/SDL2/SDL_quit.h /usr/local/include/SDL2/SDL_gesture.h /usr/local/include/SDL2/SDL_touch.h /usr/local/include/SDL2/SDL_filesystem.h /usr/local/include/SDL2/SDL_haptic.h /usr/local/include/SDL2/SDL_hidapi.h /usr/local/include/SDL2/SDL_hints.h /usr/local/include/SDL2/SDL_loadso.h /usr/local/include/SDL2/SDL_messagebox.h /usr/local/include/SDL2/SDL_metal.h /usr/local/include/SDL2/SDL_power.h /usr/local/include/SDL2/SDL_render.h /usr/local/include/SDL2/SDL_shape.h /usr/local/include/SDL2/SDL_system.h /usr/local/include/SDL2/SDL_timer.h /usr/local/include/SDL2/SDL_version.h /usr/local/include/SDL2/SDL_locale.h /usr/local/include/SDL2/SDL_misc.h Textures.hpp /usr/local/Cellar/sdl2_image/2.0.5/include/SDL2/SDL_image.h SDL_FontCache/SDL_FontCache.h /usr/local/include/SDL2/SDL_ttf.h Items.hpp Log.hpp ECS/Entity.hpp ECS/Component.hpp ECS/../ComponentMetadata/macro.hpp ECS/../ComponentMetadata/getID.hpp ECS/../Log.hpp ECS/../constants.hpp Chunks.hpp NC/cpp-vectors.hpp NC/vectors.h
#  Implicit rule search has not been done.
#  Modification time never checked.
#  File has not been updated.

Rendering/../GUI.hpp:
#  Implicit rule search has not been done.
#  Modification time never checked.
#  File has not been updated.

ECS/EntitySystemInterface.hpp:
#  Implicit rule search has not been done.
#  Modification time never checked.
#  File has not been updated.

Rendering/Drawing.hpp:
#  Implicit rule search has not been done.
#  Modification time never checked.
#  File has not been updated.

EntityComponents/../NC/vectors.h:
#  Implicit rule search has not been done.
#  Modification time never checked.
#  File has not been updated.

EntityComponents/../ECS/Component.hpp:
#  Implicit rule search has not been done.
#  Modification time never checked.
#  File has not been updated.

/usr/local/include/SDL2/SDL_thread.h:
#  Implicit rule search has not been done.
#  Modification time never checked.
#  File has not been updated.

# Not a target:
GameState.d:
#  A default, MAKEFILES, or -include/sinclude makefile.
#  Implicit rule search has been done.
#  Last modified 2022-06-15 00:10:46
#  File has been updated.
#  Successfully updated.
# variable set hash-table stats:
# Load=0/32=0%, Rehash=0, Collisions=0/0=0%

/usr/local/include/SDL2/SDL_render.h:
#  Implicit rule search has not been done.
#  Modification time never checked.
#  File has not been updated.

# Not a target:
Tiles.d:
#  A default, MAKEFILES, or -include/sinclude makefile.
#  Implicit rule search has been done.
#  Last modified 2022-06-15 00:01:12
#  File has been updated.
#  Successfully updated.
# variable set hash-table stats:
# Load=0/32=0%, Rehash=0, Collisions=0/0=0%

Log.o: Log.cpp Log.hpp /usr/local/include/SDL2/SDL_log.h /usr/local/include/SDL2/SDL_stdinc.h /usr/local/include/SDL2/SDL_config.h /usr/local/include/SDL2/SDL_platform.h /usr/local/include/SDL2/begin_code.h /usr/local/include/SDL2/close_code.h
#  Implicit rule search has not been done.
#  Modification time never checked.
#  File has not been updated.

Tiles.hpp:
#  Implicit rule search has not been done.
#  Modification time never checked.
#  File has not been updated.

ECS/../ComponentMetadata/getID.hpp:
#  Implicit rule search has not been done.
#  Modification time never checked.
#  File has not been updated.

ECS/Entity.o: ECS/Entity.cpp ECS/Entity.hpp ECS/Component.hpp ECS/../ComponentMetadata/macro.hpp ECS/../ComponentMetadata/getID.hpp ECS/../Log.hpp /usr/local/include/SDL2/SDL_log.h /usr/local/include/SDL2/SDL_stdinc.h /usr/local/include/SDL2/SDL_config.h /usr/local/include/SDL2/SDL_platform.h /usr/local/include/SDL2/begin_code.h /usr/local/include/SDL2/close_code.h ECS/../constants.hpp /usr/local/include/SDL2/SDL_rect.h /usr/local/include/SDL2/SDL_error.h /usr/local/include/SDL2/SDL_pixels.h /usr/local/include/SDL2/SDL_endian.h /usr/local/include/SDL2/SDL_rwops.h
#  Implicit rule search has not been done.
#  Modification time never checked.
#  File has not been updated.

# files hash-table stats:
# Load=273/1024=27%, Rehash=0, Collisions=268/2539=11%
# VPATH Search Paths

# No `vpath' search paths.

# No general (`VPATH' variable) search path.

# # of strings in strcache: 23
# # of strcache buffers: 1
# strcache size: total = 4096 / max = 4096 / min = 4096 / avg = 4096
# strcache free: total = 3781 / max = 3781 / min = 3781 / avg = 3781

# Finished Make data base on Wed Jun 15 00:14:13 2022

 
