make all --print-data-base --no-builtin-variables --no-builtin-rules --question
# GNU Make 3.81
# Copyright (C) 2006  Free Software Foundation, Inc.
# This is free software; see the source for copying conditions.
# There is NO warranty; not even for MERCHANTABILITY or FITNESS FOR A
# PARTICULAR PURPOSE.

# This program built for i386-apple-darwin11.3.0
 

# Make data base, printed on Wed Jun  8 14:37:37 2022

# Variables

# automatic
<D = $(patsubst %/,%,$(dir $<))
# automatic
?F = $(notdir $?)
# environment
VSCODE_LOG_NATIVE = false
# automatic
?D = $(patsubst %/,%,$(dir $?))
# makefile (from `Makefile', line 11)
INCLUDES = -I /usr/local/Cellar/sdl2/2.0.16/include -I /usr/local/Cellar/sdl2_image/2.0.5/include
# automatic
@D = $(patsubst %/,%,$(dir $@))
# automatic
@F = $(notdir $@)
# makefile
CURDIR := /Users/melaniewilson/Faketorio
# makefile
SHELL = /bin/sh
# environment
VSCODE_NLS_CONFIG = {"locale":"en-us","availableLanguages":{},"_languagePackSupport":true}
# environment
_ = /usr/bin/make
# makefile (from `GameState.d', line 1)
 
MAKEFILE_LIST :=  Makefile update.d Chunks.d Entities/EntityType.d PlayerControls.d GUI.d Items.d Entities/EntitySystemInterface.d Entities/EntityManager.d Entities/EntitySystem.d Entities/ECS.d Entities/Entities.d Entities/Entity.d Entities/Components.d Textures.d Tiles.d GameViewport.d Log.d Debug.d Metadata.d GameState.d
# makefile (from `Makefile', line 9)
EMSC_LIBS = SDL2_gfx/SDL2_gfx.emsc.a SDL_FontCache/SDL_FontCache.emsc.o
# makefile (from `Makefile', line 17)
ARGS = 
# makefile (from `Makefile', line 4)
CXXFLAGS := -g -Wall -Wextra -std=c++14 -MMD -MP -Wno-missing-field-initializers -Wno-unused-variable -Wno-unused-parameter -Wno-unused-private-field
# makefile (from `Makefile', line 29)
EMSC_OBJ_FILES = $(FILES:=.emsc.o)
# environment
VSCODE_VERBOSE_LOGGING = true
# environment
__CFBundleIdentifier = com.microsoft.VSCode
# environment
VSCODE_IPC_HOOK_EXTHOST = /var/folders/8g/jr6txvqx071cqhjlspzc8jdr0000gn/T/vscode-ipc-8d7fada3-62b1-4dc7-a75e-f0fae9011fd6.sock
# makefile (from `Makefile', line 31)
APP := exe
# environment
VSCODE_CWD = /
# makefile (from `Makefile', line 26)
OBJ_FILES = $(FILES:=.o)
# environment
PATH = /Users/melaniewilson/emsdk:/Users/melaniewilson/emsdk/upstream/emscripten:/Users/melaniewilson/emsdk/node/14.18.2_64bit/bin:/Library/Frameworks/Python.framework/Versions/3.9/bin:/usr/local/bin:/usr/bin:/bin:/usr/sbin:/sbin:/usr/local/share/dotnet:~/.dotnet/tools:/Library/Apple/usr/bin:/Library/Frameworks/Mono.framework/Versions/Current/Commands:/Users/melaniewilson/.spicetify:/Users/melaniewilson/.dotnet/tools
# environment
LSCOLORS = Gxfxcxdxbxegedabagacad
# environment
EMSDK_NODE = /Users/melaniewilson/emsdk/node/14.18.2_64bit/bin/node
# environment
VSCODE_LOG_STACK = false
# environment
ELECTRON_RUN_AS_NODE = 1
# default
.FEATURES := target-specific order-only second-expansion else-if archives jobserver check-symlink
# environment
SSH_AUTH_SOCK = /private/tmp/com.apple.launchd.uVE8KBua56/Listeners
# automatic
%F = $(notdir $%)
# makefile (from `Makefile', line 19)
MAINFILE := main.cpp
# environment
VSCODE_PIPE_LOGGING = true
# environment
PWD = /Users/melaniewilson/Faketorio
# environment
ORIGINAL_XDG_CURRENT_DESKTOP = undefined
# environment
EMSDK_PYTHON = /Users/melaniewilson/emsdk/python/3.9.2-1_64bit/bin/python3
# environment
VSCODE_AMD_ENTRYPOINT = vs/workbench/api/node/extensionHostProcess
# environment
HOME = /Users/melaniewilson
# default
MAKEFILEPATH := /Applications/Xcode.app/Contents/Developer/Makefiles
# environment
VSCODE_CODE_CACHE_PATH = /Users/melaniewilson/Library/Application Support/Code/CachedData/c3511e6c69bb39013c4a4b7b9566ec1ca73fc4d5
# environment
LOGNAME = melaniewilson
# environment
APPLICATION_INSIGHTS_NO_DIAGNOSTIC_CHANNEL = 1
# environment
ZSH = /Users/melaniewilson/.oh-my-zsh
# environment
VSCODE_HANDLES_UNCAUGHT_ERRORS = true
# automatic
^D = $(patsubst %/,%,$(dir $^))
# environment
XPC_FLAGS = 0x0
# default
MAKE = $(MAKE_COMMAND)
# default
MAKECMDGOALS := all
# environment
SHLVL = 1
# default
MAKE_VERSION := 3.81
# environment
USER = melaniewilson
# makefile
.DEFAULT_GOAL := all
# environment
LESS = -R
# automatic
%D = $(patsubst %/,%,$(dir $%))
# makefile (from `Makefile', line 14)
LINKS := -L /usr/local/Cellar/sdl2_image/2.0.5/lib
# default
MAKE_COMMAND := /Applications/Xcode.app/Contents/Developer/usr/bin/make
# default
.VARIABLES := 
# environment
TMPDIR = /var/folders/8g/jr6txvqx071cqhjlspzc8jdr0000gn/T/
# automatic
*F = $(notdir $*)
# environment
VSCODE_IPC_HOOK = /Users/melaniewilson/Library/Application Support/Code/1.67.2-main.sock
# makefile (from `Makefile', line 2)
EXT := cpp
# makefile
MAKEFLAGS = Rrqp
# environment
MFLAGS = -Rrqp
# automatic
*D = $(patsubst %/,%,$(dir $*))
# environment
XPC_SERVICE_NAME = application.com.microsoft.VSCode.25787451.25787457
# automatic
+D = $(patsubst %/,%,$(dir $+))
# automatic
+F = $(notdir $+)
# environment
__CF_USER_TEXT_ENCODING = 0x1F5:0x0:0x0
# environment
COMMAND_MODE = unix2003
# default
MAKEFILES := 
# environment
EM_CONFIG = /Users/melaniewilson/emsdk/.emscripten
# automatic
<F = $(notdir $<)
# makefile (from `Makefile', line 1)
CXX := g++
# makefile (from `Makefile', line 27)
DEPEND_FILES = $(FILES:=.d)
# makefile (from `Makefile', line 15)
LINK_FLAGS := -lSDL2 -lSDL2_image -lSDL2_ttf
# environment
PAGER = less
# environment
LC_ALL = C
# makefile (from `Makefile', line 7)
LIBS = SDL2_gfx/SDL2_gfx.a SDL_FontCache/SDL_FontCache.o NC/utils.o NC/vectors.o NC/SDLContext.o
# automatic
^F = $(notdir $^)
# makefile (from `Makefile', line 25)
SRC_FILES = $(FILES:=.$(EXT)) $(MAINFILE)
# default
SUFFIXES := 
# default
.INCLUDE_DIRS = /usr/local/include
# environment
MAKELEVEL := 0
# environment
LANG = C
# environment
EMSDK = /Users/melaniewilson/emsdk
# environment
VSCODE_PID = 22051
# makefile (from `Makefile', line 21)
FILES = main update Chunks Entities/EntityType PlayerControls GUI Items Entities/EntitySystemInterface Entities/EntityManager Entities/EntitySystem Entities/ECS Entities/Entities Entities/Entity Entities/Components Textures Tiles GameViewport Log Debug Metadata GameState Rendering/Drawing
# variable set hash-table stats:
# Load=86/1024=8%, Rehash=0, Collisions=3/159=2%

# Pattern-specific Variable Values

# No pattern-specific variable values.

# Directories

# . (device 16777225, inode 25740264): 79 files, no impossibilities.

# 79 files, no impossibilities in 1 directories.

# Implicit Rules

%.o: %.cpp Makefile
#  commands to execute (from `Makefile', line 58):
	$(CXX) $(CXXFLAGS) $(INCLUDES) -c $< -o $@
	

# 1 implicit rules, 0 (0.0%) terminal.

# Files

# Not a target:
Textures.d:
#  A default, MAKEFILES, or -include/sinclude makefile.
#  Implicit rule search has been done.
#  Last modified 2022-06-06 13:20:34
#  File has been updated.
#  Successfully updated.
# variable set hash-table stats:
 
# Load=0/32=0%, Rehash=0, Collisions=0/0=0%

# Not a target:
Entities/Entities.cpp:
#  Implicit rule search has not been done.
#  Modification time never checked.
#  File has not been updated.

Textures.hpp:
#  Implicit rule search has been done.
#  Last modified 2022-06-06 00:20:18
#  File has been updated.
#  Successfully updated.
# variable set hash-table stats:
# Load=0/32=0%, Rehash=0, Collisions=0/0=0%

# Not a target:
update.d:
#  A default, MAKEFILES, or -include/sinclude makefile.
#  Implicit rule search has been done.
#  Last modified 2022-06-07 01:56:52
#  File has been updated.
#  Successfully updated.
# variable set hash-table stats:
# Load=0/32=0%, Rehash=0, Collisions=0/0=0%

/usr/local/include/SDL2/SDL_stdinc.h:
#  Implicit rule search has been done.
#  Last modified 2022-01-10 15:09:57
#  File has been updated.
#  Successfully updated.
# variable set hash-table stats:
# Load=0/32=0%, Rehash=0, Collisions=0/0=0%

/usr/local/include/SDL2/SDL_gamecontroller.h:
#  Implicit rule search has been done.
#  Last modified 2022-01-10 15:09:57
#  File has been updated.
#  Successfully updated.
# variable set hash-table stats:
# Load=0/32=0%, Rehash=0, Collisions=0/0=0%

update.hpp:
#  Implicit rule search has been done.
#  Last modified 2022-06-02 02:12:29
#  File has been updated.
#  Successfully updated.
# variable set hash-table stats:
# Load=0/32=0%, Rehash=0, Collisions=0/0=0%

# Not a target:
Debug.d:
#  A default, MAKEFILES, or -include/sinclude makefile.
#  Implicit rule search has been done.
#  Last modified 2022-06-06 13:20:35
#  File has been updated.
#  Successfully updated.
# variable set hash-table stats:
# Load=0/32=0%, Rehash=0, Collisions=0/0=0%

/usr/local/include/SDL2/SDL_misc.h:
#  Implicit rule search has been done.
#  Last modified 2022-01-10 15:09:57
#  File has been updated.
#  Successfully updated.
# variable set hash-table stats:
# Load=0/32=0%, Rehash=0, Collisions=0/0=0%

Debug.hpp:
#  Implicit rule search has been done.
#  Last modified 2022-05-23 02:18:42
#  File has been updated.
#  Successfully updated.
# variable set hash-table stats:
# Load=0/32=0%, Rehash=0, Collisions=0/0=0%

Rendering/../Metadata.hpp:
#  Implicit rule search has been done.
#  Last modified 2022-05-23 02:13:00
#  File has been updated.
#  Successfully updated.
# variable set hash-table stats:
# Load=0/32=0%, Rehash=0, Collisions=0/0=0%

# Not a target:
Entities/EntityManager.cpp:
#  Implicit rule search has not been done.
#  Modification time never checked.
#  File has not been updated.

Entities/Systems/../../Rendering/../GameViewport.hpp:
#  Implicit rule search has not been done.
#  Modification time never checked.
#  File has not been updated.

SDL2_gfx/SDL2_imageFilter.h:
#  Implicit rule search has not been done.
#  Modification time never checked.
#  File has not been updated.

SDL2_gfx/SDL2_gfxPrimitives_font.h:
#  Implicit rule search has not been done.
#  Modification time never checked.
#  File has not been updated.

/usr/local/include/SDL2/SDL_error.h:
#  Implicit rule search has been done.
#  Last modified 2022-01-10 15:09:57
#  File has been updated.
#  Successfully updated.
# variable set hash-table stats:
# Load=0/32=0%, Rehash=0, Collisions=0/0=0%

PlayerControls.o: PlayerControls.cpp PlayerControls.hpp NC/SDLContext.h /usr/local/include/SDL2/SDL.h /usr/local/include/SDL2/SDL_main.h /usr/local/include/SDL2/SDL_stdinc.h /usr/local/include/SDL2/SDL_config.h /usr/local/include/SDL2/SDL_platform.h /usr/local/include/SDL2/begin_code.h /usr/local/include/SDL2/close_code.h /usr/local/include/SDL2/SDL_assert.h /usr/local/include/SDL2/SDL_atomic.h /usr/local/include/SDL2/SDL_audio.h /usr/local/include/SDL2/SDL_error.h /usr/local/include/SDL2/SDL_endian.h /usr/local/include/SDL2/SDL_mutex.h /usr/local/include/SDL2/SDL_thread.h /usr/local/include/SDL2/SDL_rwops.h /usr/local/include/SDL2/SDL_clipboard.h /usr/local/include/SDL2/SDL_cpuinfo.h /usr/local/include/SDL2/SDL_events.h /usr/local/include/SDL2/SDL_video.h /usr/local/include/SDL2/SDL_pixels.h /usr/local/include/SDL2/SDL_rect.h /usr/local/include/SDL2/SDL_surface.h /usr/local/include/SDL2/SDL_blendmode.h /usr/local/include/SDL2/SDL_keyboard.h /usr/local/include/SDL2/SDL_keycode.h /usr/local/include/SDL2/SDL_scancode.h /usr/local/include/SDL2/SDL_mouse.h /usr/local/include/SDL2/SDL_joystick.h /usr/local/include/SDL2/SDL_gamecontroller.h /usr/local/include/SDL2/SDL_sensor.h /usr/local/include/SDL2/SDL_quit.h /usr/local/include/SDL2/SDL_gesture.h /usr/local/include/SDL2/SDL_touch.h /usr/local/include/SDL2/SDL_filesystem.h /usr/local/include/SDL2/SDL_haptic.h /usr/local/include/SDL2/SDL_hidapi.h /usr/local/include/SDL2/SDL_hints.h /usr/local/include/SDL2/SDL_loadso.h /usr/local/include/SDL2/SDL_log.h /usr/local/include/SDL2/SDL_messagebox.h /usr/local/include/SDL2/SDL_metal.h /usr/local/include/SDL2/SDL_power.h /usr/local/include/SDL2/SDL_render.h /usr/local/include/SDL2/SDL_shape.h /usr/local/include/SDL2/SDL_system.h /usr/local/include/SDL2/SDL_timer.h /usr/local/include/SDL2/SDL_version.h /usr/local/include/SDL2/SDL_locale.h /usr/local/include/SDL2/SDL_misc.h /usr/local/Cellar/sdl2_image/2.0.5/include/SDL2/SDL_image.h GameState.hpp constants.hpp Textures.hpp SDL_FontCache/SDL_FontCache.h /usr/local/include/SDL2/SDL_ttf.h NC/cpp-vectors.hpp NC/vectors.h NC/utils.h Tiles.hpp NC/colors.h Items.hpp Log.hpp Entities/Entity.hpp Entities/Component.hpp Entities/../ComponentMetadata/macro.hpp Entities/../ComponentMetadata/getID.hpp Entities/../Log.hpp Entities/../constants.hpp Chunks.hpp Player.hpp Entities/Entities.hpp Entities/ECS.hpp Entities/../NC/cpp-vectors.hpp Entities/../Textures.hpp Entities/SystemsConstants.hpp Entities/EntityManager.hpp Entities/ComponentPool.hpp Entities/../ComponentMetadata/component.hpp Entities/../ComponentMetadata/componentDecl.hpp Entities/../ComponentMetadata/_componentIDs.hpp Entities/EntitySystemInterface.hpp Entities/../Chunks.hpp Entities/Components.hpp Entities/../Items.hpp Entities/EntityType.hpp GameViewport.hpp Debug.hpp Metadata.hpp NC/physics.h NC/geometry.h NC/lines.h NC/polygons.h GUI.hpp Rendering/Drawing.hpp Rendering/../GameState.hpp Rendering/../GameViewport.hpp
#  Implicit rule search has not been done.
#  Modification time never checked.
#  File has not been updated.

Entities/../constants.hpp:
#  Implicit rule search has been done.
#  Last modified 2022-06-02 15:11:46
#  File has been updated.
#  Successfully updated.
# variable set hash-table stats:
# Load=0/32=0%, Rehash=0, Collisions=0/0=0%

# Not a target:
update.cpp:
#  Implicit rule search has been done.
#  Last modified 2022-06-06 12:44:36
#  File has been updated.
#  Successfully updated.
# variable set hash-table stats:
# Load=0/32=0%, Rehash=0, Collisions=0/0=0%

Entities/ECS.o: Entities/ECS.cpp Entities/ECS.hpp /usr/local/include/SDL2/SDL.h /usr/local/include/SDL2/SDL_main.h /usr/local/include/SDL2/SDL_stdinc.h /usr/local/include/SDL2/SDL_config.h /usr/local/include/SDL2/SDL_platform.h /usr/local/include/SDL2/begin_code.h /usr/local/include/SDL2/close_code.h /usr/local/include/SDL2/SDL_assert.h /usr/local/include/SDL2/SDL_atomic.h /usr/local/include/SDL2/SDL_audio.h /usr/local/include/SDL2/SDL_error.h /usr/local/include/SDL2/SDL_endian.h /usr/local/include/SDL2/SDL_mutex.h /usr/local/include/SDL2/SDL_thread.h /usr/local/include/SDL2/SDL_rwops.h /usr/local/include/SDL2/SDL_clipboard.h /usr/local/include/SDL2/SDL_cpuinfo.h /usr/local/include/SDL2/SDL_events.h /usr/local/include/SDL2/SDL_video.h /usr/local/include/SDL2/SDL_pixels.h /usr/local/include/SDL2/SDL_rect.h /usr/local/include/SDL2/SDL_surface.h /usr/local/include/SDL2/SDL_blendmode.h /usr/local/include/SDL2/SDL_keyboard.h /usr/local/include/SDL2/SDL_keycode.h /usr/local/include/SDL2/SDL_scancode.h /usr/local/in 
clude/SDL2/SDL_mouse.h /usr/local/include/SDL2/SDL_joystick.h /usr/local/include/SDL2/SDL_gamecontroller.h /usr/local/include/SDL2/SDL_sensor.h /usr/local/include/SDL2/SDL_quit.h /usr/local/include/SDL2/SDL_gesture.h /usr/local/include/SDL2/SDL_touch.h /usr/local/include/SDL2/SDL_filesystem.h /usr/local/include/SDL2/SDL_haptic.h /usr/local/include/SDL2/SDL_hidapi.h /usr/local/include/SDL2/SDL_hints.h /usr/local/include/SDL2/SDL_loadso.h /usr/local/include/SDL2/SDL_log.h /usr/local/include/SDL2/SDL_messagebox.h /usr/local/include/SDL2/SDL_metal.h /usr/local/include/SDL2/SDL_power.h /usr/local/include/SDL2/SDL_render.h /usr/local/include/SDL2/SDL_shape.h /usr/local/include/SDL2/SDL_system.h /usr/local/include/SDL2/SDL_timer.h /usr/local/include/SDL2/SDL_version.h /usr/local/include/SDL2/SDL_locale.h /usr/local/include/SDL2/SDL_misc.h Entities/../constants.hpp Entities/../NC/cpp-vectors.hpp Entities/../NC/vectors.h Entities/../Textures.hpp /usr/local/Cellar/sdl2_image/2.0.5/include/SDL2/SDL_image.h Entities/../SDL_FontCache/SDL_FontCache.h /usr/local/include/SDL2/SDL_ttf.h Entities/../Log.hpp Entities/Entity.hpp Entities/Component.hpp Entities/../ComponentMetadata/macro.hpp Entities/../ComponentMetadata/getID.hpp Entities/SystemsConstants.hpp Entities/EntityManager.hpp Entities/ComponentPool.hpp Entities/../ComponentMetadata/component.hpp Entities/../ComponentMetadata/componentDecl.hpp Entities/../ComponentMetadata/_componentIDs.hpp Entities/EntitySystemInterface.hpp Entities/../Chunks.hpp Entities/../Tiles.hpp Entities/../NC/colors.h Entities/../Items.hpp Entities/../Entities/Entity.hpp
#  Implicit rule search has not been done.
#  Modification time never checked.
#  File has not been updated.

Entities/Systems/Rendering.hpp:
#  Implicit rule search has been done.
#  Last modified 2022-06-06 14:17:49
#  File has been updated.
#  Successfully updated.
# variable set hash-table stats:
# Load=0/32=0%, Rehash=0, Collisions=0/0=0%

# Not a target:
Entities/Entity.d:
#  A default, MAKEFILES, or -include/sinclude makefile.
#  Implicit rule search has been done.
#  Last modified 2022-06-07 01:57:00
#  File has been updated.
#  Successfully updated.
# variable set hash-table stats:
# Load=0/32=0%, Rehash=0, Collisions=0/0=0%

/usr/local/include/SDL2/SDL_rect.h:
#  Implicit rule search has been done.
#  Last modified 2022-01-10 15:09:57
#  File has been updated.
#  Successfully updated.
# variable set hash-table stats:
# Load=0/32=0%, Rehash=0, Collisions=0/0=0%

Entities/Entity.hpp:
#  Implicit rule search has been done.
#  Last modified 2022-06-06 13:19:46
#  File has been updated.
#  Successfully updated.
# variable set hash-table stats:
# Load=0/32=0%, Rehash=0, Collisions=0/0=0%

Rendering/../Entities/Systems/Rendering.hpp:
#  Implicit rule search has been done.
#  Last modified 2022-06-06 14:17:49
#  File has been updated.
#  Successfully updated.
# variable set hash-table stats:
# Load=0/32=0%, Rehash=0, Collisions=0/0=0%

/usr/local/include/SDL2/SDL_timer.h:
#  Implicit rule search has been done.
#  Last modified 2022-01-10 15:09:57
#  File has been updated.
#  Successfully updated.
# variable set hash-table stats:
# Load=0/32=0%, Rehash=0, Collisions=0/0=0%

/usr/local/include/SDL2/SDL_shape.h:
#  Implicit rule search has been done.
#  Last modified 2022-01-10 15:09:57
#  File has been updated.
#  Successfully updated.
# variable set hash-table stats:
# Load=0/32=0%, Rehash=0, Collisions=0/0=0%

exe: main.o update.o Chunks.o Entities/EntityType.o PlayerControls.o GUI.o Items.o Entities/EntitySystemInterface.o Entities/EntityManager.o Entities/EntitySystem.o Entities/ECS.o Entities/Entities.o Entities/Entity.o Entities/Components.o Textures.o Tiles.o GameViewport.o Log.o Debug.o Metadata.o GameState.o Rendering/Drawing.o
#  Implicit rule search has not been done.
#  Last modified 2022-06-07 01:57:03
#  File has been updated.
#  Needs to be updated (-q is set).
# variable set hash-table stats:
# Load=0/32=0%, Rehash=0, Collisions=0/5=0%
#  commands to execute (from `Makefile', line 42):
	$(CXX) $(CXXFLAGS) $(INCLUDES) $(LIBS) $^ -o $@ $(LINKS) $(LINK_FLAGS)
	

all: exe
#  Command-line target.
#  Implicit rule search has been done.
#  File does not exist.
#  File has been updated.
#  Needs to be updated (-q is set).
# variable set hash-table stats:
# Load=0/32=0%, Rehash=0, Collisions=0/5=0%

GameState.o: GameState.cpp GameState.hpp /usr/local/include/SDL2/SDL.h /usr/local/include/SDL2/SDL_main.h /usr/local/include/SDL2/SDL_stdinc.h /usr/local/include/SDL2/SDL_config.h /usr/local/include/SDL2/SDL_platform.h /usr/local/include/SDL2/begin_code.h /usr/local/include/SDL2/close_code.h /usr/local/include/SDL2/SDL_assert.h /usr/local/include/SDL2/SDL_atomic.h /usr/local/include/SDL2/SDL_audio.h /usr/local/include/SDL2/SDL_error.h /usr/local/include/SDL2/SDL_endian.h /usr/local/include/SDL2/SDL_mutex.h /usr/local/include/SDL2/SDL_thread.h /usr/local/include/SDL2/SDL_rwops.h /usr/local/include/SDL2/SDL_clipboard.h /usr/local/include/SDL2/SDL_cpuinfo.h /usr/local/include/SDL2/SDL_events.h /usr/local/include/SDL2/SDL_video.h /usr/local/include/SDL2/SDL_pixels.h /usr/local/include/SDL2/SDL_rect.h /usr/local/include/SDL2/SDL_surface.h /usr/local/include/SDL2/SDL_blendmode.h /usr/local/include/SDL2/SDL_keyboard.h /usr/local/include/SDL2/SDL_keycode.h /usr/local/include/SDL2/SDL_scancode.h /usr/local/include/SDL2/SDL_mouse.h /usr/local/include/SDL2/SDL_joystick.h /usr/local/include/SDL2/SDL_gamecontroller.h /usr/local/include/SDL2/SDL_sensor.h /usr/local/include/SDL2/SDL_quit.h /usr/local/include/SDL2/SDL_gesture.h /usr/local/include/SDL2/SDL_touch.h /usr/local/include/SDL2/SDL_filesystem.h /usr/local/include/SDL2/SDL_haptic.h /usr/local/include/SDL2/SDL_hidapi.h /usr/local/include/SDL2/SDL_hints.h /usr/local/include/SDL2/SDL_loadso.h /usr/local/include/SDL2/SDL_log.h /usr/local/include/SDL2/SDL_messagebox.h /usr/local/include/SDL2/SDL_metal.h /usr/local/include/SDL2/SDL_power.h /usr/local/include/SDL2/SDL_render.h /usr/local/include/SDL2/SDL_shape.h /usr/local/include/SDL2/SDL_system.h /usr/local/include/SDL2/SDL_timer.h /usr/local/include/SDL2/SDL_version.h /usr/local/include/SDL2/SDL_locale.h /usr/local/include/SDL2/SDL_misc.h constants.hpp Textures.hpp /usr/local/Cellar/sdl2_image/2.0.5/include/SDL2/SDL_image.h SDL_FontCache/SDL_FontCache.h /usr/local/include/SDL2/SDL_ttf.h NC/cpp-vectors.hpp NC/vectors.h NC/utils.h Tiles.hpp NC/colors.h Items.hpp Log.hpp Entities/Entity.hpp Entities/Component.hpp Entities/../ComponentMetadata/macro.hpp Entities/../ComponentMetadata/getID.hpp Entities/../Log.hpp Entities/../constants.hpp Chunks.hpp Player.hpp Entities/Entities.hpp Entities/ECS.hpp Entities/../NC/cpp-vectors.hpp Entities/../Textures.hpp Entities/SystemsConstants.hpp Entities/EntityManager.hpp Entities/ComponentPool.hpp Entities/../ComponentMetadata/component.hpp Entities/../ComponentMetadata/componentDecl.hpp Entities/../ComponentMetadata/_componentIDs.hpp Entities/EntitySystemInterface.hpp Entities/../Chunks.hpp Entities/Components.hpp Entities/../Items.hpp Entities/EntityType.hpp GameViewport.hpp SDL2_gfx/SDL2_gfx.h SDL2_gfx/SDL2_gfxPrimitives.h SDL2_gfx/SDL2_imageFilter.h SDL2_gfx/SDL2_rotozoom.h SDL2_gfx/SDL2_framerate.h SDL2_gfx/SDL2_gfxPrimitives_font.h Entities/Systems/Rendering.hpp Entities/Systems/../EntitySystem.hpp Entities/Systems/../EntityManager.hpp Entities/Systems/../../GameViewport.hpp Entities/Systems/../../Log.hpp Entities/Systems/../../Rendering/Drawing.hpp Entities/Systems/../../Rendering/../GameState.hpp Entities/Systems/../../Rendering/../GameViewport.hpp Entities/Systems/../../Debug.hpp Entities/Systems/Systems.hpp Entities/Systems/../ECS.hpp Entities/Systems/../EntityType.hpp Entities/Systems/../../constants.hpp
#  Implicit rule search has not been done.
#  Modification time never checked.
#  File has not been updated.

/usr/local/include/SDL2/begin_code.h:
#  Implicit rule search has been done.
#  Last modified 2022-01-10 15:09:57
#  File has been updated.
#  Successfully updated.
# variable set hash-table stats:
# Load=0/32=0%, Rehash=0, Collisions=0/0=0%

Entities/../Log.hpp:
#  Implicit rule search has been done.
 
#  Last modified 2022-05-23 02:16:21
#  File has been updated.
#  Successfully updated.
# variable set hash-table stats:
# Load=0/32=0%, Rehash=0, Collisions=0/0=0%

/usr/local/include/SDL2/SDL_blendmode.h:
#  Implicit rule search has been done.
#  Last modified 2022-01-10 15:09:57
#  File has been updated.
#  Successfully updated.
# variable set hash-table stats:
# Load=0/32=0%, Rehash=0, Collisions=0/0=0%

# Not a target:
Entities/Entities.d:
#  A default, MAKEFILES, or -include/sinclude makefile.
#  Implicit rule search has been done.
#  Last modified 2022-06-07 01:56:59
#  File has been updated.
#  Successfully updated.
# variable set hash-table stats:
# Load=0/32=0%, Rehash=0, Collisions=0/0=0%

Entities/Entities.hpp:
#  Implicit rule search has been done.
#  Last modified 2022-06-07 02:02:40
#  File has been updated.
#  Successfully updated.
# variable set hash-table stats:
# Load=0/32=0%, Rehash=0, Collisions=0/0=0%

# Not a target:
Entities/EntitySystemInterface.cpp:
#  Implicit rule search has not been done.
#  Modification time never checked.
#  File has not been updated.

NC/cpp-vectors.hpp:
#  Implicit rule search has been done.
#  Last modified 2022-05-24 02:49:38
#  File has been updated.
#  Successfully updated.
# variable set hash-table stats:
# Load=0/32=0%, Rehash=0, Collisions=0/0=0%

Entities/../Textures.hpp:
#  Implicit rule search has been done.
#  Last modified 2022-06-06 00:20:18
#  File has been updated.
#  Successfully updated.
# variable set hash-table stats:
# Load=0/32=0%, Rehash=0, Collisions=0/0=0%

Entities/../ComponentMetadata/component.hpp:
#  Implicit rule search has been done.
#  Last modified 2022-06-06 00:37:30
#  File has been updated.
#  Successfully updated.
# variable set hash-table stats:
# Load=0/32=0%, Rehash=0, Collisions=0/0=0%

# Not a target:
Entities/EntityManager.d:
#  A default, MAKEFILES, or -include/sinclude makefile.
#  Implicit rule search has been done.
#  Last modified 2022-06-07 01:56:57
#  File has been updated.
#  Successfully updated.
# variable set hash-table stats:
# Load=0/32=0%, Rehash=0, Collisions=0/0=0%

Entities/EntitySystem.o: Entities/EntitySystem.cpp Entities/EntitySystem.hpp Entities/Entity.hpp Entities/Component.hpp Entities/../ComponentMetadata/macro.hpp Entities/../ComponentMetadata/getID.hpp Entities/../Log.hpp /usr/local/include/SDL2/SDL_log.h /usr/local/include/SDL2/SDL_stdinc.h /usr/local/include/SDL2/SDL_config.h /usr/local/include/SDL2/SDL_platform.h /usr/local/include/SDL2/begin_code.h /usr/local/include/SDL2/close_code.h Entities/../constants.hpp /usr/local/include/SDL2/SDL_rect.h /usr/local/include/SDL2/SDL_error.h /usr/local/include/SDL2/SDL_pixels.h /usr/local/include/SDL2/SDL_endian.h /usr/local/include/SDL2/SDL_rwops.h Entities/EntityManager.hpp Entities/../NC/cpp-vectors.hpp Entities/../NC/vectors.h Entities/ComponentPool.hpp Entities/../ComponentMetadata/component.hpp Entities/../ComponentMetadata/componentDecl.hpp Entities/../ComponentMetadata/_componentIDs.hpp Entities/EntityType.hpp Entities/ECS.hpp /usr/local/include/SDL2/SDL.h /usr/local/include/SDL2/SDL_main.h /usr/local/include/SDL2/SDL_assert.h /usr/local/include/SDL2/SDL_atomic.h /usr/local/include/SDL2/SDL_audio.h /usr/local/include/SDL2/SDL_mutex.h /usr/local/include/SDL2/SDL_thread.h /usr/local/include/SDL2/SDL_clipboard.h /usr/local/include/SDL2/SDL_cpuinfo.h /usr/local/include/SDL2/SDL_events.h /usr/local/include/SDL2/SDL_video.h /usr/local/include/SDL2/SDL_surface.h /usr/local/include/SDL2/SDL_blendmode.h /usr/local/include/SDL2/SDL_keyboard.h /usr/local/include/SDL2/SDL_keycode.h /usr/local/include/SDL2/SDL_scancode.h /usr/local/include/SDL2/SDL_mouse.h /usr/local/include/SDL2/SDL_joystick.h /usr/local/include/SDL2/SDL_gamecontroller.h /usr/local/include/SDL2/SDL_sensor.h /usr/local/include/SDL2/SDL_quit.h /usr/local/include/SDL2/SDL_gesture.h /usr/local/include/SDL2/SDL_touch.h /usr/local/include/SDL2/SDL_filesystem.h /usr/local/include/SDL2/SDL_haptic.h /usr/local/include/SDL2/SDL_hidapi.h /usr/local/include/SDL2/SDL_hints.h /usr/local/include/SDL2/SDL_loadso.h /usr/local/include/SDL2/SDL_messagebox.h /usr/local/include/SDL2/SDL_metal.h /usr/local/include/SDL2/SDL_power.h /usr/local/include/SDL2/SDL_render.h /usr/local/include/SDL2/SDL_shape.h /usr/local/include/SDL2/SDL_system.h /usr/local/include/SDL2/SDL_timer.h /usr/local/include/SDL2/SDL_version.h /usr/local/include/SDL2/SDL_locale.h /usr/local/include/SDL2/SDL_misc.h Entities/../Textures.hpp /usr/local/Cellar/sdl2_image/2.0.5/include/SDL2/SDL_image.h Entities/../SDL_FontCache/SDL_FontCache.h /usr/local/include/SDL2/SDL_ttf.h Entities/SystemsConstants.hpp Entities/EntitySystemInterface.hpp Entities/../Chunks.hpp Entities/../Tiles.hpp Entities/../NC/colors.h Entities/../Items.hpp Entities/../Entities/Entity.hpp
#  Implicit rule search has not been done.
#  Modification time never checked.
#  File has not been updated.

/usr/local/include/SDL2/SDL_hints.h:
#  Implicit rule search has been done.
#  Last modified 2022-01-10 15:09:57
#  File has been updated.
#  Successfully updated.
# variable set hash-table stats:
# Load=0/32=0%, Rehash=0, Collisions=0/0=0%

PlayerControls.hpp:
#  Implicit rule search has been done.
#  Last modified 2022-06-07 01:57:14
#  File has been updated.
#  Successfully updated.
# variable set hash-table stats:
# Load=0/32=0%, Rehash=0, Collisions=0/0=0%

GameViewport.o: GameViewport.cpp GameViewport.hpp NC/cpp-vectors.hpp NC/vectors.h constants.hpp /usr/local/include/SDL2/SDL_log.h /usr/local/include/SDL2/SDL_stdinc.h /usr/local/include/SDL2/SDL_config.h /usr/local/include/SDL2/SDL_platform.h /usr/local/include/SDL2/begin_code.h /usr/local/include/SDL2/close_code.h /usr/local/include/SDL2/SDL_rect.h /usr/local/include/SDL2/SDL_error.h /usr/local/include/SDL2/SDL_pixels.h /usr/local/include/SDL2/SDL_endian.h /usr/local/include/SDL2/SDL_rwops.h
#  Implicit rule search has not been done.
#  Modification time never checked.
#  File has not been updated.

web:
#  Implicit rule search has not been done.
#  Modification time never checked.
#  File has not been updated.
#  commands to execute (from `Makefile', line 71):
	em++ -DBUILD_EMSCRIPTEN main.cpp $(EMSC_OBJ_FILES)  \
	-o build/game.html \
	$(INCLUDES) \
	-I /usr/local/Cellar/emscripten/include \
	-s LLD_REPORT_UNDEFINED $(LINK_FLAGS) \
	--preload-file assets \
	-Wall -g -lm -s \
	USE_SDL=2 -s USE_SDL_IMAGE=2 -s USE_SDL_TTF=2 -s SDL2_IMAGE_FORMATS='["jpg","png"]' \
	--use-preload-plugins
	

Entities/Systems/../../Log.hpp:
#  Implicit rule search has been done.
#  Last modified 2022-05-23 02:16:21
#  File has been updated.
#  Successfully updated.
# variable set hash-table stats:
# Load=0/32=0%, Rehash=0, Collisions=0/0=0%

/usr/local/include/SDL2/SDL_version.h:
#  Implicit rule search has been done.
#  Last modified 2022-01-10 15:09:57
#  File has been updated.
#  Successfully updated.
# variable set hash-table stats:
# Load=0/32=0%, Rehash=0, Collisions=0/0=0%

main.o: main.cpp Makefile
#  Implicit rule search has been done.
#  Implicit/static pattern stem: `main'
#  Last modified 2022-06-06 13:19:57
#  File has been updated.
#  Successfully updated.
# variable set hash-table stats:
# Load=0/32=0%, Rehash=0, Collisions=0/0=0%
#  commands to execute (from `Makefile', line 58):
	$(CXX) $(CXXFLAGS) $(INCLUDES) -c $< -o $@
	

Entities/../ComponentMetadata/_componentIDs.hpp:
#  Implicit rule search has been done.
#  Last modified 2022-06-07 01:56:50
#  File has been updated.
#  Successfully updated.
# variable set hash-table stats:
# Load=0/32=0%, Rehash=0, Collisions=0/0=0%

/usr/local/Cellar/sdl2_image/2.0.5/include/SDL2/SDL_image.h:
#  Implicit rule search has been done.
#  Last modified 2021-11-28 01:28:13
#  File has been updated.
#  Successfully updated.
# variable set hash-table stats:
# Load=0/32=0%, Rehash=0, Collisions=0/0=0%

NC/polygons.h:
#  Implicit rule search has been done.
#  Last modified 2022-02-07 12:37:31
#  File has been updated.
#  Successfully updated.
# variable set hash-table stats:
# Load=0/32=0%, Rehash=0, Collisions=0/0=0%

/usr/local/include/SDL2/SDL_locale.h:
#  Implicit rule search has been done.
 
#  Last modified 2022-01-10 15:09:57
#  File has been updated.
#  Successfully updated.
# variable set hash-table stats:
# Load=0/32=0%, Rehash=0, Collisions=0/0=0%

Rendering/../GameState.hpp:
#  Implicit rule search has been done.
#  Last modified 2022-06-02 21:18:49
#  File has been updated.
#  Successfully updated.
# variable set hash-table stats:
# Load=0/32=0%, Rehash=0, Collisions=0/0=0%

Rendering/../Log.hpp:
#  Implicit rule search has been done.
#  Last modified 2022-05-23 02:16:21
#  File has been updated.
#  Successfully updated.
# variable set hash-table stats:
# Load=0/32=0%, Rehash=0, Collisions=0/0=0%

Entities/EntitySystemInterface.o: Entities/EntitySystemInterface.cpp Entities/EntitySystemInterface.hpp Entities/EntityManager.hpp Entities/../constants.hpp /usr/local/include/SDL2/SDL_log.h /usr/local/include/SDL2/SDL_stdinc.h /usr/local/include/SDL2/SDL_config.h /usr/local/include/SDL2/SDL_platform.h /usr/local/include/SDL2/begin_code.h /usr/local/include/SDL2/close_code.h /usr/local/include/SDL2/SDL_rect.h /usr/local/include/SDL2/SDL_error.h /usr/local/include/SDL2/SDL_pixels.h /usr/local/include/SDL2/SDL_endian.h /usr/local/include/SDL2/SDL_rwops.h Entities/../NC/cpp-vectors.hpp Entities/../NC/vectors.h Entities/../Log.hpp Entities/Entity.hpp Entities/Component.hpp Entities/../ComponentMetadata/macro.hpp Entities/../ComponentMetadata/getID.hpp Entities/ComponentPool.hpp Entities/../ComponentMetadata/component.hpp Entities/../ComponentMetadata/componentDecl.hpp Entities/../ComponentMetadata/_componentIDs.hpp
#  Implicit rule search has not been done.
#  Modification time never checked.
#  File has not been updated.

sourceEMCC:
#  Implicit rule search has not been done.
#  Modification time never checked.
#  File has not been updated.
#  commands to execute (from `Makefile', line 69):
	cd ~/emsdk && ./emsdk activate
	

# Not a target:
.SUFFIXES:
#  Implicit rule search has not been done.
#  Modification time never checked.
#  File has not been updated.

Entities/../SDL_FontCache/SDL_FontCache.h:
#  Implicit rule search has not been done.
#  Modification time never checked.
#  File has not been updated.

Rendering/rendering.hpp:
#  Implicit rule search has been done.
#  Last modified 2022-06-03 15:22:30
#  File has been updated.
#  Successfully updated.
# variable set hash-table stats:
# Load=0/32=0%, Rehash=0, Collisions=0/0=0%

Entities/Systems/../EntityManager.hpp:
#  Implicit rule search has been done.
#  Last modified 2022-06-06 12:54:52
#  File has been updated.
#  Successfully updated.
# variable set hash-table stats:
# Load=0/32=0%, Rehash=0, Collisions=0/0=0%

Rendering/../Tiles.hpp:
#  Implicit rule search has been done.
#  Last modified 2022-06-06 13:42:49
#  File has been updated.
#  Successfully updated.
# variable set hash-table stats:
# Load=0/32=0%, Rehash=0, Collisions=0/0=0%

Tiles.o: Tiles.cpp Tiles.hpp constants.hpp /usr/local/include/SDL2/SDL_log.h /usr/local/include/SDL2/SDL_stdinc.h /usr/local/include/SDL2/SDL_config.h /usr/local/include/SDL2/SDL_platform.h /usr/local/include/SDL2/begin_code.h /usr/local/include/SDL2/close_code.h /usr/local/include/SDL2/SDL_rect.h /usr/local/include/SDL2/SDL_error.h /usr/local/include/SDL2/SDL_pixels.h /usr/local/include/SDL2/SDL_endian.h /usr/local/include/SDL2/SDL_rwops.h NC/colors.h /usr/local/include/SDL2/SDL.h /usr/local/include/SDL2/SDL_main.h /usr/local/include/SDL2/SDL_assert.h /usr/local/include/SDL2/SDL_atomic.h /usr/local/include/SDL2/SDL_audio.h /usr/local/include/SDL2/SDL_mutex.h /usr/local/include/SDL2/SDL_thread.h /usr/local/include/SDL2/SDL_clipboard.h /usr/local/include/SDL2/SDL_cpuinfo.h /usr/local/include/SDL2/SDL_events.h /usr/local/include/SDL2/SDL_video.h /usr/local/include/SDL2/SDL_surface.h /usr/local/include/SDL2/SDL_blendmode.h /usr/local/include/SDL2/SDL_keyboard.h /usr/local/include/SDL2/SDL_keycode.h /usr/local/include/SDL2/SDL_scancode.h /usr/local/include/SDL2/SDL_mouse.h /usr/local/include/SDL2/SDL_joystick.h /usr/local/include/SDL2/SDL_gamecontroller.h /usr/local/include/SDL2/SDL_sensor.h /usr/local/include/SDL2/SDL_quit.h /usr/local/include/SDL2/SDL_gesture.h /usr/local/include/SDL2/SDL_touch.h /usr/local/include/SDL2/SDL_filesystem.h /usr/local/include/SDL2/SDL_haptic.h /usr/local/include/SDL2/SDL_hidapi.h /usr/local/include/SDL2/SDL_hints.h /usr/local/include/SDL2/SDL_loadso.h /usr/local/include/SDL2/SDL_messagebox.h /usr/local/include/SDL2/SDL_metal.h /usr/local/include/SDL2/SDL_power.h /usr/local/include/SDL2/SDL_render.h /usr/local/include/SDL2/SDL_shape.h /usr/local/include/SDL2/SDL_system.h /usr/local/include/SDL2/SDL_timer.h /usr/local/include/SDL2/SDL_version.h /usr/local/include/SDL2/SDL_locale.h /usr/local/include/SDL2/SDL_misc.h Textures.hpp /usr/local/Cellar/sdl2_image/2.0.5/include/SDL2/SDL_image.h SDL_FontCache/SDL_FontCache.h /usr/local/include/SDL2/SDL_ttf.h Items.hpp Log.hpp Entities/Entity.hpp Entities/Component.hpp Entities/../ComponentMetadata/macro.hpp Entities/../ComponentMetadata/getID.hpp Entities/../Log.hpp Entities/../constants.hpp
#  Implicit rule search has not been done.
#  Modification time never checked.
#  File has not been updated.

Entities/Systems/../../Debug.hpp:
#  Implicit rule search has been done.
#  Last modified 2022-05-23 02:18:42
#  File has been updated.
#  Successfully updated.
# variable set hash-table stats:
# Load=0/32=0%, Rehash=0, Collisions=0/0=0%

# Not a target:
Makefile:
#  Implicit rule search has been done.
#  Last modified 2022-06-06 13:18:42
#  File has been updated.
#  Successfully updated.
# variable set hash-table stats:
# Load=0/32=0%, Rehash=0, Collisions=0/0=0%

NC/geometry.h:
#  Implicit rule search has been done.
#  Last modified 2022-06-02 12:35:10
#  File has been updated.
#  Successfully updated.
# variable set hash-table stats:
# Load=0/32=0%, Rehash=0, Collisions=0/0=0%

Rendering/../Textures.hpp:
#  Implicit rule search has been done.
#  Last modified 2022-06-06 00:20:18
#  File has been updated.
#  Successfully updated.
# variable set hash-table stats:
# Load=0/32=0%, Rehash=0, Collisions=0/0=0%

Textures.o: Textures.cpp Textures.hpp /usr/local/include/SDL2/SDL.h /usr/local/include/SDL2/SDL_main.h /usr/local/include/SDL2/SDL_stdinc.h /usr/local/include/SDL2/SDL_config.h /usr/local/include/SDL2/SDL_platform.h /usr/local/include/SDL2/begin_code.h /usr/local/include/SDL2/close_code.h /usr/local/include/SDL2/SDL_assert.h /usr/local/include/SDL2/SDL_atomic.h /usr/local/include/SDL2/SDL_audio.h /usr/local/include/SDL2/SDL_error.h /usr/local/include/SDL2/SDL_endian.h /usr/local/include/SDL2/SDL_mutex.h /usr/local/include/SDL2/SDL_thread.h /usr/local/include/SDL2/SDL_rwops.h /usr/local/include/SDL2/SDL_clipboard.h /usr/local/include/SDL2/SDL_cpuinfo.h /usr/local/include/SDL2/SDL_events.h /usr/local/include/SDL2/SDL_video.h /usr/local/include/SDL2/SDL_pixels.h /usr/local/include/SDL2/SDL_rect.h /usr/local/include/SDL2/SDL_surface.h /usr/local/include/SDL2/SDL_blendmode.h /usr/local/include/SDL2/SDL_keyboard.h /usr/local/include/SDL2/SDL_keycode.h /usr/local/include/SDL2/SDL_scancode.h /usr/local/include/SDL2/SDL_mouse.h /usr/local/include/SDL2/SDL_joystick.h /usr/local/include/SDL2/SDL_gamecontroller.h /usr/local/include/SDL2/SDL_sensor.h /usr/local/include/SDL2/SDL_quit.h /usr/local/include/SDL2/SDL_gesture.h /usr/local/include/SDL2/SDL_touch.h /usr/local/include/SDL2/SDL_filesystem.h /usr/local/include/SDL2/SDL_haptic.h /usr/local/include/SDL2/SDL_hidapi.h /usr/local/include/SDL2/SDL_hints.h /usr/local/include/SDL2/SDL_loadso.h /usr/local/include/SDL2/SDL_log.h /usr/local/include/SDL2/SDL_messagebox.h /usr/local/include/SDL2/SDL_metal.h /usr/local/include/SDL2/SDL_power.h /usr/local/include/SDL2/SDL_render.h /usr/local/include/SDL2/SDL_shape.h /usr/local/include/SDL2/SDL_system.h /usr/local/include/SDL2/SDL_timer.h /usr/local/include/SDL2/SDL_version.h /usr/local/include/SDL2/SDL_locale.h /usr/local/include/SDL2/SDL_misc.h /usr/local/Cellar/sdl2_image/2.0.5/include/SDL2/SDL_image.h SDL_FontCache/SDL_FontCache.h /usr/local/include/SDL2/SDL_ttf.h
#  Implicit rule search has not been done.
#  Modification time never checked.
#  File has not been updated.

 
NC/physics.h:
#  Implicit rule search has been done.
#  Last modified 2022-02-12 13:37:32
#  File has been updated.
#  Successfully updated.
# variable set hash-table stats:
# Load=0/32=0%, Rehash=0, Collisions=0/0=0%

# Not a target:
Entities/EntitySystemInterface.d:
#  A default, MAKEFILES, or -include/sinclude makefile.
#  Implicit rule search has been done.
#  Last modified 2022-06-07 01:56:56
#  File has been updated.
#  Successfully updated.
# variable set hash-table stats:
# Load=0/32=0%, Rehash=0, Collisions=0/0=0%

Entities/EntitySystemInterface.hpp:
#  Implicit rule search has been done.
#  Last modified 2022-06-06 13:14:00
#  File has been updated.
#  Successfully updated.
# variable set hash-table stats:
# Load=0/32=0%, Rehash=0, Collisions=0/0=0%

Entities/Systems/../../GameViewport.hpp:
#  Implicit rule search has been done.
#  Last modified 2022-05-23 02:02:52
#  File has been updated.
#  Successfully updated.
# variable set hash-table stats:
# Load=0/32=0%, Rehash=0, Collisions=0/0=0%

update.o: update.cpp Makefile update.hpp /usr/local/include/SDL2/SDL.h /usr/local/include/SDL2/SDL_main.h /usr/local/include/SDL2/SDL_stdinc.h /usr/local/include/SDL2/SDL_config.h /usr/local/include/SDL2/SDL_platform.h /usr/local/include/SDL2/begin_code.h /usr/local/include/SDL2/close_code.h /usr/local/include/SDL2/SDL_assert.h /usr/local/include/SDL2/SDL_atomic.h /usr/local/include/SDL2/SDL_audio.h /usr/local/include/SDL2/SDL_error.h /usr/local/include/SDL2/SDL_endian.h /usr/local/include/SDL2/SDL_mutex.h /usr/local/include/SDL2/SDL_thread.h /usr/local/include/SDL2/SDL_rwops.h /usr/local/include/SDL2/SDL_clipboard.h /usr/local/include/SDL2/SDL_cpuinfo.h /usr/local/include/SDL2/SDL_events.h /usr/local/include/SDL2/SDL_video.h /usr/local/include/SDL2/SDL_pixels.h /usr/local/include/SDL2/SDL_rect.h /usr/local/include/SDL2/SDL_surface.h /usr/local/include/SDL2/SDL_blendmode.h /usr/local/include/SDL2/SDL_keyboard.h /usr/local/include/SDL2/SDL_keycode.h /usr/local/include/SDL2/SDL_scancode.h /usr/local/include/SDL2/SDL_mouse.h /usr/local/include/SDL2/SDL_joystick.h /usr/local/include/SDL2/SDL_gamecontroller.h /usr/local/include/SDL2/SDL_sensor.h /usr/local/include/SDL2/SDL_quit.h /usr/local/include/SDL2/SDL_gesture.h /usr/local/include/SDL2/SDL_touch.h /usr/local/include/SDL2/SDL_filesystem.h /usr/local/include/SDL2/SDL_haptic.h /usr/local/include/SDL2/SDL_hidapi.h /usr/local/include/SDL2/SDL_hints.h /usr/local/include/SDL2/SDL_loadso.h /usr/local/include/SDL2/SDL_log.h /usr/local/include/SDL2/SDL_messagebox.h /usr/local/include/SDL2/SDL_metal.h /usr/local/include/SDL2/SDL_power.h /usr/local/include/SDL2/SDL_render.h /usr/local/include/SDL2/SDL_shape.h /usr/local/include/SDL2/SDL_system.h /usr/local/include/SDL2/SDL_timer.h /usr/local/include/SDL2/SDL_version.h /usr/local/include/SDL2/SDL_locale.h /usr/local/include/SDL2/SDL_misc.h SDL_FontCache/SDL_FontCache.h /usr/local/include/SDL2/SDL_ttf.h NC/SDLContext.h /usr/local/Cellar/sdl2_image/2.0.5/include/SDL2/SDL_image.h constants.hpp Textures.hpp GameState.hpp NC/cpp-vectors.hpp NC/vectors.h NC/utils.h Tiles.hpp NC/colors.h Items.hpp Log.hpp Entities/Entity.hpp Entities/Component.hpp Entities/../ComponentMetadata/macro.hpp Entities/../ComponentMetadata/getID.hpp Entities/../Log.hpp Entities/../constants.hpp Chunks.hpp Player.hpp Entities/Entities.hpp Entities/ECS.hpp Entities/../NC/cpp-vectors.hpp Entities/../Textures.hpp Entities/SystemsConstants.hpp Entities/EntityManager.hpp Entities/ComponentPool.hpp Entities/../ComponentMetadata/component.hpp Entities/../ComponentMetadata/componentDecl.hpp Entities/../ComponentMetadata/_componentIDs.hpp Entities/EntitySystemInterface.hpp Entities/../Chunks.hpp Entities/Components.hpp Entities/../Items.hpp Entities/EntityType.hpp GameViewport.hpp PlayerControls.hpp Debug.hpp Metadata.hpp NC/physics.h NC/geometry.h NC/lines.h NC/polygons.h GUI.hpp Rendering/Drawing.hpp Rendering/../GameState.hpp Rendering/../GameViewport.hpp Entities/Systems/Rendering.hpp Entities/Systems/../EntitySystem.hpp Entities/Systems/../EntityManager.hpp Entities/Systems/../../GameViewport.hpp Entities/Systems/../../Log.hpp Entities/Systems/../../Rendering/Drawing.hpp Entities/Systems/../../Debug.hpp Entities/Systems/Systems.hpp Entities/Systems/../ECS.hpp Entities/Systems/../EntityType.hpp Entities/Systems/../../constants.hpp Rendering/rendering.hpp Rendering/../Tiles.hpp Rendering/../Metadata.hpp Rendering/../Textures.hpp Rendering/../Debug.hpp Rendering/../GUI.hpp Rendering/../NC/colors.h Rendering/../Log.hpp Rendering/../Entities/Systems/Rendering.hpp
#  Implicit rule search has been done.
#  Implicit/static pattern stem: `update'
#  Last modified 2022-06-07 01:56:52
#  File has been updated.
#  Needs to be updated (-q is set).
# automatic
# @ := update.o
# automatic
# % := 
# automatic
# * := update
# automatic
# + := update.cpp Makefile update.cpp update.hpp /usr/local/include/SDL2/SDL.h /usr/local/include/SDL2/SDL_main.h /usr/local/include/SDL2/SDL_stdinc.h /usr/local/include/SDL2/SDL_config.h /usr/local/include/SDL2/SDL_platform.h /usr/local/include/SDL2/begin_code.h /usr/local/include/SDL2/close_code.h /usr/local/include/SDL2/SDL_assert.h /usr/local/include/SDL2/SDL_atomic.h /usr/local/include/SDL2/SDL_audio.h /usr/local/include/SDL2/SDL_error.h /usr/local/include/SDL2/SDL_endian.h /usr/local/include/SDL2/SDL_mutex.h /usr/local/include/SDL2/SDL_thread.h /usr/local/include/SDL2/SDL_rwops.h /usr/local/include/SDL2/SDL_clipboard.h /usr/local/include/SDL2/SDL_cpuinfo.h /usr/local/include/SDL2/SDL_events.h /usr/local/include/SDL2/SDL_video.h /usr/local/include/SDL2/SDL_pixels.h /usr/local/include/SDL2/SDL_rect.h /usr/local/include/SDL2/SDL_surface.h /usr/local/include/SDL2/SDL_blendmode.h /usr/local/include/SDL2/SDL_keyboard.h /usr/local/include/SDL2/SDL_keycode.h /usr/local/include/SDL2/SDL_scancode.h /usr/local/include/SDL2/SDL_mouse.h /usr/local/include/SDL2/SDL_joystick.h /usr/local/include/SDL2/SDL_gamecontroller.h /usr/local/include/SDL2/SDL_sensor.h /usr/local/include/SDL2/SDL_quit.h /usr/local/include/SDL2/SDL_gesture.h /usr/local/include/SDL2/SDL_touch.h /usr/local/include/SDL2/SDL_filesystem.h /usr/local/include/SDL2/SDL_haptic.h /usr/local/include/SDL2/SDL_hidapi.h /usr/local/include/SDL2/SDL_hints.h /usr/local/include/SDL2/SDL_loadso.h /usr/local/include/SDL2/SDL_log.h /usr/local/include/SDL2/SDL_messagebox.h /usr/local/include/SDL2/SDL_metal.h /usr/local/include/SDL2/SDL_power.h /usr/local/include/SDL2/SDL_render.h /usr/local/include/SDL2/SDL_shape.h /usr/local/include/SDL2/SDL_system.h /usr/local/include/SDL2/SDL_timer.h /usr/local/include/SDL2/SDL_version.h /usr/local/include/SDL2/SDL_locale.h /usr/local/include/SDL2/SDL_misc.h SDL_FontCache/SDL_FontCache.h /usr/local/include/SDL2/SDL_ttf.h NC/SDLContext.h /usr/local/Cellar/sdl2_image/2.0.5/include/SDL2/SDL_image.h constants.hpp Textures.hpp GameState.hpp NC/cpp-vectors.hpp NC/vectors.h NC/utils.h Tiles.hpp NC/colors.h Items.hpp Log.hpp Entities/Entity.hpp Entities/Component.hpp Entities/../ComponentMetadata/macro.hpp Entities/../ComponentMetadata/getID.hpp Entities/../Log.hpp Entities/../constants.hpp Chunks.hpp Player.hpp Entities/Entities.hpp Entities/ECS.hpp Entities/../NC/cpp-vectors.hpp Entities/../Textures.hpp Entities/SystemsConstants.hpp Entities/EntityManager.hpp Entities/ComponentPool.hpp Entities/../ComponentMetadata/component.hpp Entities/../ComponentMetadata/componentDecl.hpp Entities/../ComponentMetadata/_componentIDs.hpp Entities/EntitySystemInterface.hpp Entities/../Chunks.hpp Entities/Components.hpp Entities/../Items.hpp Entities/EntityType.hpp GameViewport.hpp PlayerControls.hpp Debug.hpp Metadata.hpp NC/physics.h NC/geometry.h NC/lines.h NC/polygons.h GUI.hpp Rendering/Drawing.hpp Rendering/../GameState.hpp Rendering/../GameViewport.hpp Entities/Systems/Rendering.hpp Entities/Systems/../EntitySystem.hpp Entities/Systems/../EntityManager.hpp 
 Entities/Systems/../../GameViewport.hpp Entities/Systems/../../Log.hpp Entities/Systems/../../Rendering/Drawing.hpp Entities/Systems/../../Debug.hpp Entities/Systems/Systems.hpp Entities/Systems/../ECS.hpp Entities/Systems/../EntityType.hpp Entities/Systems/../../constants.hpp Rendering/rendering.hpp Rendering/../Tiles.hpp Rendering/../Metadata.hpp Rendering/../Textures.hpp Rendering/../Debug.hpp Rendering/../GUI.hpp Rendering/../NC/colors.h Rendering/../Log.hpp Rendering/../Entities/Systems/Rendering.hpp
# automatic
# | := 
# automatic
# < := update.cpp
# automatic
# ^ := update.cpp Makefile update.hpp /usr/local/include/SDL2/SDL.h /usr/local/include/SDL2/SDL_main.h /usr/local/include/SDL2/SDL_stdinc.h /usr/local/include/SDL2/SDL_config.h /usr/local/include/SDL2/SDL_platform.h /usr/local/include/SDL2/begin_code.h /usr/local/include/SDL2/close_code.h /usr/local/include/SDL2/SDL_assert.h /usr/local/include/SDL2/SDL_atomic.h /usr/local/include/SDL2/SDL_audio.h /usr/local/include/SDL2/SDL_error.h /usr/local/include/SDL2/SDL_endian.h /usr/local/include/SDL2/SDL_mutex.h /usr/local/include/SDL2/SDL_thread.h /usr/local/include/SDL2/SDL_rwops.h /usr/local/include/SDL2/SDL_clipboard.h /usr/local/include/SDL2/SDL_cpuinfo.h /usr/local/include/SDL2/SDL_events.h /usr/local/include/SDL2/SDL_video.h /usr/local/include/SDL2/SDL_pixels.h /usr/local/include/SDL2/SDL_rect.h /usr/local/include/SDL2/SDL_surface.h /usr/local/include/SDL2/SDL_blendmode.h /usr/local/include/SDL2/SDL_keyboard.h /usr/local/include/SDL2/SDL_keycode.h /usr/local/include/SDL2/SDL_scancode.h /usr/local/include/SDL2/SDL_mouse.h /usr/local/include/SDL2/SDL_joystick.h /usr/local/include/SDL2/SDL_gamecontroller.h /usr/local/include/SDL2/SDL_sensor.h /usr/local/include/SDL2/SDL_quit.h /usr/local/include/SDL2/SDL_gesture.h /usr/local/include/SDL2/SDL_touch.h /usr/local/include/SDL2/SDL_filesystem.h /usr/local/include/SDL2/SDL_haptic.h /usr/local/include/SDL2/SDL_hidapi.h /usr/local/include/SDL2/SDL_hints.h /usr/local/include/SDL2/SDL_loadso.h /usr/local/include/SDL2/SDL_log.h /usr/local/include/SDL2/SDL_messagebox.h /usr/local/include/SDL2/SDL_metal.h /usr/local/include/SDL2/SDL_power.h /usr/local/include/SDL2/SDL_render.h /usr/local/include/SDL2/SDL_shape.h /usr/local/include/SDL2/SDL_system.h /usr/local/include/SDL2/SDL_timer.h /usr/local/include/SDL2/SDL_version.h /usr/local/include/SDL2/SDL_locale.h /usr/local/include/SDL2/SDL_misc.h SDL_FontCache/SDL_FontCache.h /usr/local/include/SDL2/SDL_ttf.h NC/SDLContext.h /usr/local/Cellar/sdl2_image/2.0.5/include/SDL2/SDL_image.h constants.hpp Textures.hpp GameState.hpp NC/cpp-vectors.hpp NC/vectors.h NC/utils.h Tiles.hpp NC/colors.h Items.hpp Log.hpp Entities/Entity.hpp Entities/Component.hpp Entities/../ComponentMetadata/macro.hpp Entities/../ComponentMetadata/getID.hpp Entities/../Log.hpp Entities/../constants.hpp Chunks.hpp Player.hpp Entities/Entities.hpp Entities/ECS.hpp Entities/../NC/cpp-vectors.hpp Entities/../Textures.hpp Entities/SystemsConstants.hpp Entities/EntityManager.hpp Entities/ComponentPool.hpp Entities/../ComponentMetadata/component.hpp Entities/../ComponentMetadata/componentDecl.hpp Entities/../ComponentMetadata/_componentIDs.hpp Entities/EntitySystemInterface.hpp Entities/../Chunks.hpp Entities/Components.hpp Entities/../Items.hpp Entities/EntityType.hpp GameViewport.hpp PlayerControls.hpp Debug.hpp Metadata.hpp NC/physics.h NC/geometry.h NC/lines.h NC/polygons.h GUI.hpp Rendering/Drawing.hpp Rendering/../GameState.hpp Rendering/../GameViewport.hpp Entities/Systems/Rendering.hpp Entities/Systems/../EntitySystem.hpp Entities/Systems/../EntityManager.hpp Entities/Systems/../../GameViewport.hpp Entities/Systems/../../Log.hpp Entities/Systems/../../Rendering/Drawing.hpp Entities/Systems/../../Debug.hpp Entities/Systems/Systems.hpp Entities/Systems/../ECS.hpp Entities/Systems/../EntityType.hpp Entities/Systems/../../constants.hpp Rendering/rendering.hpp Rendering/../Tiles.hpp Rendering/../Metadata.hpp Rendering/../Textures.hpp Rendering/../Debug.hpp Rendering/../GUI.hpp Rendering/../NC/colors.h Rendering/../Log.hpp Rendering/../Entities/Systems/Rendering.hpp
# automatic
# ? := Chunks.hpp Entities/Entities.hpp Entities/../Chunks.hpp Entities/Components.hpp PlayerControls.hpp Entities/Systems/Systems.hpp
# variable set hash-table stats:
# Load=8/32=25%, Rehash=0, Collisions=1/15=7%
#  commands to execute (from `Makefile', line 58):
	$(CXX) $(CXXFLAGS) $(INCLUDES) -c $< -o $@
	

/usr/local/include/SDL2/SDL_platform.h:
#  Implicit rule search has been done.
#  Last modified 2022-01-10 15:09:57
#  File has been updated.
#  Successfully updated.
# variable set hash-table stats:
# Load=0/32=0%, Rehash=0, Collisions=0/0=0%

Rendering/../Debug.hpp:
#  Implicit rule search has been done.
#  Last modified 2022-05-23 02:18:42
#  File has been updated.
#  Successfully updated.
# variable set hash-table stats:
# Load=0/32=0%, Rehash=0, Collisions=0/0=0%

Debug.o: Debug.cpp Debug.hpp
#  Implicit rule search has not been done.
#  Modification time never checked.
#  File has not been updated.

/usr/local/include/SDL2/SDL_loadso.h:
#  Implicit rule search has been done.
#  Last modified 2022-01-10 15:09:57
#  File has been updated.
#  Successfully updated.
# variable set hash-table stats:
# Load=0/32=0%, Rehash=0, Collisions=0/0=0%

Entities/Components.o: Entities/Components.cpp Entities/Components.hpp /usr/local/include/SDL2/SDL.h /usr/local/include/SDL2/SDL_main.h /usr/local/include/SDL2/SDL_stdinc.h /usr/local/include/SDL2/SDL_config.h /usr/local/include/SDL2/SDL_platform.h /usr/local/include/SDL2/begin_code.h /usr/local/include/SDL2/close_code.h /usr/local/include/SDL2/SDL_assert.h /usr/local/include/SDL2/SDL_atomic.h /usr/local/include/SDL2/SDL_audio.h /usr/local/include/SDL2/SDL_error.h /usr/local/include/SDL2/SDL_endian.h /usr/local/include/SDL2/SDL_mutex.h /usr/local/include/SDL2/SDL_thread.h /usr/local/include/SDL2/SDL_rwops.h /usr/local/include/SDL2/SDL_clipboard.h /usr/local/include/SDL2/SDL_cpuinfo.h /usr/local/include/SDL2/SDL_events.h /usr/local/include/SDL2/SDL_video.h /usr/local/include/SDL2/SDL_pixels.h /usr/local/include/SDL2/SDL_rect.h /usr/local/include/SDL2/SDL_surface.h /usr/local/include/SDL2/SDL_blendmode.h /usr/local/include/SDL2/SDL_keyboard.h /usr/local/include/SDL2/SDL_keycode.h /usr/local/include/SDL2/SDL_scancode.h /usr/local/include/SDL2/SDL_mouse.h /usr/local/include/SDL2/SDL_joystick.h /usr/local/include/SDL2/SDL_gamecontroller.h /usr/local/include/SDL2/SDL_sensor.h /usr/local/include/SDL2/SDL_quit.h /usr/local/include/SDL2/SDL_gesture.h /usr/local/include/SDL2/SDL_touch.h /usr/local/include/SDL2/SDL_filesystem.h /usr/local/include/SDL2/SDL_haptic.h /usr/local/include/SDL2/SDL_hidapi.h /usr/local/include/SDL2/SDL_hints.h /usr/local/include/SDL2/SDL_loadso.h /usr/local/include/SDL2/SDL_log.h /usr/local/include/SDL2/SDL_messagebox.h /usr/local/include/SDL2/SDL_metal.h /usr/local/include/SDL2/SDL_power.h /usr/local/include/SDL2/SDL_render.h /usr/local/include/SDL2/SDL_shape.h /usr/local/include/SDL2/SDL_system.h /usr/local/include/SDL2/SDL_timer.h /usr/local/include/SDL2/SDL_version.h /usr/local/include/SDL2/SDL_locale.h /usr/local/include/SDL2/SDL_misc.h Entities/../NC/cpp-vectors.hpp Entities/../NC/vectors.h Entities/../Items.hpp Entities/../Log.hpp Entities/EntityType.hpp Entities/Entity.hpp Entities/Component.hpp Entities/../ComponentMetadata/macro.hpp Entities/../ComponentMetadata/getID.hpp Entities/../constants.hpp Entities/ECS.hpp Entities/../Textures.hpp /usr/local/Cellar/sdl2_image/2.0.5/include/SDL2/SDL_image.h Entities/../SDL_FontCache/SDL_FontCache.h /usr/local/include/SDL2/SDL_ttf.h Entities/SystemsConstants.hpp Entities/EntityManager.hpp Entities/ComponentPool.hpp Entities/../ComponentMetadata/component.hpp Entities/../ComponentMetadata/componentDecl.hpp Entities/../ComponentMetadata/_componentIDs.hpp Entities/EntitySystemInterface.hpp Entities/../Chunks.hpp Entities/../Tiles.hpp Entities/../NC/colors.h Entities/../Entities/Entity.hpp
#  Implicit rule search has not been done.
#  Modification time never checked.
#  File has not been updated.

constants.hpp:
#  Implicit rule search has been done.
 
#  Last modified 2022-06-02 15:11:46
#  File has been updated.
#  Successfully updated.
# variable set hash-table stats:
# Load=0/32=0%, Rehash=0, Collisions=0/0=0%

/usr/local/include/SDL2/SDL_filesystem.h:
#  Implicit rule search has been done.
#  Last modified 2022-01-10 15:09:57
#  File has been updated.
#  Successfully updated.
# variable set hash-table stats:
# Load=0/32=0%, Rehash=0, Collisions=0/0=0%

Entities/../NC/colors.h:
#  Implicit rule search has not been done.
#  Modification time never checked.
#  File has not been updated.

# Not a target:
Metadata.cpp:
#  Implicit rule search has not been done.
#  Modification time never checked.
#  File has not been updated.

Rendering/../GameViewport.hpp:
#  Implicit rule search has been done.
#  Last modified 2022-05-23 02:02:52
#  File has been updated.
#  Successfully updated.
# variable set hash-table stats:
# Load=0/32=0%, Rehash=0, Collisions=0/0=0%

NC/utils.h:
#  Implicit rule search has been done.
#  Last modified 2022-05-05 02:10:38
#  File has been updated.
#  Successfully updated.
# variable set hash-table stats:
# Load=0/32=0%, Rehash=0, Collisions=0/0=0%

/usr/local/include/SDL2/SDL_ttf.h:
#  Implicit rule search has been done.
#  Last modified 2022-03-10 22:57:34
#  File has been updated.
#  Successfully updated.
# variable set hash-table stats:
# Load=0/32=0%, Rehash=0, Collisions=0/0=0%

Entities/../ComponentMetadata/getID.hpp:
#  Implicit rule search has been done.
#  Last modified 2022-06-02 00:48:24
#  File has been updated.
#  Successfully updated.
# variable set hash-table stats:
# Load=0/32=0%, Rehash=0, Collisions=0/0=0%

/usr/local/include/SDL2/SDL_scancode.h:
#  Implicit rule search has been done.
#  Last modified 2022-01-10 15:09:57
#  File has been updated.
#  Successfully updated.
# variable set hash-table stats:
# Load=0/32=0%, Rehash=0, Collisions=0/0=0%

Entities/Entity.o: Entities/Entity.cpp Entities/Entity.hpp Entities/Component.hpp Entities/../ComponentMetadata/macro.hpp Entities/../ComponentMetadata/getID.hpp Entities/../Log.hpp /usr/local/include/SDL2/SDL_log.h /usr/local/include/SDL2/SDL_stdinc.h /usr/local/include/SDL2/SDL_config.h /usr/local/include/SDL2/SDL_platform.h /usr/local/include/SDL2/begin_code.h /usr/local/include/SDL2/close_code.h Entities/../constants.hpp /usr/local/include/SDL2/SDL_rect.h /usr/local/include/SDL2/SDL_error.h /usr/local/include/SDL2/SDL_pixels.h /usr/local/include/SDL2/SDL_endian.h /usr/local/include/SDL2/SDL_rwops.h
#  Implicit rule search has not been done.
#  Modification time never checked.
#  File has not been updated.

Entities/../Items.hpp:
#  Implicit rule search has been done.
#  Last modified 2022-06-01 22:57:05
#  File has been updated.
#  Successfully updated.
# variable set hash-table stats:
# Load=0/32=0%, Rehash=0, Collisions=0/0=0%

# Not a target:
main.cpp:
#  Implicit rule search has been done.
#  Last modified 2022-06-06 12:20:47
#  File has been updated.
#  Successfully updated.
# variable set hash-table stats:
# Load=0/32=0%, Rehash=0, Collisions=0/0=0%

SDL2_gfx/SDL2_gfxPrimitives.h:
#  Implicit rule search has not been done.
#  Modification time never checked.
#  File has not been updated.

# Not a target:
GUI.cpp:
#  Implicit rule search has not been done.
#  Modification time never checked.
#  File has not been updated.

/usr/local/include/SDL2/SDL_events.h:
#  Implicit rule search has been done.
#  Last modified 2022-01-10 15:09:57
#  File has been updated.
#  Successfully updated.
# variable set hash-table stats:
# Load=0/32=0%, Rehash=0, Collisions=0/0=0%

/usr/local/include/SDL2/SDL_rwops.h:
#  Implicit rule search has been done.
#  Last modified 2022-01-10 15:09:57
#  File has been updated.
#  Successfully updated.
# variable set hash-table stats:
# Load=0/32=0%, Rehash=0, Collisions=0/0=0%

/usr/local/include/SDL2/SDL_system.h:
#  Implicit rule search has been done.
#  Last modified 2022-01-10 15:09:57
#  File has been updated.
#  Successfully updated.
# variable set hash-table stats:
# Load=0/32=0%, Rehash=0, Collisions=0/0=0%

/usr/local/include/SDL2/SDL_assert.h:
#  Implicit rule search has been done.
#  Last modified 2022-01-10 15:09:57
#  File has been updated.
#  Successfully updated.
# variable set hash-table stats:
# Load=0/32=0%, Rehash=0, Collisions=0/0=0%

Entities/Systems/Systems.hpp:
#  Implicit rule search has been done.
#  Last modified 2022-06-07 02:12:41
#  File has been updated.
#  Successfully updated.
# variable set hash-table stats:
# Load=0/32=0%, Rehash=0, Collisions=0/0=0%

/usr/local/include/SDL2/SDL_touch.h:
#  Implicit rule search has been done.
#  Last modified 2022-01-10 15:09:57
#  File has been updated.
#  Successfully updated.
# variable set hash-table stats:
# Load=0/32=0%, Rehash=0, Collisions=0/0=0%

/usr/local/include/SDL2/SDL_haptic.h:
#  Implicit rule search has been done.
#  Last modified 2022-01-10 15:09:57
#  File has been updated.
#  Successfully updated.
# variable set hash-table stats:
# Load=0/32=0%, Rehash=0, Collisions=0/0=0%

SDL2_gfx/SDL2_gfx.h:
#  Implicit rule search has not been done.
#  Modification time never checked.
#  File has not been updated.

# Not a target:
Items.d:
#  A default, MAKEFILES, or -include/sinclude makefile.
#  Implicit rule search has been done.
#  Last modified 2022-06-06 13:20:04
#  File has been updated.
#  Successfully updated.
# variable set hash-table stats:
# Load=0/32=0%, Rehash=0, Collisions=0/0=0%

/usr/local/include/SDL2/SDL_sensor.h:
#  Implicit rule search has been done.
#  Last modified 2022-01-10 15:09:57
#  File has been updated.
#  Successfully updated.
# variable set hash-table stats:
# Load=0/32=0%, Rehash=0, Collisions=0/0=0%

Entities/Entities.o: Entities/Entities.cpp Entities/Entities.hpp Entities/ECS.hpp /usr/local/include/SDL2/SDL.h /usr/local/include/SDL2/SDL_main.h /usr/local/include/SDL2/SDL_stdinc.h /usr/local/include/SDL2/SDL_config.h /usr/local/include/SDL2/SDL_platform.h /usr/local/include/SDL2/begin_code.h /usr/local/include/SDL2/close_code.h /usr/local/include/SDL2/SDL_assert.h /usr/local/include/SDL2/SDL_atomic.h /usr/local/include/SDL2/SDL_audio.h /usr/local/include/SDL2/SDL_error.h /usr/local/include/SDL2/SDL_endian.h /usr/local/include/SDL2/SDL_mutex.h /usr/local/include/SDL2/SDL_thread.h /usr/local/include/SDL2/SDL_rwops.h /usr/local/include/SDL2/SDL_clipboard.h /usr/local/include/SDL2/SDL_cpuinfo.h /usr/local/include/SDL2/SDL_events.h /usr/local/include/SDL2/SDL_video.h /usr/local/include/SDL2/SDL_pixels.h /usr/local/include/SDL2/SDL_rect.h /usr/local/include/SDL2/SDL_surface.h /usr/local/include/SDL2/SDL_blendmode.h /usr/local/include/SDL2/SDL_keyboard.h /usr/local/include/SDL2/SDL_keycode.h /usr/local/include/SDL2/SDL_scancode.h /usr/local/include/SDL2/SDL_mouse.h /usr/local/include/SDL2/SDL_joystick.h /usr/local/include/SDL2/SDL_gamecontroller.h /usr/local/include/SDL2/SDL_sensor.h /usr/local/include/SDL2/SDL_quit.h /usr/local/include/SDL2/SDL_gesture.h /usr/local/include/SDL2/SDL_touch.h /usr/local/include/SDL2/SDL_filesystem.h /usr/local/include/SDL2/SDL_haptic.h /usr/local/include/SDL2/SDL_hidapi.h /usr/local/include/SDL2/SDL_hints.h /usr/local/include/SDL2/SDL_loadso.h /usr/local/include/SDL2/SDL_log.h /usr/local/include/SDL2/SDL_messagebox.h /usr/local/include/SDL2/SDL_metal.h /usr/local/include/SDL2/SDL_power.h /usr/local/include/SDL2/SDL_render.h /usr/local/include/SDL2/SDL_shape.h /usr/local/include/SDL2/SDL_system.h /usr/local/include/SDL2/SDL_timer.h /usr/local/include/SDL2/SDL_version.h /usr/local/include/SDL2/SDL_locale.h /usr/local/include/SDL2/SDL_misc.h Entities/../constants.hpp Entities/../NC/cpp-vectors.hpp Entities/../NC/vectors.h Entities/../Textures.hpp /usr/local/Cellar/sdl2_image/2.0.5/includ 
e/SDL2/SDL_image.h Entities/../SDL_FontCache/SDL_FontCache.h /usr/local/include/SDL2/SDL_ttf.h Entities/../Log.hpp Entities/Entity.hpp Entities/Component.hpp Entities/../ComponentMetadata/macro.hpp Entities/../ComponentMetadata/getID.hpp Entities/SystemsConstants.hpp Entities/EntityManager.hpp Entities/ComponentPool.hpp Entities/../ComponentMetadata/component.hpp Entities/../ComponentMetadata/componentDecl.hpp Entities/../ComponentMetadata/_componentIDs.hpp Entities/EntitySystemInterface.hpp Entities/../Chunks.hpp Entities/../Tiles.hpp Entities/../NC/colors.h Entities/../Items.hpp Entities/../Entities/Entity.hpp Entities/Components.hpp Entities/EntityType.hpp
#  Implicit rule search has not been done.
#  Modification time never checked.
#  File has not been updated.

Items.hpp:
#  Implicit rule search has been done.
#  Last modified 2022-06-01 22:57:05
#  File has been updated.
#  Successfully updated.
# variable set hash-table stats:
# Load=0/32=0%, Rehash=0, Collisions=0/0=0%

# Not a target:
Entities/EntityType.cpp:
#  Implicit rule search has not been done.
#  Modification time never checked.
#  File has not been updated.

Entities/../Chunks.hpp:
#  Implicit rule search has been done.
#  Last modified 2022-06-07 02:29:40
#  File has been updated.
#  Successfully updated.
# variable set hash-table stats:
# Load=0/32=0%, Rehash=0, Collisions=0/0=0%

/usr/local/include/SDL2/SDL_keycode.h:
#  Implicit rule search has been done.
#  Last modified 2022-01-10 15:09:57
#  File has been updated.
#  Successfully updated.
# variable set hash-table stats:
# Load=0/32=0%, Rehash=0, Collisions=0/0=0%

SDL_FontCache/SDL_FontCache.h:
#  Implicit rule search has been done.
#  Last modified 2022-05-23 02:38:07
#  File has been updated.
#  Successfully updated.
# variable set hash-table stats:
# Load=0/32=0%, Rehash=0, Collisions=0/0=0%

/usr/local/include/SDL2/SDL_clipboard.h:
#  Implicit rule search has been done.
#  Last modified 2022-01-10 15:09:57
#  File has been updated.
#  Successfully updated.
# variable set hash-table stats:
# Load=0/32=0%, Rehash=0, Collisions=0/0=0%

# Not a target:
PlayerControls.cpp:
#  Implicit rule search has not been done.
#  Modification time never checked.
#  File has not been updated.

Entities/EntityManager.o: Entities/EntityManager.cpp Entities/EntityManager.hpp Entities/../constants.hpp /usr/local/include/SDL2/SDL_log.h /usr/local/include/SDL2/SDL_stdinc.h /usr/local/include/SDL2/SDL_config.h /usr/local/include/SDL2/SDL_platform.h /usr/local/include/SDL2/begin_code.h /usr/local/include/SDL2/close_code.h /usr/local/include/SDL2/SDL_rect.h /usr/local/include/SDL2/SDL_error.h /usr/local/include/SDL2/SDL_pixels.h /usr/local/include/SDL2/SDL_endian.h /usr/local/include/SDL2/SDL_rwops.h Entities/../NC/cpp-vectors.hpp Entities/../NC/vectors.h Entities/../Log.hpp Entities/Entity.hpp Entities/Component.hpp Entities/../ComponentMetadata/macro.hpp Entities/../ComponentMetadata/getID.hpp Entities/ComponentPool.hpp Entities/../ComponentMetadata/component.hpp Entities/../ComponentMetadata/componentDecl.hpp Entities/../ComponentMetadata/_componentIDs.hpp
#  Implicit rule search has not been done.
#  Modification time never checked.
#  File has not been updated.

# Not a target:
Metadata.d:
#  A default, MAKEFILES, or -include/sinclude makefile.
#  Implicit rule search has been done.
#  Last modified 2022-06-06 13:20:36
#  File has been updated.
#  Successfully updated.
# variable set hash-table stats:
# Load=0/32=0%, Rehash=0, Collisions=0/0=0%

Metadata.hpp:
#  Implicit rule search has been done.
#  Last modified 2022-05-23 02:13:00
#  File has been updated.
#  Successfully updated.
# variable set hash-table stats:
# Load=0/32=0%, Rehash=0, Collisions=0/0=0%

/usr/local/include/SDL2/SDL_hidapi.h:
#  Implicit rule search has been done.
#  Last modified 2022-01-10 15:09:57
#  File has been updated.
#  Successfully updated.
# variable set hash-table stats:
# Load=0/32=0%, Rehash=0, Collisions=0/0=0%

NC/lines.h:
#  Implicit rule search has been done.
#  Last modified 2022-02-12 13:37:32
#  File has been updated.
#  Successfully updated.
# variable set hash-table stats:
# Load=0/32=0%, Rehash=0, Collisions=0/0=0%

NC/vectors.h:
#  Implicit rule search has been done.
#  Last modified 2022-02-12 13:37:32
#  File has been updated.
#  Successfully updated.
# variable set hash-table stats:
# Load=0/32=0%, Rehash=0, Collisions=0/0=0%

SDL2_gfx/SDL2_framerate.h:
#  Implicit rule search has not been done.
#  Modification time never checked.
#  File has not been updated.

/usr/local/include/SDL2/SDL_keyboard.h:
#  Implicit rule search has been done.
#  Last modified 2022-01-10 15:09:57
#  File has been updated.
#  Successfully updated.
# variable set hash-table stats:
# Load=0/32=0%, Rehash=0, Collisions=0/0=0%

SDL2_gfx/SDL2_rotozoom.h:
#  Implicit rule search has not been done.
#  Modification time never checked.
#  File has not been updated.

/usr/local/include/SDL2/SDL_video.h:
#  Implicit rule search has been done.
#  Last modified 2022-01-10 15:09:57
#  File has been updated.
#  Successfully updated.
# variable set hash-table stats:
# Load=0/32=0%, Rehash=0, Collisions=0/0=0%

# Not a target:
Chunks.cpp:
#  Implicit rule search has not been done.
#  Modification time never checked.
#  File has not been updated.

/usr/local/include/SDL2/SDL_metal.h:
#  Implicit rule search has been done.
#  Last modified 2022-01-10 15:09:57
#  File has been updated.
#  Successfully updated.
# variable set hash-table stats:
# Load=0/32=0%, Rehash=0, Collisions=0/0=0%

/usr/local/include/SDL2/SDL_main.h:
#  Implicit rule search has been done.
#  Last modified 2022-01-10 15:09:57
#  File has been updated.
#  Successfully updated.
# variable set hash-table stats:
# Load=0/32=0%, Rehash=0, Collisions=0/0=0%

/usr/local/include/SDL2/SDL_cpuinfo.h:
#  Implicit rule search has been done.
#  Last modified 2022-01-10 15:09:57
#  File has been updated.
#  Successfully updated.
# variable set hash-table stats:
# Load=0/32=0%, Rehash=0, Collisions=0/0=0%

# Not a target:
(main.d:
#  A default, MAKEFILES, or -include/sinclude makefile.
#  Implicit rule search has been done.
#  File does not exist.
#  File has been updated.
#  Failed to be updated.
# variable set hash-table stats:
# Load=0/32=0%, Rehash=0, Collisions=0/0=0%

# Not a target:
GUI.d:
#  A default, MAKEFILES, or -include/sinclude makefile.
#  Implicit rule search has been done.
#  Last modified 2022-06-07 01:56:56
#  File has been updated.
#  Successfully updated.
# variable set hash-table stats:
# Load=0/32=0%, Rehash=0, Collisions=0/0=0%

Entities/../Tiles.hpp:
#  Implicit rule search has not been done.
#  Modification time never checked.
#  File has not been updated.

GUI.hpp:
#  Implicit rule search has been done.
#  Last modified 2022-06-05 22:53:15
#  File has been updated.
#  Successfully updated.
# variable set hash-table stats:
# Load=0/32=0%, Rehash=0, Collisions=0/0=0%

/usr/local/include/SDL2/SDL_config.h:
#  Implicit rule search has been done.
#  Last modified 2022-01-10 15:09:57
#  File has been updated.
#  Successfully updated.
# variable set hash-table stats:
# Load=0/32=0%, Rehash=0, Collisions=0/0=0%

# Not a target:
Log.cpp:
#  Implicit rule search has not been done.
#  Modification time never checked.
#  File has not been updated.

/usr/local/include/SDL2/close_code.h:
#  Implicit rule search has been done.
#  Last modified 2022-01-10 15:09:57
#  File has been updated.
#  Successfully updated.
# variable set hash-table stats:
# Load=0/32=0%, Rehash=0, Collisions=0/0=0%

# Not a target:
Entities/EntityType.d:
#  A default, MAKEFILES, or -include/sinclude makefile.
#  Implicit rule search has been done.
#  Last modified 2022-06-07 01:56:54
#  File has been updated.
#  Successfully updated.
# variable set hash-table stats:
# Load=0/32=0%, Rehash=0, Collisions=0/0=0%

Entities/EntityType.hpp:
#  Implicit rule search has been done.
#  Last modified 2022-06-06 13:30:22
#  File has been updated.
#  Successfully updated.
# variable set hash-table stats:
# Load=0/32=0%, Rehash=0, Collisions=0/0=0%

Entities/../NC/cpp-vectors.hpp:
#  Implicit rule search has been done.
 
#  Last modified 2022-05-24 02:49:38
#  File has been updated.
#  Successfully updated.
# variable set hash-table stats:
# Load=0/32=0%, Rehash=0, Collisions=0/0=0%

# Not a target:
.DEFAULT:
#  Implicit rule search has not been done.
#  Modification time never checked.
#  File has not been updated.

# Not a target:
PlayerControls.d:
#  A default, MAKEFILES, or -include/sinclude makefile.
#  Implicit rule search has been done.
#  Last modified 2022-06-07 01:56:55
#  File has been updated.
#  Successfully updated.
# variable set hash-table stats:
# Load=0/32=0%, Rehash=0, Collisions=0/0=0%

/usr/local/include/SDL2/SDL_messagebox.h:
#  Implicit rule search has been done.
#  Last modified 2022-01-10 15:09:57
#  File has been updated.
#  Successfully updated.
# variable set hash-table stats:
# Load=0/32=0%, Rehash=0, Collisions=0/0=0%

# Not a target:
Entities/ECS.cpp:
#  Implicit rule search has not been done.
#  Modification time never checked.
#  File has not been updated.

# Not a target:
Entities/Components.cpp:
#  Implicit rule search has not been done.
#  Modification time never checked.
#  File has not been updated.

# Not a target:
Chunks.d:
#  A default, MAKEFILES, or -include/sinclude makefile.
#  Implicit rule search has been done.
#  Last modified 2022-06-07 01:56:53
#  File has been updated.
#  Successfully updated.
# variable set hash-table stats:
# Load=0/32=0%, Rehash=0, Collisions=0/0=0%

Chunks.hpp:
#  Implicit rule search has been done.
#  Last modified 2022-06-07 02:29:40
#  File has been updated.
#  Successfully updated.
# variable set hash-table stats:
# Load=0/32=0%, Rehash=0, Collisions=0/0=0%

/usr/local/include/SDL2/SDL_quit.h:
#  Implicit rule search has been done.
#  Last modified 2022-01-10 15:09:57
#  File has been updated.
#  Successfully updated.
# variable set hash-table stats:
# Load=0/32=0%, Rehash=0, Collisions=0/0=0%

Entities/Systems/../../Rendering/Drawing.hpp:
#  Implicit rule search has been done.
#  Last modified 2022-05-31 22:13:49
#  File has been updated.
#  Successfully updated.
# variable set hash-table stats:
# Load=0/32=0%, Rehash=0, Collisions=0/0=0%

Entities/../Entities/Entity.hpp:
#  Implicit rule search has not been done.
#  Modification time never checked.
#  File has not been updated.

Entities/Systems/../EntityType.hpp:
#  Implicit rule search has been done.
#  Last modified 2022-06-06 13:30:22
#  File has been updated.
#  Successfully updated.
# variable set hash-table stats:
# Load=0/32=0%, Rehash=0, Collisions=0/0=0%

clean:
#  Implicit rule search has not been done.
#  Modification time never checked.
#  File has not been updated.
#  commands to execute (from `Makefile', line 50):
	rm -rf $(OBJ_FILES) $(APP)
	rm -f build/game.html
	rm -f build/game.js
	rm -f build/game.wasm
	

# Not a target:
Rendering/Drawing.o:
#  Implicit rule search has not been done.
#  Modification time never checked.
#  File has not been updated.

/usr/local/include/SDL2/SDL_log.h:
#  Implicit rule search has been done.
#  Last modified 2022-01-10 15:09:57
#  File has been updated.
#  Successfully updated.
# variable set hash-table stats:
# Load=0/32=0%, Rehash=0, Collisions=0/0=0%

# Not a target:
GameState.cpp:
#  Implicit rule search has not been done.
#  Modification time never checked.
#  File has not been updated.

# Not a target:
Log.d:
#  A default, MAKEFILES, or -include/sinclude makefile.
#  Implicit rule search has been done.
#  Last modified 2022-06-06 13:20:35
#  File has been updated.
#  Successfully updated.
# variable set hash-table stats:
# Load=0/32=0%, Rehash=0, Collisions=0/0=0%

Log.hpp:
#  Implicit rule search has been done.
#  Last modified 2022-05-23 02:16:21
#  File has been updated.
#  Successfully updated.
# variable set hash-table stats:
# Load=0/32=0%, Rehash=0, Collisions=0/0=0%

/usr/local/include/SDL2/SDL_endian.h:
#  Implicit rule search has been done.
#  Last modified 2022-01-10 15:09:57
#  File has been updated.
#  Successfully updated.
# variable set hash-table stats:
# Load=0/32=0%, Rehash=0, Collisions=0/0=0%

Player.hpp:
#  Implicit rule search has been done.
#  Last modified 2022-06-06 01:38:08
#  File has been updated.
#  Successfully updated.
# variable set hash-table stats:
# Load=0/32=0%, Rehash=0, Collisions=0/0=0%

Items.o: Items.cpp Items.hpp /usr/local/include/SDL2/SDL.h /usr/local/include/SDL2/SDL_main.h /usr/local/include/SDL2/SDL_stdinc.h /usr/local/include/SDL2/SDL_config.h /usr/local/include/SDL2/SDL_platform.h /usr/local/include/SDL2/begin_code.h /usr/local/include/SDL2/close_code.h /usr/local/include/SDL2/SDL_assert.h /usr/local/include/SDL2/SDL_atomic.h /usr/local/include/SDL2/SDL_audio.h /usr/local/include/SDL2/SDL_error.h /usr/local/include/SDL2/SDL_endian.h /usr/local/include/SDL2/SDL_mutex.h /usr/local/include/SDL2/SDL_thread.h /usr/local/include/SDL2/SDL_rwops.h /usr/local/include/SDL2/SDL_clipboard.h /usr/local/include/SDL2/SDL_cpuinfo.h /usr/local/include/SDL2/SDL_events.h /usr/local/include/SDL2/SDL_video.h /usr/local/include/SDL2/SDL_pixels.h /usr/local/include/SDL2/SDL_rect.h /usr/local/include/SDL2/SDL_surface.h /usr/local/include/SDL2/SDL_blendmode.h /usr/local/include/SDL2/SDL_keyboard.h /usr/local/include/SDL2/SDL_keycode.h /usr/local/include/SDL2/SDL_scancode.h /usr/local/include/SDL2/SDL_mouse.h /usr/local/include/SDL2/SDL_joystick.h /usr/local/include/SDL2/SDL_gamecontroller.h /usr/local/include/SDL2/SDL_sensor.h /usr/local/include/SDL2/SDL_quit.h /usr/local/include/SDL2/SDL_gesture.h /usr/local/include/SDL2/SDL_touch.h /usr/local/include/SDL2/SDL_filesystem.h /usr/local/include/SDL2/SDL_haptic.h /usr/local/include/SDL2/SDL_hidapi.h /usr/local/include/SDL2/SDL_hints.h /usr/local/include/SDL2/SDL_loadso.h /usr/local/include/SDL2/SDL_log.h /usr/local/include/SDL2/SDL_messagebox.h /usr/local/include/SDL2/SDL_metal.h /usr/local/include/SDL2/SDL_power.h /usr/local/include/SDL2/SDL_render.h /usr/local/include/SDL2/SDL_shape.h /usr/local/include/SDL2/SDL_system.h /usr/local/include/SDL2/SDL_timer.h /usr/local/include/SDL2/SDL_version.h /usr/local/include/SDL2/SDL_locale.h /usr/local/include/SDL2/SDL_misc.h Log.hpp
#  Implicit rule search has not been done.
#  Modification time never checked.
#  File has not been updated.

Rendering/../NC/colors.h:
#  Implicit rule search has been done.
#  Last modified 2022-05-23 02:52:54
#  File has been updated.
#  Successfully updated.
# variable set hash-table stats:
# Load=0/32=0%, Rehash=0, Collisions=0/0=0%

Entities/SystemsConstants.hpp:
#  Implicit rule search has been done.
#  Last modified 2022-06-06 14:04:17
#  File has been updated.
#  Successfully updated.
# variable set hash-table stats:
# Load=0/32=0%, Rehash=0, Collisions=0/0=0%

/usr/local/include/SDL2/SDL_pixels.h:
#  Implicit rule search has been done.
#  Last modified 2022-01-10 15:09:57
#  File has been updated.
#  Successfully updated.
# variable set hash-table stats:
# Load=0/32=0%, Rehash=0, Collisions=0/0=0%

# Not a target:
Entities/EntitySystem.cpp:
#  Implicit rule search has not been done.
#  Modification time never checked.
#  File has not been updated.

# Not a target:
GameViewport.cpp:
#  Implicit rule search has not been done.
#  Modification time never checked.
#  File has not been updated.

 
Metadata.o: Metadata.cpp Metadata.hpp constants.hpp /usr/local/include/SDL2/SDL_log.h /usr/local/include/SDL2/SDL_stdinc.h /usr/local/include/SDL2/SDL_config.h /usr/local/include/SDL2/SDL_platform.h /usr/local/include/SDL2/begin_code.h /usr/local/include/SDL2/close_code.h /usr/local/include/SDL2/SDL_rect.h /usr/local/include/SDL2/SDL_error.h /usr/local/include/SDL2/SDL_pixels.h /usr/local/include/SDL2/SDL_endian.h /usr/local/include/SDL2/SDL_rwops.h /usr/local/include/SDL2/SDL.h /usr/local/include/SDL2/SDL_main.h /usr/local/include/SDL2/SDL_assert.h /usr/local/include/SDL2/SDL_atomic.h /usr/local/include/SDL2/SDL_audio.h /usr/local/include/SDL2/SDL_mutex.h /usr/local/include/SDL2/SDL_thread.h /usr/local/include/SDL2/SDL_clipboard.h /usr/local/include/SDL2/SDL_cpuinfo.h /usr/local/include/SDL2/SDL_events.h /usr/local/include/SDL2/SDL_video.h /usr/local/include/SDL2/SDL_surface.h /usr/local/include/SDL2/SDL_blendmode.h /usr/local/include/SDL2/SDL_keyboard.h /usr/local/include/SDL2/SDL_keycode.h /usr/local/include/SDL2/SDL_scancode.h /usr/local/include/SDL2/SDL_mouse.h /usr/local/include/SDL2/SDL_joystick.h /usr/local/include/SDL2/SDL_gamecontroller.h /usr/local/include/SDL2/SDL_sensor.h /usr/local/include/SDL2/SDL_quit.h /usr/local/include/SDL2/SDL_gesture.h /usr/local/include/SDL2/SDL_touch.h /usr/local/include/SDL2/SDL_filesystem.h /usr/local/include/SDL2/SDL_haptic.h /usr/local/include/SDL2/SDL_hidapi.h /usr/local/include/SDL2/SDL_hints.h /usr/local/include/SDL2/SDL_loadso.h /usr/local/include/SDL2/SDL_messagebox.h /usr/local/include/SDL2/SDL_metal.h /usr/local/include/SDL2/SDL_power.h /usr/local/include/SDL2/SDL_render.h /usr/local/include/SDL2/SDL_shape.h /usr/local/include/SDL2/SDL_system.h /usr/local/include/SDL2/SDL_timer.h /usr/local/include/SDL2/SDL_version.h /usr/local/include/SDL2/SDL_locale.h /usr/local/include/SDL2/SDL_misc.h
#  Implicit rule search has not been done.
#  Modification time never checked.
#  File has not been updated.

/usr/local/include/SDL2/SDL_surface.h:
#  Implicit rule search has been done.
#  Last modified 2022-01-10 15:09:57
#  File has been updated.
#  Successfully updated.
# variable set hash-table stats:
# Load=0/32=0%, Rehash=0, Collisions=0/0=0%

# Not a target:
Entities/ECS.d:
#  A default, MAKEFILES, or -include/sinclude makefile.
#  Implicit rule search has been done.
#  Last modified 2022-06-07 01:56:58
#  File has been updated.
#  Successfully updated.
# variable set hash-table stats:
# Load=0/32=0%, Rehash=0, Collisions=0/0=0%

Entities/ECS.hpp:
#  Implicit rule search has been done.
#  Last modified 2022-06-06 13:16:05
#  File has been updated.
#  Successfully updated.
# variable set hash-table stats:
# Load=0/32=0%, Rehash=0, Collisions=0/0=0%

# Not a target:
Entities/Components.d:
#  A default, MAKEFILES, or -include/sinclude makefile.
#  Implicit rule search has been done.
#  Last modified 2022-06-07 01:57:01
#  File has been updated.
#  Successfully updated.
# variable set hash-table stats:
# Load=0/32=0%, Rehash=0, Collisions=0/0=0%

/usr/local/include/SDL2/SDL_mouse.h:
#  Implicit rule search has been done.
#  Last modified 2022-01-10 15:09:57
#  File has been updated.
#  Successfully updated.
# variable set hash-table stats:
# Load=0/32=0%, Rehash=0, Collisions=0/0=0%

Entities/EntityManager.hpp:
#  Implicit rule search has been done.
#  Last modified 2022-06-06 12:54:52
#  File has been updated.
#  Successfully updated.
# variable set hash-table stats:
# Load=0/32=0%, Rehash=0, Collisions=0/0=0%

Entities/Components.hpp:
#  Implicit rule search has been done.
#  Last modified 2022-06-07 02:20:05
#  File has been updated.
#  Successfully updated.
# variable set hash-table stats:
# Load=0/32=0%, Rehash=0, Collisions=0/0=0%

/usr/local/include/SDL2/SDL.h:
#  Implicit rule search has been done.
#  Last modified 2022-01-10 15:09:57
#  File has been updated.
#  Successfully updated.
# variable set hash-table stats:
# Load=0/32=0%, Rehash=0, Collisions=0/0=0%

# Not a target:
GameState.d:
#  A default, MAKEFILES, or -include/sinclude makefile.
#  Implicit rule search has been done.
#  Last modified 2022-06-07 01:57:03
#  File has been updated.
#  Successfully updated.
# variable set hash-table stats:
# Load=0/32=0%, Rehash=0, Collisions=0/0=0%

GameState.hpp:
#  Implicit rule search has been done.
#  Last modified 2022-06-02 21:18:49
#  File has been updated.
#  Successfully updated.
# variable set hash-table stats:
# Load=0/32=0%, Rehash=0, Collisions=0/0=0%

/usr/local/include/SDL2/SDL_gesture.h:
#  Implicit rule search has been done.
#  Last modified 2022-01-10 15:09:57
#  File has been updated.
#  Successfully updated.
# variable set hash-table stats:
# Load=0/32=0%, Rehash=0, Collisions=0/0=0%

GUI.o: GUI.cpp GUI.hpp /usr/local/include/SDL2/SDL.h /usr/local/include/SDL2/SDL_main.h /usr/local/include/SDL2/SDL_stdinc.h /usr/local/include/SDL2/SDL_config.h /usr/local/include/SDL2/SDL_platform.h /usr/local/include/SDL2/begin_code.h /usr/local/include/SDL2/close_code.h /usr/local/include/SDL2/SDL_assert.h /usr/local/include/SDL2/SDL_atomic.h /usr/local/include/SDL2/SDL_audio.h /usr/local/include/SDL2/SDL_error.h /usr/local/include/SDL2/SDL_endian.h /usr/local/include/SDL2/SDL_mutex.h /usr/local/include/SDL2/SDL_thread.h /usr/local/include/SDL2/SDL_rwops.h /usr/local/include/SDL2/SDL_clipboard.h /usr/local/include/SDL2/SDL_cpuinfo.h /usr/local/include/SDL2/SDL_events.h /usr/local/include/SDL2/SDL_video.h /usr/local/include/SDL2/SDL_pixels.h /usr/local/include/SDL2/SDL_rect.h /usr/local/include/SDL2/SDL_surface.h /usr/local/include/SDL2/SDL_blendmode.h /usr/local/include/SDL2/SDL_keyboard.h /usr/local/include/SDL2/SDL_keycode.h /usr/local/include/SDL2/SDL_scancode.h /usr/local/include/SDL2/SDL_mouse.h /usr/local/include/SDL2/SDL_joystick.h /usr/local/include/SDL2/SDL_gamecontroller.h /usr/local/include/SDL2/SDL_sensor.h /usr/local/include/SDL2/SDL_quit.h /usr/local/include/SDL2/SDL_gesture.h /usr/local/include/SDL2/SDL_touch.h /usr/local/include/SDL2/SDL_filesystem.h /usr/local/include/SDL2/SDL_haptic.h /usr/local/include/SDL2/SDL_hidapi.h /usr/local/include/SDL2/SDL_hints.h /usr/local/include/SDL2/SDL_loadso.h /usr/local/include/SDL2/SDL_log.h /usr/local/include/SDL2/SDL_messagebox.h /usr/local/include/SDL2/SDL_metal.h /usr/local/include/SDL2/SDL_power.h /usr/local/include/SDL2/SDL_render.h /usr/local/include/SDL2/SDL_shape.h /usr/local/include/SDL2/SDL_system.h /usr/local/include/SDL2/SDL_timer.h /usr/local/include/SDL2/SDL_version.h /usr/local/include/SDL2/SDL_locale.h /usr/local/include/SDL2/SDL_misc.h constants.hpp Rendering/Drawing.hpp Rendering/../GameState.hpp Textures.hpp /usr/local/Cellar/sdl2_image/2.0.5/include/SDL2/SDL_image.h SDL_FontCache/SDL_FontCache.h /usr/local/include/SDL2/SDL_ttf.h NC/cpp-vectors.hpp NC/vectors.h NC/utils.h Tiles.hpp NC/colors.h Items.hpp Log.hpp Entities/Entity.hpp Entities/Component.hpp Entities/../ComponentMetadata/macro.hpp Entities/../ComponentMetadata/getID.hpp Entities/../Log.hpp Entities/../constants.hpp Chunks.hpp Player.hpp Entities/Entities.hpp Entities/ECS.hpp Entities/../NC/cpp-vectors.hpp Entities/../Textures.hpp Entities/SystemsConstants.hpp Entities/EntityManager.hpp Entities/ComponentPool.hpp Entities/../ComponentMetadata/component.hpp Entities/../ComponentMetadata/componentDecl.hpp Entities/../ComponentMetadata/_componentIDs.hpp Entities/EntitySystemInterface.hpp Entities/../Chunks.hpp Entities/Components.hpp Entities/../Items.hpp Entities/EntityType.hpp GameViewport.hpp Rendering/../GameViewport.hpp NC/SDLContext.h
#  Implicit rule search has not been done.
#  Modification time never checked.
#  File has not been updated.

/usr/local/include/SDL2/SDL_atomic.h:
#  Implicit rule search has been done.
#  Last modified 2022-01-10 15:09:57
#  File has been updated.
#  Successfully updated.
# variable set hash-table stats:
# Load=0/32=0%, Rehash=0, Collisions=0/0=0%

# Not a target:
Tiles.cpp:
#  Implicit rule search has not been done.
#  Modification time never checked.
#  File has not been updated.

deploy:
#  Implicit rule search has not been done.
#  Modification time never checked.
#  File has not been updated.
 
#  commands to execute (from `Makefile', line 61):
	cd "/Users/melaniewilson/Faketorio/ComponentMetadata/" && g++ -std=c++17 parse.cpp -o parse && "/Users/melaniewilson/Faketorio/ComponentMetadata/"parse
	make
	./exe
	

/usr/local/include/SDL2/SDL_audio.h:
#  Implicit rule search has been done.
#  Last modified 2022-01-10 15:09:57
#  File has been updated.
#  Successfully updated.
# variable set hash-table stats:
# Load=0/32=0%, Rehash=0, Collisions=0/0=0%

# Not a target:
Textures.cpp:
#  Implicit rule search has not been done.
#  Modification time never checked.
#  File has not been updated.

Entities/Systems/../ECS.hpp:
#  Implicit rule search has been done.
#  Last modified 2022-06-06 13:16:05
#  File has been updated.
#  Successfully updated.
# variable set hash-table stats:
# Load=0/32=0%, Rehash=0, Collisions=0/0=0%

/usr/local/include/SDL2/SDL_joystick.h:
#  Implicit rule search has been done.
#  Last modified 2022-01-10 15:09:57
#  File has been updated.
#  Successfully updated.
# variable set hash-table stats:
# Load=0/32=0%, Rehash=0, Collisions=0/0=0%

Entities/EntityType.o: Entities/EntityType.cpp Entities/EntityType.hpp Entities/Entity.hpp Entities/Component.hpp Entities/../ComponentMetadata/macro.hpp Entities/../ComponentMetadata/getID.hpp Entities/../Log.hpp /usr/local/include/SDL2/SDL_log.h /usr/local/include/SDL2/SDL_stdinc.h /usr/local/include/SDL2/SDL_config.h /usr/local/include/SDL2/SDL_platform.h /usr/local/include/SDL2/begin_code.h /usr/local/include/SDL2/close_code.h Entities/../constants.hpp /usr/local/include/SDL2/SDL_rect.h /usr/local/include/SDL2/SDL_error.h /usr/local/include/SDL2/SDL_pixels.h /usr/local/include/SDL2/SDL_endian.h /usr/local/include/SDL2/SDL_rwops.h Entities/ECS.hpp /usr/local/include/SDL2/SDL.h /usr/local/include/SDL2/SDL_main.h /usr/local/include/SDL2/SDL_assert.h /usr/local/include/SDL2/SDL_atomic.h /usr/local/include/SDL2/SDL_audio.h /usr/local/include/SDL2/SDL_mutex.h /usr/local/include/SDL2/SDL_thread.h /usr/local/include/SDL2/SDL_clipboard.h /usr/local/include/SDL2/SDL_cpuinfo.h /usr/local/include/SDL2/SDL_events.h /usr/local/include/SDL2/SDL_video.h /usr/local/include/SDL2/SDL_surface.h /usr/local/include/SDL2/SDL_blendmode.h /usr/local/include/SDL2/SDL_keyboard.h /usr/local/include/SDL2/SDL_keycode.h /usr/local/include/SDL2/SDL_scancode.h /usr/local/include/SDL2/SDL_mouse.h /usr/local/include/SDL2/SDL_joystick.h /usr/local/include/SDL2/SDL_gamecontroller.h /usr/local/include/SDL2/SDL_sensor.h /usr/local/include/SDL2/SDL_quit.h /usr/local/include/SDL2/SDL_gesture.h /usr/local/include/SDL2/SDL_touch.h /usr/local/include/SDL2/SDL_filesystem.h /usr/local/include/SDL2/SDL_haptic.h /usr/local/include/SDL2/SDL_hidapi.h /usr/local/include/SDL2/SDL_hints.h /usr/local/include/SDL2/SDL_loadso.h /usr/local/include/SDL2/SDL_messagebox.h /usr/local/include/SDL2/SDL_metal.h /usr/local/include/SDL2/SDL_power.h /usr/local/include/SDL2/SDL_render.h /usr/local/include/SDL2/SDL_shape.h /usr/local/include/SDL2/SDL_system.h /usr/local/include/SDL2/SDL_timer.h /usr/local/include/SDL2/SDL_version.h /usr/local/include/SDL2/SDL_locale.h /usr/local/include/SDL2/SDL_misc.h Entities/../NC/cpp-vectors.hpp Entities/../NC/vectors.h Entities/../Textures.hpp /usr/local/Cellar/sdl2_image/2.0.5/include/SDL2/SDL_image.h Entities/../SDL_FontCache/SDL_FontCache.h /usr/local/include/SDL2/SDL_ttf.h Entities/SystemsConstants.hpp Entities/EntityManager.hpp Entities/ComponentPool.hpp Entities/../ComponentMetadata/component.hpp Entities/../ComponentMetadata/componentDecl.hpp Entities/../ComponentMetadata/_componentIDs.hpp Entities/EntitySystemInterface.hpp Entities/../Chunks.hpp Entities/../Tiles.hpp Entities/../NC/colors.h Entities/../Items.hpp Entities/../Entities/Entity.hpp
#  Implicit rule search has not been done.
#  Modification time never checked.
#  File has not been updated.

Entities/Component.hpp:
#  Implicit rule search has been done.
#  Last modified 2022-06-02 18:03:06
#  File has been updated.
#  Successfully updated.
# variable set hash-table stats:
# Load=0/32=0%, Rehash=0, Collisions=0/0=0%

# Not a target:
Debug.cpp:
#  Implicit rule search has not been done.
#  Modification time never checked.
#  File has not been updated.

# Not a target:
Entities/EntitySystem.d:
#  A default, MAKEFILES, or -include/sinclude makefile.
#  Implicit rule search has been done.
#  Last modified 2022-06-07 01:56:58
#  File has been updated.
#  Successfully updated.
# variable set hash-table stats:
# Load=0/32=0%, Rehash=0, Collisions=0/0=0%

/usr/local/include/SDL2/SDL_power.h:
#  Implicit rule search has been done.
#  Last modified 2022-01-10 15:09:57
#  File has been updated.
#  Successfully updated.
# variable set hash-table stats:
# Load=0/32=0%, Rehash=0, Collisions=0/0=0%

Entities/EntitySystem.hpp:
#  Implicit rule search has not been done.
#  Modification time never checked.
#  File has not been updated.

Entities/../ComponentMetadata/componentDecl.hpp:
#  Implicit rule search has been done.
#  Last modified 2022-06-07 01:56:50
#  File has been updated.
#  Successfully updated.
# variable set hash-table stats:
# Load=0/32=0%, Rehash=0, Collisions=0/0=0%

Entities/../ComponentMetadata/macro.hpp:
#  Implicit rule search has been done.
#  Last modified 2022-06-07 01:56:50
#  File has been updated.
#  Successfully updated.
# variable set hash-table stats:
# Load=0/32=0%, Rehash=0, Collisions=0/0=0%

NC/colors.h:
#  Implicit rule search has been done.
#  Last modified 2022-05-23 02:52:54
#  File has been updated.
#  Successfully updated.
# variable set hash-table stats:
# Load=0/32=0%, Rehash=0, Collisions=0/0=0%

# Not a target:
Rendering/Drawing.d):
#  A default, MAKEFILES, or -include/sinclude makefile.
#  Implicit rule search has been done.
#  File does not exist.
#  File has been updated.
#  Failed to be updated.
# variable set hash-table stats:
# Load=0/32=0%, Rehash=0, Collisions=0/0=0%

# Not a target:
GameViewport.d:
#  A default, MAKEFILES, or -include/sinclude makefile.
#  Implicit rule search has been done.
#  Last modified 2022-06-06 13:20:35
#  File has been updated.
#  Successfully updated.
# variable set hash-table stats:
# Load=0/32=0%, Rehash=0, Collisions=0/0=0%

GameViewport.hpp:
#  Implicit rule search has been done.
#  Last modified 2022-05-23 02:02:52
#  File has been updated.
#  Successfully updated.
# variable set hash-table stats:
# Load=0/32=0%, Rehash=0, Collisions=0/0=0%

/usr/local/include/SDL2/SDL_mutex.h:
#  Implicit rule search has been done.
#  Last modified 2022-01-10 15:09:57
#  File has been updated.
#  Successfully updated.
# variable set hash-table stats:
# Load=0/32=0%, Rehash=0, Collisions=0/0=0%

buildNC:
#  Implicit rule search has not been done.
#  Modification time never checked.
#  File has not been updated.
#  commands to execute (from `Makefile', line 66):
	(cd NC && make all)
	

Entities/../NC/vectors.h:
#  Implicit rule search has not been done.
#  Modification time never checked.
#  File has not been updated.

# Not a target:
Items.cpp:
#  Implicit rule search has not been done.
#  Modification time never checked.
#  File has not been updated.

# Not a target:
Entities/Entity.cpp:
#  Implicit rule search has not been done.
#  Modification time never checked.
#  File has not been updated.

NC/SDLContext.h:
#  Implicit rule search has been done.
#  Last modified 2022-05-08 01:01:18
#  File has been updated.
#  Successfully updated.
# variable set hash-table stats:
# Load=0/32=0%, Rehash=0, Collisions=0/0=0%

Entities/Systems/../../Rendering/../GameState.hpp:
#  Implicit rule search has not been done.
#  Modification time never checked.
#  File has not been updated.

 
Chunks.o: Chunks.cpp Tiles.hpp constants.hpp /usr/local/include/SDL2/SDL_log.h /usr/local/include/SDL2/SDL_stdinc.h /usr/local/include/SDL2/SDL_config.h /usr/local/include/SDL2/SDL_platform.h /usr/local/include/SDL2/begin_code.h /usr/local/include/SDL2/close_code.h /usr/local/include/SDL2/SDL_rect.h /usr/local/include/SDL2/SDL_error.h /usr/local/include/SDL2/SDL_pixels.h /usr/local/include/SDL2/SDL_endian.h /usr/local/include/SDL2/SDL_rwops.h NC/colors.h /usr/local/include/SDL2/SDL.h /usr/local/include/SDL2/SDL_main.h /usr/local/include/SDL2/SDL_assert.h /usr/local/include/SDL2/SDL_atomic.h /usr/local/include/SDL2/SDL_audio.h /usr/local/include/SDL2/SDL_mutex.h /usr/local/include/SDL2/SDL_thread.h /usr/local/include/SDL2/SDL_clipboard.h /usr/local/include/SDL2/SDL_cpuinfo.h /usr/local/include/SDL2/SDL_events.h /usr/local/include/SDL2/SDL_video.h /usr/local/include/SDL2/SDL_surface.h /usr/local/include/SDL2/SDL_blendmode.h /usr/local/include/SDL2/SDL_keyboard.h /usr/local/include/SDL2/SDL_keycode.h /usr/local/include/SDL2/SDL_scancode.h /usr/local/include/SDL2/SDL_mouse.h /usr/local/include/SDL2/SDL_joystick.h /usr/local/include/SDL2/SDL_gamecontroller.h /usr/local/include/SDL2/SDL_sensor.h /usr/local/include/SDL2/SDL_quit.h /usr/local/include/SDL2/SDL_gesture.h /usr/local/include/SDL2/SDL_touch.h /usr/local/include/SDL2/SDL_filesystem.h /usr/local/include/SDL2/SDL_haptic.h /usr/local/include/SDL2/SDL_hidapi.h /usr/local/include/SDL2/SDL_hints.h /usr/local/include/SDL2/SDL_loadso.h /usr/local/include/SDL2/SDL_messagebox.h /usr/local/include/SDL2/SDL_metal.h /usr/local/include/SDL2/SDL_power.h /usr/local/include/SDL2/SDL_render.h /usr/local/include/SDL2/SDL_shape.h /usr/local/include/SDL2/SDL_system.h /usr/local/include/SDL2/SDL_timer.h /usr/local/include/SDL2/SDL_version.h /usr/local/include/SDL2/SDL_locale.h /usr/local/include/SDL2/SDL_misc.h Textures.hpp /usr/local/Cellar/sdl2_image/2.0.5/include/SDL2/SDL_image.h SDL_FontCache/SDL_FontCache.h /usr/local/include/SDL2/SDL_ttf.h Items.hpp Log.hpp Entities/Entity.hpp Entities/Component.hpp Entities/../ComponentMetadata/macro.hpp Entities/../ComponentMetadata/getID.hpp Entities/../Log.hpp Entities/../constants.hpp Chunks.hpp NC/cpp-vectors.hpp NC/vectors.h
#  Implicit rule search has not been done.
#  Modification time never checked.
#  File has not been updated.

Rendering/../GUI.hpp:
#  Implicit rule search has been done.
#  Last modified 2022-06-05 22:53:15
#  File has been updated.
#  Successfully updated.
# variable set hash-table stats:
# Load=0/32=0%, Rehash=0, Collisions=0/0=0%

Rendering/Drawing.hpp:
#  Implicit rule search has been done.
#  Last modified 2022-05-31 22:13:49
#  File has been updated.
#  Successfully updated.
# variable set hash-table stats:
# Load=0/32=0%, Rehash=0, Collisions=0/0=0%

/usr/local/include/SDL2/SDL_thread.h:
#  Implicit rule search has been done.
#  Last modified 2022-01-10 15:09:57
#  File has been updated.
#  Successfully updated.
# variable set hash-table stats:
# Load=0/32=0%, Rehash=0, Collisions=0/0=0%

Entities/Systems/../EntitySystem.hpp:
#  Implicit rule search has been done.
#  Last modified 2022-06-06 13:09:40
#  File has been updated.
#  Successfully updated.
# variable set hash-table stats:
# Load=0/32=0%, Rehash=0, Collisions=0/0=0%

/usr/local/include/SDL2/SDL_render.h:
#  Implicit rule search has been done.
#  Last modified 2022-01-10 15:09:57
#  File has been updated.
#  Successfully updated.
# variable set hash-table stats:
# Load=0/32=0%, Rehash=0, Collisions=0/0=0%

# Not a target:
Tiles.d:
#  A default, MAKEFILES, or -include/sinclude makefile.
#  Implicit rule search has been done.
#  Last modified 2022-06-07 01:57:01
#  File has been updated.
#  Successfully updated.
# variable set hash-table stats:
# Load=0/32=0%, Rehash=0, Collisions=0/0=0%

Log.o: Log.cpp Log.hpp /usr/local/include/SDL2/SDL_log.h /usr/local/include/SDL2/SDL_stdinc.h /usr/local/include/SDL2/SDL_config.h /usr/local/include/SDL2/SDL_platform.h /usr/local/include/SDL2/begin_code.h /usr/local/include/SDL2/close_code.h
#  Implicit rule search has not been done.
#  Modification time never checked.
#  File has not been updated.

Tiles.hpp:
#  Implicit rule search has been done.
#  Last modified 2022-06-06 13:42:49
#  File has been updated.
#  Successfully updated.
# variable set hash-table stats:
# Load=0/32=0%, Rehash=0, Collisions=0/0=0%

Entities/Systems/../../constants.hpp:
#  Implicit rule search has been done.
#  Last modified 2022-06-02 15:11:46
#  File has been updated.
#  Successfully updated.
# variable set hash-table stats:
# Load=0/32=0%, Rehash=0, Collisions=0/0=0%

Entities/ComponentPool.hpp:
#  Implicit rule search has been done.
#  Last modified 2022-06-06 13:19:54
#  File has been updated.
#  Successfully updated.
# variable set hash-table stats:
# Load=0/32=0%, Rehash=0, Collisions=0/0=0%

# files hash-table stats:
# Load=208/1024=20%, Rehash=0, Collisions=207/2492=8%
# VPATH Search Paths

# No `vpath' search paths.

# No general (`VPATH' variable) search path.

# # of strings in strcache: 23
# # of strcache buffers: 1
# strcache size: total = 4096 / max = 4096 / min = 4096 / avg = 4096
# strcache free: total = 3759 / max = 3759 / min = 3759 / avg = 3759

# Finished Make data base on Wed Jun  8 14:37:37 2022

 
